<?xml version="1.0" encoding="UTF-8"?>
<!-- Generated by org.testng.reporters.JUnitXMLReporter -->
<testsuite ignored="0" hostname="BF0035470123" failures="0" tests="3" name="Default test" time="38.545" errors="0" timestamp="2024-09-26T15:47:29 IST">
  <testcase classname="com.befreebdms.qa.myprofile.MyHolidayWorking" name="verifyAddRecordForHolidayWorking" time="4.225"/>
  <testcase classname="com.befreebdms.qa.myprofile.MyHolidayWorking" name="verifyAddRecordrHolidayWorking" time="3.918"/>
  <testcase classname="com.befreebdms.qa.myprofile.MyHolidayWorking" name="verifyDeleteRecordHolidayWorking" time="1.134"/>
</testsuite> <!-- Default test -->
