<?xml version="1.0" encoding="UTF-8"?>
<!-- Generated by org.testng.reporters.JUnitXMLReporter -->
<testsuite ignored="3" hostname="BF0020530413" failures="0" tests="1" name="Default test" time="26.322" errors="0" timestamp="2024-09-13T09:08:17 IST">
  <testcase classname="com.befreebdms.qa.myprofile.ApplyLeave" name="verifyApplyCasualLeave" time="11.959"/>
  <testcase classname="com.befreebdms.qa.myprofile.ApplyLeave" name="verifyApplySickLeave" time="0.0">
    <ignored/>
  </testcase> <!-- verifyApplySickLeave -->
  <testcase classname="com.befreebdms.qa.myprofile.ApplyLeave" name="verifyApplyMaternityLeave" time="0.0">
    <ignored/>
  </testcase> <!-- verifyApplyMaternityLeave -->
  <testcase classname="com.befreebdms.qa.myprofile.ApplyLeave" name="verifyApplyCompOffLeave" time="0.0">
    <ignored/>
  </testcase> <!-- verifyApplyCompOffLeave -->
</testsuite> <!-- Default test -->
