<?xml version="1.0" encoding="UTF-8"?>
<!-- Generated by org.testng.reporters.JUnitXMLReporter -->
<testsuite ignored="0" hostname="BF0035470123" failures="3" tests="56" name="Test" time="535.375" errors="0" timestamp="2024-10-07T17:08:19 IST">
  <testcase classname="com.befreebdms.qa.myprofile.MyHolidayWorking" name="@AfterMethod tearDown" time="1.11">
    <failure type="org.openqa.selenium.ElementClickInterceptedException" message="element click intercepted: Element &amp;lt;button _ngcontent-ng-c3524598770=&amp;quot;&amp;quot; type=&amp;quot;button&amp;quot; pstyleclass=&amp;quot;@next&amp;quot; enterclass=&amp;quot;hidden&amp;quot; enteractiveclass=&amp;quot;scalein&amp;quot; leavetoclass=&amp;quot;hidden&amp;quot; leaveactiveclass=&amp;quot;fadeout&amp;quot; class=&amp;quot;p-element topbar-profile-button p-button p-button-text p-button-raised&amp;quot;&amp;gt;...&amp;lt;/button&amp;gt; is not clickable at point (1279, 31). Other element would receive the click: &amp;lt;div class=&amp;quot;p-dialog-header ng-tns-c647991600-53 ng-star-inserted&amp;quot; style=&amp;quot;&amp;quot;&amp;gt;...&amp;lt;/div&amp;gt;
  (Session info: chrome=129.0.6668.90)
Build info: version: &amp;apos;4.4.0&amp;apos;, revision: &amp;apos;e5c75ed026a&amp;apos;
System info: host: &amp;apos;BF0035470123&amp;apos;, ip: &amp;apos;10.60.12.31&amp;apos;, os.name: &amp;apos;Windows 11&amp;apos;, os.arch: &amp;apos;amd64&amp;apos;, os.version: &amp;apos;10.0&amp;apos;, java.version: &amp;apos;22.0.2&amp;apos;
Driver info: org.openqa.selenium.chrome.ChromeDriver
Command: [65e0dc428a7d8d3e07617df04c7dae1c, clickElement {id=f.8288A56F12EAB863A0AF53033757A8DA.d.FD5BD0F2DB0B78ADD3825F1607A84087.e.60}]
Capabilities {acceptInsecureCerts: false, browserName: chrome, browserVersion: 129.0.6668.90, chrome: {chromedriverVersion: 129.0.6668.89 (951c0b97221f..., userDataDir: C:\Users\nagnath.g\AppData\...}, fedcm:accounts: true, goog:chromeOptions: {debuggerAddress: localhost:59441}, networkConnectionEnabled: false, pageLoadStrategy: normal, platformName: WINDOWS, proxy: Proxy(), se:cdp: ws://localhost:59441/devtoo..., se:cdpVersion: 129.0.6668.90, setWindowRect: true, strictFileInteractability: false, timeouts: {implicit: 0, pageLoad: 300000, script: 30000}, unhandledPromptBehavior: dismiss and notify, webauthn:extension:credBlob: true, webauthn:extension:largeBlob: true, webauthn:extension:minPinLength: true, webauthn:extension:prf: true, webauthn:virtualAuthenticators: true}
Element: [[ChromeDriver: chrome on WINDOWS (65e0dc428a7d8d3e07617df04c7dae1c)] -&amp;gt; xpath: //button[@pstyleclass=&amp;apos;@next&amp;apos;]]
Session ID: 65e0dc428a7d8d3e07617df04c7dae1c">
      <![CDATA[org.openqa.selenium.ElementClickInterceptedException: element click intercepted: Element <button _ngcontent-ng-c3524598770="" type="button" pstyleclass="@next" enterclass="hidden" enteractiveclass="scalein" leavetoclass="hidden" leaveactiveclass="fadeout" class="p-element topbar-profile-button p-button p-button-text p-button-raised">...</button> is not clickable at point (1279, 31). Other element would receive the click: <div class="p-dialog-header ng-tns-c647991600-53 ng-star-inserted" style="">...</div>
  (Session info: chrome=129.0.6668.90)
Build info: version: '4.4.0', revision: 'e5c75ed026a'
System info: host: 'BF0035470123', ip: '10.60.12.31', os.name: 'Windows 11', os.arch: 'amd64', os.version: '10.0', java.version: '22.0.2'
Driver info: org.openqa.selenium.chrome.ChromeDriver
Command: [65e0dc428a7d8d3e07617df04c7dae1c, clickElement {id=f.8288A56F12EAB863A0AF53033757A8DA.d.FD5BD0F2DB0B78ADD3825F1607A84087.e.60}]
Capabilities {acceptInsecureCerts: false, browserName: chrome, browserVersion: 129.0.6668.90, chrome: {chromedriverVersion: 129.0.6668.89 (951c0b97221f..., userDataDir: C:\Users\nagnath.g\AppData\...}, fedcm:accounts: true, goog:chromeOptions: {debuggerAddress: localhost:59441}, networkConnectionEnabled: false, pageLoadStrategy: normal, platformName: WINDOWS, proxy: Proxy(), se:cdp: ws://localhost:59441/devtoo..., se:cdpVersion: 129.0.6668.90, setWindowRect: true, strictFileInteractability: false, timeouts: {implicit: 0, pageLoad: 300000, script: 30000}, unhandledPromptBehavior: dismiss and notify, webauthn:extension:credBlob: true, webauthn:extension:largeBlob: true, webauthn:extension:minPinLength: true, webauthn:extension:prf: true, webauthn:virtualAuthenticators: true}
Element: [[ChromeDriver: chrome on WINDOWS (65e0dc428a7d8d3e07617df04c7dae1c)] -> xpath: //button[@pstyleclass='@next']]
Session ID: 65e0dc428a7d8d3e07617df04c7dae1c
at org.openqa.selenium.remote.ErrorCodec.decode(ErrorCodec.java:167)
at org.openqa.selenium.remote.codec.w3c.W3CHttpResponseCodec.decode(W3CHttpResponseCodec.java:138)
at org.openqa.selenium.remote.codec.w3c.W3CHttpResponseCodec.decode(W3CHttpResponseCodec.java:50)
at org.openqa.selenium.remote.HttpCommandExecutor.execute(HttpCommandExecutor.java:190)
at org.openqa.selenium.remote.service.DriverCommandExecutor.invokeExecute(DriverCommandExecutor.java:216)
at org.openqa.selenium.remote.service.DriverCommandExecutor.execute(DriverCommandExecutor.java:174)
at org.openqa.selenium.remote.RemoteWebDriver.execute(RemoteWebDriver.java:519)
at org.openqa.selenium.remote.RemoteWebElement.execute(RemoteWebElement.java:223)
at org.openqa.selenium.remote.RemoteWebElement.click(RemoteWebElement.java:76)
at org.openqa.selenium.support.pagefactory.internal.LocatingElementHandler.invoke(LocatingElementHandler.java:51)
at jdk.proxy2/jdk.proxy2.$Proxy15.click(Unknown Source)
at com.bdms.qa.pageobject.HomePage.clickOnLogout(HomePage.java:76)
at com.befreebdms.qa.myprofile.MyHolidayWorking.tearDown(MyHolidayWorking.java:43)
at java.base/java.util.ArrayList.forEach(ArrayList.java:1597)
... Removed 35 stack frames]]>
    </failure>
  </testcase> <!-- @AfterMethod tearDown -->
  <testcase classname="com.befreebdms.qa.myprofile.MyHolidayWorking" name="@BeforeMethod setUp" time="0.0">
    <skipped/>
  </testcase> <!-- @BeforeMethod setUp -->
  <testcase classname="com.befreebdms.qa.myprofile.MyHolidayWorking" name="@AfterMethod tearDown" time="0.0">
    <skipped/>
  </testcase> <!-- @AfterMethod tearDown -->
  <testcase classname="com.befreebdms.qa.administrator.FoodMaster" name="@AfterMethod tearDown" time="1.156">
    <failure type="org.openqa.selenium.ElementClickInterceptedException" message="element click intercepted: Element &amp;lt;button _ngcontent-ng-c3524598770=&amp;quot;&amp;quot; type=&amp;quot;button&amp;quot; pstyleclass=&amp;quot;@next&amp;quot; enterclass=&amp;quot;hidden&amp;quot; enteractiveclass=&amp;quot;scalein&amp;quot; leavetoclass=&amp;quot;hidden&amp;quot; leaveactiveclass=&amp;quot;fadeout&amp;quot; class=&amp;quot;p-element topbar-profile-button p-button p-button-text p-button-raised&amp;quot;&amp;gt;...&amp;lt;/button&amp;gt; is not clickable at point (1285, 27). Other element would receive the click: &amp;lt;div class=&amp;quot;ng-tns-c647991600-222 p-dialog-mask p-component-overlay p-component-overlay-enter p-dialog-mask-scrollblocker&amp;quot; style=&amp;quot;z-index: 3204;&amp;quot;&amp;gt;...&amp;lt;/div&amp;gt;
  (Session info: chrome=129.0.6668.90)
Build info: version: &amp;apos;4.4.0&amp;apos;, revision: &amp;apos;e5c75ed026a&amp;apos;
System info: host: &amp;apos;BF0035470123&amp;apos;, ip: &amp;apos;10.60.12.31&amp;apos;, os.name: &amp;apos;Windows 11&amp;apos;, os.arch: &amp;apos;amd64&amp;apos;, os.version: &amp;apos;10.0&amp;apos;, java.version: &amp;apos;22.0.2&amp;apos;
Driver info: org.openqa.selenium.chrome.ChromeDriver
Command: [54dcd51b7533a7fcbbe39ec0ae1fae67, clickElement {id=f.3E70475808254645BBE48EB13D684A19.d.A0EACC7B64180E0AF083BF34A5E456EB.e.192}]
Capabilities {acceptInsecureCerts: false, browserName: chrome, browserVersion: 129.0.6668.90, chrome: {chromedriverVersion: 129.0.6668.89 (951c0b97221f..., userDataDir: C:\Users\nagnath.g\AppData\...}, fedcm:accounts: true, goog:chromeOptions: {debuggerAddress: localhost:60299}, networkConnectionEnabled: false, pageLoadStrategy: normal, platformName: WINDOWS, proxy: Proxy(), se:cdp: ws://localhost:60299/devtoo..., se:cdpVersion: 129.0.6668.90, setWindowRect: true, strictFileInteractability: false, timeouts: {implicit: 0, pageLoad: 300000, script: 30000}, unhandledPromptBehavior: dismiss and notify, webauthn:extension:credBlob: true, webauthn:extension:largeBlob: true, webauthn:extension:minPinLength: true, webauthn:extension:prf: true, webauthn:virtualAuthenticators: true}
Element: [[ChromeDriver: chrome on WINDOWS (54dcd51b7533a7fcbbe39ec0ae1fae67)] -&amp;gt; xpath: //button[@pstyleclass=&amp;apos;@next&amp;apos;]]
Session ID: 54dcd51b7533a7fcbbe39ec0ae1fae67">
      <![CDATA[org.openqa.selenium.ElementClickInterceptedException: element click intercepted: Element <button _ngcontent-ng-c3524598770="" type="button" pstyleclass="@next" enterclass="hidden" enteractiveclass="scalein" leavetoclass="hidden" leaveactiveclass="fadeout" class="p-element topbar-profile-button p-button p-button-text p-button-raised">...</button> is not clickable at point (1285, 27). Other element would receive the click: <div class="ng-tns-c647991600-222 p-dialog-mask p-component-overlay p-component-overlay-enter p-dialog-mask-scrollblocker" style="z-index: 3204;">...</div>
  (Session info: chrome=129.0.6668.90)
Build info: version: '4.4.0', revision: 'e5c75ed026a'
System info: host: 'BF0035470123', ip: '10.60.12.31', os.name: 'Windows 11', os.arch: 'amd64', os.version: '10.0', java.version: '22.0.2'
Driver info: org.openqa.selenium.chrome.ChromeDriver
Command: [54dcd51b7533a7fcbbe39ec0ae1fae67, clickElement {id=f.3E70475808254645BBE48EB13D684A19.d.A0EACC7B64180E0AF083BF34A5E456EB.e.192}]
Capabilities {acceptInsecureCerts: false, browserName: chrome, browserVersion: 129.0.6668.90, chrome: {chromedriverVersion: 129.0.6668.89 (951c0b97221f..., userDataDir: C:\Users\nagnath.g\AppData\...}, fedcm:accounts: true, goog:chromeOptions: {debuggerAddress: localhost:60299}, networkConnectionEnabled: false, pageLoadStrategy: normal, platformName: WINDOWS, proxy: Proxy(), se:cdp: ws://localhost:60299/devtoo..., se:cdpVersion: 129.0.6668.90, setWindowRect: true, strictFileInteractability: false, timeouts: {implicit: 0, pageLoad: 300000, script: 30000}, unhandledPromptBehavior: dismiss and notify, webauthn:extension:credBlob: true, webauthn:extension:largeBlob: true, webauthn:extension:minPinLength: true, webauthn:extension:prf: true, webauthn:virtualAuthenticators: true}
Element: [[ChromeDriver: chrome on WINDOWS (54dcd51b7533a7fcbbe39ec0ae1fae67)] -> xpath: //button[@pstyleclass='@next']]
Session ID: 54dcd51b7533a7fcbbe39ec0ae1fae67
at org.openqa.selenium.remote.ErrorCodec.decode(ErrorCodec.java:167)
at org.openqa.selenium.remote.codec.w3c.W3CHttpResponseCodec.decode(W3CHttpResponseCodec.java:138)
at org.openqa.selenium.remote.codec.w3c.W3CHttpResponseCodec.decode(W3CHttpResponseCodec.java:50)
at org.openqa.selenium.remote.HttpCommandExecutor.execute(HttpCommandExecutor.java:190)
at org.openqa.selenium.remote.service.DriverCommandExecutor.invokeExecute(DriverCommandExecutor.java:216)
at org.openqa.selenium.remote.service.DriverCommandExecutor.execute(DriverCommandExecutor.java:174)
at org.openqa.selenium.remote.RemoteWebDriver.execute(RemoteWebDriver.java:519)
at org.openqa.selenium.remote.RemoteWebElement.execute(RemoteWebElement.java:223)
at org.openqa.selenium.remote.RemoteWebElement.click(RemoteWebElement.java:76)
at org.openqa.selenium.support.pagefactory.internal.LocatingElementHandler.invoke(LocatingElementHandler.java:51)
at jdk.proxy2/jdk.proxy2.$Proxy15.click(Unknown Source)
at com.bdms.qa.pageobject.HomePage.clickOnLogout(HomePage.java:76)
at com.befreebdms.qa.administrator.FoodMaster.tearDown(FoodMaster.java:57)
at java.base/java.util.ArrayList.forEach(ArrayList.java:1597)
... Removed 35 stack frames]]>
    </failure>
  </testcase> <!-- @AfterMethod tearDown -->
  <testcase classname="com.befreebdms.qa.myprofile.MyLunch" name="@AfterMethod tearDown" time="1.117">
    <failure type="org.openqa.selenium.ElementClickInterceptedException" message="element click intercepted: Element &amp;lt;button _ngcontent-ng-c3524598770=&amp;quot;&amp;quot; type=&amp;quot;button&amp;quot; pstyleclass=&amp;quot;@next&amp;quot; enterclass=&amp;quot;hidden&amp;quot; enteractiveclass=&amp;quot;scalein&amp;quot; leavetoclass=&amp;quot;hidden&amp;quot; leaveactiveclass=&amp;quot;fadeout&amp;quot; class=&amp;quot;p-element topbar-profile-button p-button p-button-text p-button-raised&amp;quot;&amp;gt;...&amp;lt;/button&amp;gt; is not clickable at point (1285, 27). Other element would receive the click: &amp;lt;div class=&amp;quot;ng-tns-c647991600-125 p-dialog-mask p-component-overlay p-component-overlay-enter p-dialog-mask-scrollblocker&amp;quot; style=&amp;quot;z-index: 2102;&amp;quot;&amp;gt;...&amp;lt;/div&amp;gt;
  (Session info: chrome=129.0.6668.90)
Build info: version: &amp;apos;4.4.0&amp;apos;, revision: &amp;apos;e5c75ed026a&amp;apos;
System info: host: &amp;apos;BF0035470123&amp;apos;, ip: &amp;apos;10.60.12.31&amp;apos;, os.name: &amp;apos;Windows 11&amp;apos;, os.arch: &amp;apos;amd64&amp;apos;, os.version: &amp;apos;10.0&amp;apos;, java.version: &amp;apos;22.0.2&amp;apos;
Driver info: org.openqa.selenium.chrome.ChromeDriver
Command: [1730ed09e12b8326fc64bfb28423af87, clickElement {id=f.5B688D7056AAC054D9E20386E5E8B54D.d.1D83EB61F586BB9D98E61491768C677A.e.80}]
Capabilities {acceptInsecureCerts: false, browserName: chrome, browserVersion: 129.0.6668.90, chrome: {chromedriverVersion: 129.0.6668.89 (951c0b97221f..., userDataDir: C:\Users\nagnath.g\AppData\...}, fedcm:accounts: true, goog:chromeOptions: {debuggerAddress: localhost:60542}, networkConnectionEnabled: false, pageLoadStrategy: normal, platformName: WINDOWS, proxy: Proxy(), se:cdp: ws://localhost:60542/devtoo..., se:cdpVersion: 129.0.6668.90, setWindowRect: true, strictFileInteractability: false, timeouts: {implicit: 0, pageLoad: 300000, script: 30000}, unhandledPromptBehavior: dismiss and notify, webauthn:extension:credBlob: true, webauthn:extension:largeBlob: true, webauthn:extension:minPinLength: true, webauthn:extension:prf: true, webauthn:virtualAuthenticators: true}
Element: [[ChromeDriver: chrome on WINDOWS (1730ed09e12b8326fc64bfb28423af87)] -&amp;gt; xpath: //button[@pstyleclass=&amp;apos;@next&amp;apos;]]
Session ID: 1730ed09e12b8326fc64bfb28423af87">
      <![CDATA[org.openqa.selenium.ElementClickInterceptedException: element click intercepted: Element <button _ngcontent-ng-c3524598770="" type="button" pstyleclass="@next" enterclass="hidden" enteractiveclass="scalein" leavetoclass="hidden" leaveactiveclass="fadeout" class="p-element topbar-profile-button p-button p-button-text p-button-raised">...</button> is not clickable at point (1285, 27). Other element would receive the click: <div class="ng-tns-c647991600-125 p-dialog-mask p-component-overlay p-component-overlay-enter p-dialog-mask-scrollblocker" style="z-index: 2102;">...</div>
  (Session info: chrome=129.0.6668.90)
Build info: version: '4.4.0', revision: 'e5c75ed026a'
System info: host: 'BF0035470123', ip: '10.60.12.31', os.name: 'Windows 11', os.arch: 'amd64', os.version: '10.0', java.version: '22.0.2'
Driver info: org.openqa.selenium.chrome.ChromeDriver
Command: [1730ed09e12b8326fc64bfb28423af87, clickElement {id=f.5B688D7056AAC054D9E20386E5E8B54D.d.1D83EB61F586BB9D98E61491768C677A.e.80}]
Capabilities {acceptInsecureCerts: false, browserName: chrome, browserVersion: 129.0.6668.90, chrome: {chromedriverVersion: 129.0.6668.89 (951c0b97221f..., userDataDir: C:\Users\nagnath.g\AppData\...}, fedcm:accounts: true, goog:chromeOptions: {debuggerAddress: localhost:60542}, networkConnectionEnabled: false, pageLoadStrategy: normal, platformName: WINDOWS, proxy: Proxy(), se:cdp: ws://localhost:60542/devtoo..., se:cdpVersion: 129.0.6668.90, setWindowRect: true, strictFileInteractability: false, timeouts: {implicit: 0, pageLoad: 300000, script: 30000}, unhandledPromptBehavior: dismiss and notify, webauthn:extension:credBlob: true, webauthn:extension:largeBlob: true, webauthn:extension:minPinLength: true, webauthn:extension:prf: true, webauthn:virtualAuthenticators: true}
Element: [[ChromeDriver: chrome on WINDOWS (1730ed09e12b8326fc64bfb28423af87)] -> xpath: //button[@pstyleclass='@next']]
Session ID: 1730ed09e12b8326fc64bfb28423af87
at org.openqa.selenium.remote.ErrorCodec.decode(ErrorCodec.java:167)
at org.openqa.selenium.remote.codec.w3c.W3CHttpResponseCodec.decode(W3CHttpResponseCodec.java:138)
at org.openqa.selenium.remote.codec.w3c.W3CHttpResponseCodec.decode(W3CHttpResponseCodec.java:50)
at org.openqa.selenium.remote.HttpCommandExecutor.execute(HttpCommandExecutor.java:190)
at org.openqa.selenium.remote.service.DriverCommandExecutor.invokeExecute(DriverCommandExecutor.java:216)
at org.openqa.selenium.remote.service.DriverCommandExecutor.execute(DriverCommandExecutor.java:174)
at org.openqa.selenium.remote.RemoteWebDriver.execute(RemoteWebDriver.java:519)
at org.openqa.selenium.remote.RemoteWebElement.execute(RemoteWebElement.java:223)
at org.openqa.selenium.remote.RemoteWebElement.click(RemoteWebElement.java:76)
at org.openqa.selenium.support.pagefactory.internal.LocatingElementHandler.invoke(LocatingElementHandler.java:51)
at jdk.proxy2/jdk.proxy2.$Proxy15.click(Unknown Source)
at com.bdms.qa.pageobject.HomePage.clickOnLogout(HomePage.java:76)
at com.befreebdms.qa.myprofile.MyLunch.tearDown(MyLunch.java:56)
at java.base/java.util.ArrayList.forEach(ArrayList.java:1597)
... Removed 35 stack frames]]>
    </failure>
  </testcase> <!-- @AfterMethod tearDown -->
  <testcase classname="com.befreebdms.qa.myprofile.MyLunch" name="@BeforeMethod setUp" time="0.0">
    <skipped/>
  </testcase> <!-- @BeforeMethod setUp -->
  <testcase classname="com.befreebdms.qa.myprofile.MyLunch" name="@AfterMethod tearDown" time="0.0">
    <skipped/>
  </testcase> <!-- @AfterMethod tearDown -->
  <testcase classname="com.befreebdms.qa.myprofile.MyLunch" name="@BeforeMethod setUp" time="0.0">
    <skipped/>
  </testcase> <!-- @BeforeMethod setUp -->
  <testcase classname="com.befreebdms.qa.myprofile.MyLunch" name="@AfterMethod tearDown" time="0.0">
    <skipped/>
  </testcase> <!-- @AfterMethod tearDown -->
  <testcase classname="com.befreebdms.qa.myprofile.MyLunch" name="@BeforeMethod setUp" time="0.0">
    <skipped/>
  </testcase> <!-- @BeforeMethod setUp -->
  <testcase classname="com.befreebdms.qa.myprofile.MyLunch" name="@AfterMethod tearDown" time="0.0">
    <skipped/>
  </testcase> <!-- @AfterMethod tearDown -->
  <testcase classname="com.befreebdms.qa.myprofile.MyLunch" name="@BeforeMethod setUp" time="0.0">
    <skipped/>
  </testcase> <!-- @BeforeMethod setUp -->
  <testcase classname="com.befreebdms.qa.myprofile.MyLunch" name="@AfterMethod tearDown" time="0.0">
    <skipped/>
  </testcase> <!-- @AfterMethod tearDown -->
  <testcase classname="com.befreebdms.qa.myprofile.MyLunch" name="@BeforeMethod setUp" time="0.0">
    <skipped/>
  </testcase> <!-- @BeforeMethod setUp -->
  <testcase classname="com.befreebdms.qa.myprofile.MyLunch" name="@AfterMethod tearDown" time="0.0">
    <skipped/>
  </testcase> <!-- @AfterMethod tearDown -->
  <testcase classname="com.befreebdms.qa.myprofile.MyLunch" name="@BeforeMethod setUp" time="0.0">
    <skipped/>
  </testcase> <!-- @BeforeMethod setUp -->
  <testcase classname="com.befreebdms.qa.myprofile.MyLunch" name="@AfterMethod tearDown" time="0.0">
    <skipped/>
  </testcase> <!-- @AfterMethod tearDown -->
  <testcase classname="com.befreebdms.qa.myprofile.MyLunch" name="@BeforeMethod setUp" time="0.0">
    <skipped/>
  </testcase> <!-- @BeforeMethod setUp -->
  <testcase classname="com.befreebdms.qa.myprofile.MyLunch" name="@AfterMethod tearDown" time="0.0">
    <skipped/>
  </testcase> <!-- @AfterMethod tearDown -->
  <testcase classname="com.befreebdms.qa.myprofile.MyLunch" name="@BeforeMethod setUp" time="0.0">
    <skipped/>
  </testcase> <!-- @BeforeMethod setUp -->
  <testcase classname="com.befreebdms.qa.myprofile.MyLunch" name="@AfterMethod tearDown" time="0.0">
    <skipped/>
  </testcase> <!-- @AfterMethod tearDown -->
  <testcase classname="com.befreebdms.qa.workflow.ConferenceRoom" name="@AfterMethod tearDown" time="1.561">
    <failure type="org.openqa.selenium.ElementClickInterceptedException" message="element click intercepted: Element &amp;lt;button _ngcontent-ng-c3524598770=&amp;quot;&amp;quot; type=&amp;quot;button&amp;quot; pstyleclass=&amp;quot;@next&amp;quot; enterclass=&amp;quot;hidden&amp;quot; enteractiveclass=&amp;quot;scalein&amp;quot; leavetoclass=&amp;quot;hidden&amp;quot; leaveactiveclass=&amp;quot;fadeout&amp;quot; class=&amp;quot;p-element topbar-profile-button p-button p-button-text p-button-raised&amp;quot;&amp;gt;...&amp;lt;/button&amp;gt; is not clickable at point (1279, 31). Other element would receive the click: &amp;lt;div class=&amp;quot;ng-tns-c647991600-79 p-dialog-mask p-component-overlay p-component-overlay-enter p-dialog-mask-scrollblocker&amp;quot; style=&amp;quot;z-index: 3204;&amp;quot;&amp;gt;...&amp;lt;/div&amp;gt;
  (Session info: chrome=129.0.6668.90)
Build info: version: &amp;apos;4.4.0&amp;apos;, revision: &amp;apos;e5c75ed026a&amp;apos;
System info: host: &amp;apos;BF0035470123&amp;apos;, ip: &amp;apos;10.60.12.31&amp;apos;, os.name: &amp;apos;Windows 11&amp;apos;, os.arch: &amp;apos;amd64&amp;apos;, os.version: &amp;apos;10.0&amp;apos;, java.version: &amp;apos;22.0.2&amp;apos;
Driver info: org.openqa.selenium.chrome.ChromeDriver
Command: [b83780810f1fe42ea330f7721d05bdf9, clickElement {id=f.ED116B480C79D1F25F23C6357709611C.d.5ACDD9E74B7EDDCA2DAEF2ED64F5DB92.e.122}]
Capabilities {acceptInsecureCerts: false, browserName: chrome, browserVersion: 129.0.6668.90, chrome: {chromedriverVersion: 129.0.6668.89 (951c0b97221f..., userDataDir: C:\Users\nagnath.g\AppData\...}, fedcm:accounts: true, goog:chromeOptions: {debuggerAddress: localhost:60749}, networkConnectionEnabled: false, pageLoadStrategy: normal, platformName: WINDOWS, proxy: Proxy(), se:cdp: ws://localhost:60749/devtoo..., se:cdpVersion: 129.0.6668.90, setWindowRect: true, strictFileInteractability: false, timeouts: {implicit: 0, pageLoad: 300000, script: 30000}, unhandledPromptBehavior: dismiss and notify, webauthn:extension:credBlob: true, webauthn:extension:largeBlob: true, webauthn:extension:minPinLength: true, webauthn:extension:prf: true, webauthn:virtualAuthenticators: true}
Element: [[ChromeDriver: chrome on WINDOWS (b83780810f1fe42ea330f7721d05bdf9)] -&amp;gt; xpath: //button[@pstyleclass=&amp;apos;@next&amp;apos;]]
Session ID: b83780810f1fe42ea330f7721d05bdf9">
      <![CDATA[org.openqa.selenium.ElementClickInterceptedException: element click intercepted: Element <button _ngcontent-ng-c3524598770="" type="button" pstyleclass="@next" enterclass="hidden" enteractiveclass="scalein" leavetoclass="hidden" leaveactiveclass="fadeout" class="p-element topbar-profile-button p-button p-button-text p-button-raised">...</button> is not clickable at point (1279, 31). Other element would receive the click: <div class="ng-tns-c647991600-79 p-dialog-mask p-component-overlay p-component-overlay-enter p-dialog-mask-scrollblocker" style="z-index: 3204;">...</div>
  (Session info: chrome=129.0.6668.90)
Build info: version: '4.4.0', revision: 'e5c75ed026a'
System info: host: 'BF0035470123', ip: '10.60.12.31', os.name: 'Windows 11', os.arch: 'amd64', os.version: '10.0', java.version: '22.0.2'
Driver info: org.openqa.selenium.chrome.ChromeDriver
Command: [b83780810f1fe42ea330f7721d05bdf9, clickElement {id=f.ED116B480C79D1F25F23C6357709611C.d.5ACDD9E74B7EDDCA2DAEF2ED64F5DB92.e.122}]
Capabilities {acceptInsecureCerts: false, browserName: chrome, browserVersion: 129.0.6668.90, chrome: {chromedriverVersion: 129.0.6668.89 (951c0b97221f..., userDataDir: C:\Users\nagnath.g\AppData\...}, fedcm:accounts: true, goog:chromeOptions: {debuggerAddress: localhost:60749}, networkConnectionEnabled: false, pageLoadStrategy: normal, platformName: WINDOWS, proxy: Proxy(), se:cdp: ws://localhost:60749/devtoo..., se:cdpVersion: 129.0.6668.90, setWindowRect: true, strictFileInteractability: false, timeouts: {implicit: 0, pageLoad: 300000, script: 30000}, unhandledPromptBehavior: dismiss and notify, webauthn:extension:credBlob: true, webauthn:extension:largeBlob: true, webauthn:extension:minPinLength: true, webauthn:extension:prf: true, webauthn:virtualAuthenticators: true}
Element: [[ChromeDriver: chrome on WINDOWS (b83780810f1fe42ea330f7721d05bdf9)] -> xpath: //button[@pstyleclass='@next']]
Session ID: b83780810f1fe42ea330f7721d05bdf9
at org.openqa.selenium.remote.ErrorCodec.decode(ErrorCodec.java:167)
at org.openqa.selenium.remote.codec.w3c.W3CHttpResponseCodec.decode(W3CHttpResponseCodec.java:138)
at org.openqa.selenium.remote.codec.w3c.W3CHttpResponseCodec.decode(W3CHttpResponseCodec.java:50)
at org.openqa.selenium.remote.HttpCommandExecutor.execute(HttpCommandExecutor.java:190)
at org.openqa.selenium.remote.service.DriverCommandExecutor.invokeExecute(DriverCommandExecutor.java:216)
at org.openqa.selenium.remote.service.DriverCommandExecutor.execute(DriverCommandExecutor.java:174)
at org.openqa.selenium.remote.RemoteWebDriver.execute(RemoteWebDriver.java:519)
at org.openqa.selenium.remote.RemoteWebElement.execute(RemoteWebElement.java:223)
at org.openqa.selenium.remote.RemoteWebElement.click(RemoteWebElement.java:76)
at org.openqa.selenium.support.pagefactory.internal.LocatingElementHandler.invoke(LocatingElementHandler.java:51)
at jdk.proxy2/jdk.proxy2.$Proxy15.click(Unknown Source)
at com.bdms.qa.pageobject.HomePage.clickOnLogout(HomePage.java:76)
at com.befreebdms.qa.workflow.ConferenceRoom.tearDown(ConferenceRoom.java:46)
at java.base/java.util.ArrayList.forEach(ArrayList.java:1597)
... Removed 35 stack frames]]>
    </failure>
  </testcase> <!-- @AfterMethod tearDown -->
  <testcase classname="com.befreebdms.qa.workflow.NoJob" name="@BeforeMethod setUp" time="9.736">
    <failure type="org.openqa.selenium.ElementNotInteractableException" message="element not interactable
  (Session info: chrome=129.0.6668.90)
Build info: version: &amp;apos;4.4.0&amp;apos;, revision: &amp;apos;e5c75ed026a&amp;apos;
System info: host: &amp;apos;BF0035470123&amp;apos;, ip: &amp;apos;10.60.12.31&amp;apos;, os.name: &amp;apos;Windows 11&amp;apos;, os.arch: &amp;apos;amd64&amp;apos;, os.version: &amp;apos;10.0&amp;apos;, java.version: &amp;apos;22.0.2&amp;apos;
Driver info: org.openqa.selenium.chrome.ChromeDriver
Command: [b739f0fa5d2edcad64571cef727c6119, clickElement {id=f.52E8C808562C6FBA92254BEF359DB442.d.F72E67AAE651AF542B8CDE8D3ED55E56.e.29}]
Capabilities {acceptInsecureCerts: false, browserName: chrome, browserVersion: 129.0.6668.90, chrome: {chromedriverVersion: 129.0.6668.89 (951c0b97221f..., userDataDir: C:\Users\nagnath.g\AppData\...}, fedcm:accounts: true, goog:chromeOptions: {debuggerAddress: localhost:60976}, networkConnectionEnabled: false, pageLoadStrategy: normal, platformName: WINDOWS, proxy: Proxy(), se:cdp: ws://localhost:60976/devtoo..., se:cdpVersion: 129.0.6668.90, setWindowRect: true, strictFileInteractability: false, timeouts: {implicit: 0, pageLoad: 300000, script: 30000}, unhandledPromptBehavior: dismiss and notify, webauthn:extension:credBlob: true, webauthn:extension:largeBlob: true, webauthn:extension:minPinLength: true, webauthn:extension:prf: true, webauthn:virtualAuthenticators: true}
Element: [[ChromeDriver: chrome on WINDOWS (b739f0fa5d2edcad64571cef727c6119)] -&amp;gt; xpath: (//span[text()=&amp;apos;No Job&amp;apos;])[1]]
Session ID: b739f0fa5d2edcad64571cef727c6119">
      <![CDATA[org.openqa.selenium.ElementNotInteractableException: element not interactable
  (Session info: chrome=129.0.6668.90)
Build info: version: '4.4.0', revision: 'e5c75ed026a'
System info: host: 'BF0035470123', ip: '10.60.12.31', os.name: 'Windows 11', os.arch: 'amd64', os.version: '10.0', java.version: '22.0.2'
Driver info: org.openqa.selenium.chrome.ChromeDriver
Command: [b739f0fa5d2edcad64571cef727c6119, clickElement {id=f.52E8C808562C6FBA92254BEF359DB442.d.F72E67AAE651AF542B8CDE8D3ED55E56.e.29}]
Capabilities {acceptInsecureCerts: false, browserName: chrome, browserVersion: 129.0.6668.90, chrome: {chromedriverVersion: 129.0.6668.89 (951c0b97221f..., userDataDir: C:\Users\nagnath.g\AppData\...}, fedcm:accounts: true, goog:chromeOptions: {debuggerAddress: localhost:60976}, networkConnectionEnabled: false, pageLoadStrategy: normal, platformName: WINDOWS, proxy: Proxy(), se:cdp: ws://localhost:60976/devtoo..., se:cdpVersion: 129.0.6668.90, setWindowRect: true, strictFileInteractability: false, timeouts: {implicit: 0, pageLoad: 300000, script: 30000}, unhandledPromptBehavior: dismiss and notify, webauthn:extension:credBlob: true, webauthn:extension:largeBlob: true, webauthn:extension:minPinLength: true, webauthn:extension:prf: true, webauthn:virtualAuthenticators: true}
Element: [[ChromeDriver: chrome on WINDOWS (b739f0fa5d2edcad64571cef727c6119)] -> xpath: (//span[text()='No Job'])[1]]
Session ID: b739f0fa5d2edcad64571cef727c6119
at org.openqa.selenium.remote.ErrorCodec.decode(ErrorCodec.java:167)
at org.openqa.selenium.remote.codec.w3c.W3CHttpResponseCodec.decode(W3CHttpResponseCodec.java:138)
at org.openqa.selenium.remote.codec.w3c.W3CHttpResponseCodec.decode(W3CHttpResponseCodec.java:50)
at org.openqa.selenium.remote.HttpCommandExecutor.execute(HttpCommandExecutor.java:190)
at org.openqa.selenium.remote.service.DriverCommandExecutor.invokeExecute(DriverCommandExecutor.java:216)
at org.openqa.selenium.remote.service.DriverCommandExecutor.execute(DriverCommandExecutor.java:174)
at org.openqa.selenium.remote.RemoteWebDriver.execute(RemoteWebDriver.java:519)
at org.openqa.selenium.remote.RemoteWebElement.execute(RemoteWebElement.java:223)
at org.openqa.selenium.remote.RemoteWebElement.click(RemoteWebElement.java:76)
at org.openqa.selenium.support.pagefactory.internal.LocatingElementHandler.invoke(LocatingElementHandler.java:51)
at jdk.proxy2/jdk.proxy2.$Proxy15.click(Unknown Source)
at com.bdms.qa.pageobject.HomePage.clickOnNoJob(HomePage.java:121)
at com.befreebdms.qa.workflow.NoJob.setUp(NoJob.java:39)
at java.base/java.util.ArrayList.forEach(ArrayList.java:1597)
... Removed 34 stack frames]]>
    </failure>
  </testcase> <!-- @BeforeMethod setUp -->
  <testcase classname="com.befreebdms.qa.workflow.NoJob" name="@AfterMethod tearDown" time="0.0">
    <skipped/>
  </testcase> <!-- @AfterMethod tearDown -->
  <testcase classname="com.befreebdms.qa.workflow.BulkAllocation" name="@BeforeMethod setUp" time="20.254">
    <failure type="org.openqa.selenium.TimeoutException" message="Expected condition failed: waiting for visibility of [[ChromeDriver: chrome on WINDOWS (6f95ed42968b932b079e41f356128e44)] -&amp;gt; xpath: (//span[text()=&amp;apos;Bulk Allocation&amp;apos;])] (tried for 10 second(s) with 500 milliseconds interval)
Build info: version: &amp;apos;4.4.0&amp;apos;, revision: &amp;apos;e5c75ed026a&amp;apos;
System info: host: &amp;apos;BF0035470123&amp;apos;, ip: &amp;apos;10.60.12.31&amp;apos;, os.name: &amp;apos;Windows 11&amp;apos;, os.arch: &amp;apos;amd64&amp;apos;, os.version: &amp;apos;10.0&amp;apos;, java.version: &amp;apos;22.0.2&amp;apos;
Driver info: org.openqa.selenium.chrome.ChromeDriver
Capabilities {acceptInsecureCerts: false, browserName: chrome, browserVersion: 129.0.6668.90, chrome: {chromedriverVersion: 129.0.6668.89 (951c0b97221f..., userDataDir: C:\Users\nagnath.g\AppData\...}, fedcm:accounts: true, goog:chromeOptions: {debuggerAddress: localhost:61403}, networkConnectionEnabled: false, pageLoadStrategy: normal, platformName: WINDOWS, proxy: Proxy(), se:cdp: ws://localhost:61403/devtoo..., se:cdpVersion: 129.0.6668.90, setWindowRect: true, strictFileInteractability: false, timeouts: {implicit: 0, pageLoad: 300000, script: 30000}, unhandledPromptBehavior: dismiss and notify, webauthn:extension:credBlob: true, webauthn:extension:largeBlob: true, webauthn:extension:minPinLength: true, webauthn:extension:prf: true, webauthn:virtualAuthenticators: true}
Session ID: 6f95ed42968b932b079e41f356128e44">
      <![CDATA[org.openqa.selenium.TimeoutException: Expected condition failed: waiting for visibility of [[ChromeDriver: chrome on WINDOWS (6f95ed42968b932b079e41f356128e44)] -> xpath: (//span[text()='Bulk Allocation'])] (tried for 10 second(s) with 500 milliseconds interval)
Build info: version: '4.4.0', revision: 'e5c75ed026a'
System info: host: 'BF0035470123', ip: '10.60.12.31', os.name: 'Windows 11', os.arch: 'amd64', os.version: '10.0', java.version: '22.0.2'
Driver info: org.openqa.selenium.chrome.ChromeDriver
Capabilities {acceptInsecureCerts: false, browserName: chrome, browserVersion: 129.0.6668.90, chrome: {chromedriverVersion: 129.0.6668.89 (951c0b97221f..., userDataDir: C:\Users\nagnath.g\AppData\...}, fedcm:accounts: true, goog:chromeOptions: {debuggerAddress: localhost:61403}, networkConnectionEnabled: false, pageLoadStrategy: normal, platformName: WINDOWS, proxy: Proxy(), se:cdp: ws://localhost:61403/devtoo..., se:cdpVersion: 129.0.6668.90, setWindowRect: true, strictFileInteractability: false, timeouts: {implicit: 0, pageLoad: 300000, script: 30000}, unhandledPromptBehavior: dismiss and notify, webauthn:extension:credBlob: true, webauthn:extension:largeBlob: true, webauthn:extension:minPinLength: true, webauthn:extension:prf: true, webauthn:virtualAuthenticators: true}
Session ID: 6f95ed42968b932b079e41f356128e44
at org.openqa.selenium.support.ui.WebDriverWait.timeoutException(WebDriverWait.java:84)
at org.openqa.selenium.support.ui.FluentWait.until(FluentWait.java:228)
at com.bdms.qa.pageobject.HomePage.clickOnBulkAllocation(HomePage.java:128)
at com.befreebdms.qa.workflow.BulkAllocation.setUp(BulkAllocation.java:40)
at java.base/java.util.ArrayList.forEach(ArrayList.java:1597)
... Removed 29 stack frames]]>
    </failure>
  </testcase> <!-- @BeforeMethod setUp -->
  <testcase classname="com.befreebdms.qa.workflow.BulkAllocation" name="@AfterMethod tearDown" time="0.0">
    <skipped/>
  </testcase> <!-- @AfterMethod tearDown -->
  <testcase classname="com.befreebdms.qa.workflow.BulkAllocation" name="@BeforeMethod setUp" time="0.0">
    <skipped/>
  </testcase> <!-- @BeforeMethod setUp -->
  <testcase classname="com.befreebdms.qa.workflow.BulkAllocation" name="@AfterMethod tearDown" time="0.0">
    <skipped/>
  </testcase> <!-- @AfterMethod tearDown -->
  <testcase classname="com.befreebdms.qa.myprofile.ApplyLeave" name="verifyApplyCasualLeave" time="6.501"/>
  <testcase classname="com.befreebdms.qa.myprofile.ApplyLeave" name="verifyApplyCompOffLeave" time="6.271"/>
  <testcase classname="com.befreebdms.qa.myprofile.ApplyLeave" name="verifyApplySickLeave" time="4.285"/>
  <testcase classname="com.befreebdms.qa.myprofile.ApplyLeave" name="verifyApplyMaternityLeave" time="6.04"/>
  <testcase classname="com.befreebdms.qa.myprofile.MyHolidayWorking" name="verifyAddRecordForHolidayWorking" time="3.202"/>
  <testcase classname="com.befreebdms.qa.myprofile.MyHolidayWorking" name="verifyAddRecordrHolidayWorking" time="3.797">
    <failure type="org.openqa.selenium.ElementClickInterceptedException" message="element click intercepted: Element &amp;lt;p-dropdown _ngcontent-ng-c3897154522=&amp;quot;&amp;quot; formcontrolname=&amp;quot;entity_id&amp;quot; class=&amp;quot;p-element p-inputwrapper ng-untouched has-required-validation ng-dirty ng-invalid&amp;quot;&amp;gt;...&amp;lt;/p-dropdown&amp;gt; is not clickable at point (384, 459). Other element would receive the click: &amp;lt;span class=&amp;quot;ng-tns-c3918063748-55&amp;quot;&amp;gt;...&amp;lt;/span&amp;gt;
  (Session info: chrome=129.0.6668.90)
Build info: version: &amp;apos;4.4.0&amp;apos;, revision: &amp;apos;e5c75ed026a&amp;apos;
System info: host: &amp;apos;BF0035470123&amp;apos;, ip: &amp;apos;10.60.12.31&amp;apos;, os.name: &amp;apos;Windows 11&amp;apos;, os.arch: &amp;apos;amd64&amp;apos;, os.version: &amp;apos;10.0&amp;apos;, java.version: &amp;apos;22.0.2&amp;apos;
Driver info: org.openqa.selenium.chrome.ChromeDriver
Command: [65e0dc428a7d8d3e07617df04c7dae1c, clickElement {id=f.8288A56F12EAB863A0AF53033757A8DA.d.FD5BD0F2DB0B78ADD3825F1607A84087.e.191}]
Capabilities {acceptInsecureCerts: false, browserName: chrome, browserVersion: 129.0.6668.90, chrome: {chromedriverVersion: 129.0.6668.89 (951c0b97221f..., userDataDir: C:\Users\nagnath.g\AppData\...}, fedcm:accounts: true, goog:chromeOptions: {debuggerAddress: localhost:59441}, networkConnectionEnabled: false, pageLoadStrategy: normal, platformName: WINDOWS, proxy: Proxy(), se:cdp: ws://localhost:59441/devtoo..., se:cdpVersion: 129.0.6668.90, setWindowRect: true, strictFileInteractability: false, timeouts: {implicit: 0, pageLoad: 300000, script: 30000}, unhandledPromptBehavior: dismiss and notify, webauthn:extension:credBlob: true, webauthn:extension:largeBlob: true, webauthn:extension:minPinLength: true, webauthn:extension:prf: true, webauthn:virtualAuthenticators: true}
Element: [[ChromeDriver: chrome on WINDOWS (65e0dc428a7d8d3e07617df04c7dae1c)] -&amp;gt; xpath: //p-dropdown[@formcontrolname=&amp;apos;entity_id&amp;apos;]]
Session ID: 65e0dc428a7d8d3e07617df04c7dae1c">
      <![CDATA[org.openqa.selenium.ElementClickInterceptedException: element click intercepted: Element <p-dropdown _ngcontent-ng-c3897154522="" formcontrolname="entity_id" class="p-element p-inputwrapper ng-untouched has-required-validation ng-dirty ng-invalid">...</p-dropdown> is not clickable at point (384, 459). Other element would receive the click: <span class="ng-tns-c3918063748-55">...</span>
  (Session info: chrome=129.0.6668.90)
Build info: version: '4.4.0', revision: 'e5c75ed026a'
System info: host: 'BF0035470123', ip: '10.60.12.31', os.name: 'Windows 11', os.arch: 'amd64', os.version: '10.0', java.version: '22.0.2'
Driver info: org.openqa.selenium.chrome.ChromeDriver
Command: [65e0dc428a7d8d3e07617df04c7dae1c, clickElement {id=f.8288A56F12EAB863A0AF53033757A8DA.d.FD5BD0F2DB0B78ADD3825F1607A84087.e.191}]
Capabilities {acceptInsecureCerts: false, browserName: chrome, browserVersion: 129.0.6668.90, chrome: {chromedriverVersion: 129.0.6668.89 (951c0b97221f..., userDataDir: C:\Users\nagnath.g\AppData\...}, fedcm:accounts: true, goog:chromeOptions: {debuggerAddress: localhost:59441}, networkConnectionEnabled: false, pageLoadStrategy: normal, platformName: WINDOWS, proxy: Proxy(), se:cdp: ws://localhost:59441/devtoo..., se:cdpVersion: 129.0.6668.90, setWindowRect: true, strictFileInteractability: false, timeouts: {implicit: 0, pageLoad: 300000, script: 30000}, unhandledPromptBehavior: dismiss and notify, webauthn:extension:credBlob: true, webauthn:extension:largeBlob: true, webauthn:extension:minPinLength: true, webauthn:extension:prf: true, webauthn:virtualAuthenticators: true}
Element: [[ChromeDriver: chrome on WINDOWS (65e0dc428a7d8d3e07617df04c7dae1c)] -> xpath: //p-dropdown[@formcontrolname='entity_id']]
Session ID: 65e0dc428a7d8d3e07617df04c7dae1c
at org.openqa.selenium.remote.ErrorCodec.decode(ErrorCodec.java:167)
at org.openqa.selenium.remote.codec.w3c.W3CHttpResponseCodec.decode(W3CHttpResponseCodec.java:138)
at org.openqa.selenium.remote.codec.w3c.W3CHttpResponseCodec.decode(W3CHttpResponseCodec.java:50)
at org.openqa.selenium.remote.HttpCommandExecutor.execute(HttpCommandExecutor.java:190)
at org.openqa.selenium.remote.service.DriverCommandExecutor.invokeExecute(DriverCommandExecutor.java:216)
at org.openqa.selenium.remote.service.DriverCommandExecutor.execute(DriverCommandExecutor.java:174)
at org.openqa.selenium.remote.RemoteWebDriver.execute(RemoteWebDriver.java:519)
at org.openqa.selenium.remote.RemoteWebElement.execute(RemoteWebElement.java:223)
at org.openqa.selenium.remote.RemoteWebElement.click(RemoteWebElement.java:76)
at org.openqa.selenium.support.pagefactory.internal.LocatingElementHandler.invoke(LocatingElementHandler.java:51)
at jdk.proxy2/jdk.proxy2.$Proxy15.click(Unknown Source)
at com.bdms.qa.pageobject.MyHolidayWorkingPage.selectTradingName(MyHolidayWorkingPage.java:76)
at com.befreebdms.qa.myprofile.MyHolidayWorking.verifyAddRecordrHolidayWorking(MyHolidayWorking.java:86)
at java.base/java.util.ArrayList.forEach(ArrayList.java:1597)
... Removed 30 stack frames]]>
    </failure>
  </testcase> <!-- verifyAddRecordrHolidayWorking -->
  <testcase classname="com.befreebdms.qa.myprofile.MyHolidayWorking" name="verifyDeleteRecordHolidayWorking" time="0.0">
    <skipped/>
  </testcase> <!-- verifyDeleteRecordHolidayWorking -->
  <testcase classname="com.befreebdms.qa.myprofile.ApproveAndReject" name="verifyApproveLeave" time="2.92"/>
  <testcase classname="com.befreebdms.qa.myprofile.ApproveAndReject" name="verifyPendingforFirstApproveHolidayWorking" time="1.327"/>
  <testcase classname="com.befreebdms.qa.myprofile.ApproveAndReject" name="verifyPendingforSecondApproveHolidayWorking" time="1.133"/>
  <testcase classname="com.befreebdms.qa.administrator.FoodMaster" name="verifyAddFoodMaster" time="3.386"/>
  <testcase classname="com.befreebdms.qa.myprofile.MyLunch" name="verifyAddRecordForMyLunch" time="3.022">
    <failure type="org.openqa.selenium.ElementClickInterceptedException" message="element click intercepted: Element &amp;lt;p-dropdown _ngcontent-ng-c2614379591=&amp;quot;&amp;quot; formcontrolname=&amp;quot;user_id&amp;quot; class=&amp;quot;p-element p-inputwrapper ng-untouched ng-pristine ng-invalid has-required-validation&amp;quot;&amp;gt;...&amp;lt;/p-dropdown&amp;gt; is not clickable at point (683, 290). Other element would receive the click: &amp;lt;div class=&amp;quot;p-datepicker-group ng-tns-c3918063748-126 ng-star-inserted&amp;quot;&amp;gt;...&amp;lt;/div&amp;gt;
  (Session info: chrome=129.0.6668.90)
Build info: version: &amp;apos;4.4.0&amp;apos;, revision: &amp;apos;e5c75ed026a&amp;apos;
System info: host: &amp;apos;BF0035470123&amp;apos;, ip: &amp;apos;10.60.12.31&amp;apos;, os.name: &amp;apos;Windows 11&amp;apos;, os.arch: &amp;apos;amd64&amp;apos;, os.version: &amp;apos;10.0&amp;apos;, java.version: &amp;apos;22.0.2&amp;apos;
Driver info: org.openqa.selenium.chrome.ChromeDriver
Command: [1730ed09e12b8326fc64bfb28423af87, clickElement {id=f.5B688D7056AAC054D9E20386E5E8B54D.d.1D83EB61F586BB9D98E61491768C677A.e.184}]
Capabilities {acceptInsecureCerts: false, browserName: chrome, browserVersion: 129.0.6668.90, chrome: {chromedriverVersion: 129.0.6668.89 (951c0b97221f..., userDataDir: C:\Users\nagnath.g\AppData\...}, fedcm:accounts: true, goog:chromeOptions: {debuggerAddress: localhost:60542}, networkConnectionEnabled: false, pageLoadStrategy: normal, platformName: WINDOWS, proxy: Proxy(), se:cdp: ws://localhost:60542/devtoo..., se:cdpVersion: 129.0.6668.90, setWindowRect: true, strictFileInteractability: false, timeouts: {implicit: 0, pageLoad: 300000, script: 30000}, unhandledPromptBehavior: dismiss and notify, webauthn:extension:credBlob: true, webauthn:extension:largeBlob: true, webauthn:extension:minPinLength: true, webauthn:extension:prf: true, webauthn:virtualAuthenticators: true}
Element: [[ChromeDriver: chrome on WINDOWS (1730ed09e12b8326fc64bfb28423af87)] -&amp;gt; xpath: //p-dropdown[@formcontrolname=&amp;apos;user_id&amp;apos;]]
Session ID: 1730ed09e12b8326fc64bfb28423af87">
      <![CDATA[org.openqa.selenium.ElementClickInterceptedException: element click intercepted: Element <p-dropdown _ngcontent-ng-c2614379591="" formcontrolname="user_id" class="p-element p-inputwrapper ng-untouched ng-pristine ng-invalid has-required-validation">...</p-dropdown> is not clickable at point (683, 290). Other element would receive the click: <div class="p-datepicker-group ng-tns-c3918063748-126 ng-star-inserted">...</div>
  (Session info: chrome=129.0.6668.90)
Build info: version: '4.4.0', revision: 'e5c75ed026a'
System info: host: 'BF0035470123', ip: '10.60.12.31', os.name: 'Windows 11', os.arch: 'amd64', os.version: '10.0', java.version: '22.0.2'
Driver info: org.openqa.selenium.chrome.ChromeDriver
Command: [1730ed09e12b8326fc64bfb28423af87, clickElement {id=f.5B688D7056AAC054D9E20386E5E8B54D.d.1D83EB61F586BB9D98E61491768C677A.e.184}]
Capabilities {acceptInsecureCerts: false, browserName: chrome, browserVersion: 129.0.6668.90, chrome: {chromedriverVersion: 129.0.6668.89 (951c0b97221f..., userDataDir: C:\Users\nagnath.g\AppData\...}, fedcm:accounts: true, goog:chromeOptions: {debuggerAddress: localhost:60542}, networkConnectionEnabled: false, pageLoadStrategy: normal, platformName: WINDOWS, proxy: Proxy(), se:cdp: ws://localhost:60542/devtoo..., se:cdpVersion: 129.0.6668.90, setWindowRect: true, strictFileInteractability: false, timeouts: {implicit: 0, pageLoad: 300000, script: 30000}, unhandledPromptBehavior: dismiss and notify, webauthn:extension:credBlob: true, webauthn:extension:largeBlob: true, webauthn:extension:minPinLength: true, webauthn:extension:prf: true, webauthn:virtualAuthenticators: true}
Element: [[ChromeDriver: chrome on WINDOWS (1730ed09e12b8326fc64bfb28423af87)] -> xpath: //p-dropdown[@formcontrolname='user_id']]
Session ID: 1730ed09e12b8326fc64bfb28423af87
at org.openqa.selenium.remote.ErrorCodec.decode(ErrorCodec.java:167)
at org.openqa.selenium.remote.codec.w3c.W3CHttpResponseCodec.decode(W3CHttpResponseCodec.java:138)
at org.openqa.selenium.remote.codec.w3c.W3CHttpResponseCodec.decode(W3CHttpResponseCodec.java:50)
at org.openqa.selenium.remote.HttpCommandExecutor.execute(HttpCommandExecutor.java:190)
at org.openqa.selenium.remote.service.DriverCommandExecutor.invokeExecute(DriverCommandExecutor.java:216)
at org.openqa.selenium.remote.service.DriverCommandExecutor.execute(DriverCommandExecutor.java:174)
at org.openqa.selenium.remote.RemoteWebDriver.execute(RemoteWebDriver.java:519)
at org.openqa.selenium.remote.RemoteWebElement.execute(RemoteWebElement.java:223)
at org.openqa.selenium.remote.RemoteWebElement.click(RemoteWebElement.java:76)
at org.openqa.selenium.support.pagefactory.internal.LocatingElementHandler.invoke(LocatingElementHandler.java:51)
at jdk.proxy2/jdk.proxy2.$Proxy15.click(Unknown Source)
at com.bdms.qa.pageobject.MyLunchPage.clickOnUserName(MyLunchPage.java:42)
at com.befreebdms.qa.myprofile.MyLunch.verifyAddRecordForMyLunch(MyLunch.java:71)
at java.base/java.util.ArrayList.forEach(ArrayList.java:1597)
... Removed 30 stack frames]]>
    </failure>
  </testcase> <!-- verifyAddRecordForMyLunch -->
  <testcase classname="com.befreebdms.qa.myprofile.MyLunch" name="verifyAddRecordForMyLunch" time="0.0">
    <skipped/>
  </testcase> <!-- verifyAddRecordForMyLunch -->
  <testcase classname="com.befreebdms.qa.myprofile.MyLunch" name="verifyAddRecordForMyLunch" time="0.001">
    <skipped/>
  </testcase> <!-- verifyAddRecordForMyLunch -->
  <testcase classname="com.befreebdms.qa.myprofile.MyLunch" name="verifyAddRecordForMyLunch" time="0.001">
    <skipped/>
  </testcase> <!-- verifyAddRecordForMyLunch -->
  <testcase classname="com.befreebdms.qa.myprofile.MyLunch" name="verifyAddRecordForMyLunch" time="0.001">
    <skipped/>
  </testcase> <!-- verifyAddRecordForMyLunch -->
  <testcase classname="com.befreebdms.qa.myprofile.MyLunch" name="verifyAddRecordForMyLunch" time="0.0">
    <skipped/>
  </testcase> <!-- verifyAddRecordForMyLunch -->
  <testcase classname="com.befreebdms.qa.myprofile.MyLunch" name="verifyAddRecordForMyLunch" time="0.001">
    <skipped/>
  </testcase> <!-- verifyAddRecordForMyLunch -->
  <testcase classname="com.befreebdms.qa.myprofile.MyLunch" name="verifyAddRecordForMyLunch" time="0.001">
    <skipped/>
  </testcase> <!-- verifyAddRecordForMyLunch -->
  <testcase classname="com.befreebdms.qa.myprofile.MyLunch" name="verifyAddRecordForMyLunch" time="0.0">
    <skipped/>
  </testcase> <!-- verifyAddRecordForMyLunch -->
  <testcase classname="com.befreebdms.qa.workflow.ConferenceRoom" name="verifyBookRecord" time="2.135">
    <failure type="org.openqa.selenium.NoSuchElementException" message="no such element: Unable to locate element: {&amp;quot;method&amp;quot;:&amp;quot;xpath&amp;quot;,&amp;quot;selector&amp;quot;:&amp;quot;//input[@class=&amp;apos;p-dropdown-filter p-inputtext p-component&amp;apos;]&amp;quot;}
  (Session info: chrome=129.0.6668.90)
For documentation on this error, please visit: https://selenium.dev/exceptions/#no_such_element
Build info: version: &amp;apos;4.4.0&amp;apos;, revision: &amp;apos;e5c75ed026a&amp;apos;
System info: host: &amp;apos;BF0035470123&amp;apos;, ip: &amp;apos;10.60.12.31&amp;apos;, os.name: &amp;apos;Windows 11&amp;apos;, os.arch: &amp;apos;amd64&amp;apos;, os.version: &amp;apos;10.0&amp;apos;, java.version: &amp;apos;22.0.2&amp;apos;
Driver info: org.openqa.selenium.chrome.ChromeDriver
Command: [b83780810f1fe42ea330f7721d05bdf9, findElement {using=xpath, value=//input[@class=&amp;apos;p-dropdown-filter p-inputtext p-component&amp;apos;]}]
Capabilities {acceptInsecureCerts: false, browserName: chrome, browserVersion: 129.0.6668.90, chrome: {chromedriverVersion: 129.0.6668.89 (951c0b97221f..., userDataDir: C:\Users\nagnath.g\AppData\...}, fedcm:accounts: true, goog:chromeOptions: {debuggerAddress: localhost:60749}, networkConnectionEnabled: false, pageLoadStrategy: normal, platformName: WINDOWS, proxy: Proxy(), se:cdp: ws://localhost:60749/devtoo..., se:cdpVersion: 129.0.6668.90, setWindowRect: true, strictFileInteractability: false, timeouts: {implicit: 0, pageLoad: 300000, script: 30000}, unhandledPromptBehavior: dismiss and notify, webauthn:extension:credBlob: true, webauthn:extension:largeBlob: true, webauthn:extension:minPinLength: true, webauthn:extension:prf: true, webauthn:virtualAuthenticators: true}
Session ID: b83780810f1fe42ea330f7721d05bdf9">
      <![CDATA[org.openqa.selenium.NoSuchElementException: no such element: Unable to locate element: {"method":"xpath","selector":"//input[@class='p-dropdown-filter p-inputtext p-component']"}
  (Session info: chrome=129.0.6668.90)
For documentation on this error, please visit: https://selenium.dev/exceptions/#no_such_element
Build info: version: '4.4.0', revision: 'e5c75ed026a'
System info: host: 'BF0035470123', ip: '10.60.12.31', os.name: 'Windows 11', os.arch: 'amd64', os.version: '10.0', java.version: '22.0.2'
Driver info: org.openqa.selenium.chrome.ChromeDriver
Command: [b83780810f1fe42ea330f7721d05bdf9, findElement {using=xpath, value=//input[@class='p-dropdown-filter p-inputtext p-component']}]
Capabilities {acceptInsecureCerts: false, browserName: chrome, browserVersion: 129.0.6668.90, chrome: {chromedriverVersion: 129.0.6668.89 (951c0b97221f..., userDataDir: C:\Users\nagnath.g\AppData\...}, fedcm:accounts: true, goog:chromeOptions: {debuggerAddress: localhost:60749}, networkConnectionEnabled: false, pageLoadStrategy: normal, platformName: WINDOWS, proxy: Proxy(), se:cdp: ws://localhost:60749/devtoo..., se:cdpVersion: 129.0.6668.90, setWindowRect: true, strictFileInteractability: false, timeouts: {implicit: 0, pageLoad: 300000, script: 30000}, unhandledPromptBehavior: dismiss and notify, webauthn:extension:credBlob: true, webauthn:extension:largeBlob: true, webauthn:extension:minPinLength: true, webauthn:extension:prf: true, webauthn:virtualAuthenticators: true}
Session ID: b83780810f1fe42ea330f7721d05bdf9
at org.openqa.selenium.remote.ErrorCodec.decode(ErrorCodec.java:167)
at org.openqa.selenium.remote.codec.w3c.W3CHttpResponseCodec.decode(W3CHttpResponseCodec.java:138)
at org.openqa.selenium.remote.codec.w3c.W3CHttpResponseCodec.decode(W3CHttpResponseCodec.java:50)
at org.openqa.selenium.remote.HttpCommandExecutor.execute(HttpCommandExecutor.java:190)
at org.openqa.selenium.remote.service.DriverCommandExecutor.invokeExecute(DriverCommandExecutor.java:216)
at org.openqa.selenium.remote.service.DriverCommandExecutor.execute(DriverCommandExecutor.java:174)
at org.openqa.selenium.remote.RemoteWebDriver.execute(RemoteWebDriver.java:519)
at org.openqa.selenium.remote.ElementLocation$ElementFinder$2.findElement(ElementLocation.java:165)
at org.openqa.selenium.remote.ElementLocation.findElement(ElementLocation.java:59)
at org.openqa.selenium.remote.RemoteWebDriver.findElement(RemoteWebDriver.java:356)
at org.openqa.selenium.remote.RemoteWebDriver.findElement(RemoteWebDriver.java:350)
at org.openqa.selenium.support.pagefactory.DefaultElementLocator.findElement(DefaultElementLocator.java:68)
at org.openqa.selenium.support.pagefactory.internal.LocatingElementHandler.invoke(LocatingElementHandler.java:38)
at jdk.proxy2/jdk.proxy2.$Proxy15.sendKeys(Unknown Source)
at com.bdms.qa.pageobject.ConferenceRoomPage.addLocation(ConferenceRoomPage.java:32)
at com.befreebdms.qa.workflow.ConferenceRoom.verifyBookRecord(ConferenceRoom.java:56)
at java.base/java.util.ArrayList.forEach(ArrayList.java:1597)
... Removed 28 stack frames]]>
    </failure>
  </testcase> <!-- verifyBookRecord -->
  <testcase classname="com.befreebdms.qa.workflow.NoJob" name="verifyNoJobs" time="0.0">
    <skipped/>
  </testcase> <!-- verifyNoJobs -->
  <testcase classname="com.befreebdms.qa.workflow.BulkAllocation" name="verifyBulkAllocation" time="2.763"/>
  <testcase classname="com.befreebdms.qa.workflow.BulkAllocation" name="verifyBulkAllocation2" time="0.0">
    <skipped/>
  </testcase> <!-- verifyBulkAllocation2 -->
  <testcase classname="com.befreebdms.qa.workflow.BulkAllocation" name="verifyBulkDeAllocation" time="0.001">
    <skipped/>
  </testcase> <!-- verifyBulkDeAllocation -->
  <testcase classname="com.befreebdms.qa.workflow.PendingTicket" name="verifyPendingTicket" time="44.912"/>
  <testcase classname="com.befreebdms.qa.administrator.Designation" name="verifyGroupManagerRights" time="2.793"/>
  <testcase classname="com.befreebdms.qa.administrator.Designation" name="verifyGroupManagerRights" time="2.801"/>
  <testcase classname="com.befreebdms.qa.administrator.Designation" name="verifyGroupManagerRights" time="2.9"/>
  <testcase classname="com.befreebdms.qa.administrator.Designation" name="verifyGroupManagerRights" time="2.753"/>
  <testcase classname="com.befreebdms.qa.administrator.Designation" name="verifyGroupManagerRights" time="2.434"/>
  <testcase classname="com.befreebdms.qa.administrator.Designation" name="verifyAssociateTechnicalHead" time="2.849"/>
  <testcase classname="com.befreebdms.qa.administrator.Designation" name="verifyAssociateTechnicalHead" time="2.127"/>
  <testcase classname="com.befreebdms.qa.administrator.Designation" name="verifyAssociateTechnicalHead" time="3.759"/>
  <testcase classname="com.befreebdms.qa.administrator.Designation" name="verifyAssociateTechnicalHead" time="1.841"/>
  <testcase classname="com.befreebdms.qa.administrator.Designation" name="verifyAssociateTechnicalHead" time="1.987"/>
  <testcase classname="com.befreebdms.qa.administrator.Designation" name="verifyAssociateReviewLead" time="2.785"/>
  <testcase classname="com.befreebdms.qa.administrator.Designation" name="verifyAssociateReviewLead" time="2.2"/>
  <testcase classname="com.befreebdms.qa.administrator.Designation" name="verifyAssociateReviewLead" time="1.94"/>
  <testcase classname="com.befreebdms.qa.administrator.Designation" name="verifyAssociateReviewLead" time="2.163"/>
  <testcase classname="com.befreebdms.qa.administrator.Designation" name="verifyAssociateReviewLead" time="2.004"/>
  <testcase classname="com.befreebdms.qa.administrator.Designation" name="verifyAssociateQCLead" time="2.223"/>
  <testcase classname="com.befreebdms.qa.administrator.Designation" name="verifyAssociateQCLead" time="1.805"/>
  <testcase classname="com.befreebdms.qa.administrator.Designation" name="verifyAssociateQCLead" time="2.165"/>
  <testcase classname="com.befreebdms.qa.administrator.Designation" name="verifyAssociateQCLead" time="1.906"/>
  <testcase classname="com.befreebdms.qa.administrator.Designation" name="verifyAssociateQCLead" time="1.861"/>
  <testcase classname="com.befreebdms.qa.administrator.Designation" name="verifyTechnicalHead" time="1.9"/>
  <testcase classname="com.befreebdms.qa.administrator.Designation" name="verifyTechnicalHead" time="1.936"/>
  <testcase classname="com.befreebdms.qa.administrator.Designation" name="verifyTechnicalHead" time="1.932"/>
  <testcase classname="com.befreebdms.qa.administrator.Designation" name="verifyTechnicalHead" time="2.024"/>
  <testcase classname="com.befreebdms.qa.administrator.Designation" name="verifyTechnicalHead" time="1.922"/>
  <testcase classname="com.befreebdms.qa.administrator.Designation" name="verifyAssociateQCManager" time="1.9"/>
  <testcase classname="com.befreebdms.qa.administrator.Designation" name="verifyAssociateQCManager" time="2.9"/>
  <testcase classname="com.befreebdms.qa.administrator.Designation" name="verifyAssociateQCManager" time="1.804"/>
  <testcase classname="com.befreebdms.qa.administrator.Designation" name="verifyAssociateQCManager" time="1.815"/>
  <testcase classname="com.befreebdms.qa.administrator.Designation" name="verifyAssociateQCManager" time="1.938"/>
</testsuite> <!-- Test -->
