<?xml version="1.0" encoding="UTF-8"?>
<!-- Generated by org.testng.reporters.JUnitXMLReporter -->
<testsuite ignored="0" hostname="BF0020530413" failures="12" tests="98" name="Test" time="378.46" errors="0" timestamp="2024-09-12T17:32:18 IST">
  <testcase classname="com.befreebdms.qa.administrator.Designation" name="@BeforeMethod setUp" time="17.903">
    <failure type="org.openqa.selenium.ElementNotInteractableException" message="element not interactable
  (Session info: chrome=128.0.6613.121)
Build info: version: &amp;apos;4.4.0&amp;apos;, revision: &amp;apos;e5c75ed026a&amp;apos;
System info: host: &amp;apos;BF0020530413&amp;apos;, ip: &amp;apos;10.60.12.180&amp;apos;, os.name: &amp;apos;Windows 10&amp;apos;, os.arch: &amp;apos;amd64&amp;apos;, os.version: &amp;apos;10.0&amp;apos;, java.version: &amp;apos;22.0.1&amp;apos;
Driver info: org.openqa.selenium.chrome.ChromeDriver
Command: [eb17e317c4a5a5d1e58cfe077f14cee0, clickElement {id=f.84796943B5CC276A2FE37BFA466C663A.d.F3E538F54ED0DB83D14C948421CB4772.e.88}]
Capabilities {acceptInsecureCerts: false, browserName: chrome, browserVersion: 128.0.6613.121, chrome: {chromedriverVersion: 128.0.6613.137 (fe621c5aa2d..., userDataDir: C:\Users\Nagnath.g\AppData\...}, fedcm:accounts: true, goog:chromeOptions: {debuggerAddress: localhost:55579}, networkConnectionEnabled: false, pageLoadStrategy: normal, platformName: WINDOWS, proxy: Proxy(), se:cdp: ws://localhost:55579/devtoo..., se:cdpVersion: 128.0.6613.121, setWindowRect: true, strictFileInteractability: false, timeouts: {implicit: 0, pageLoad: 300000, script: 30000}, unhandledPromptBehavior: dismiss and notify, webauthn:extension:credBlob: true, webauthn:extension:largeBlob: true, webauthn:extension:minPinLength: true, webauthn:extension:prf: true, webauthn:virtualAuthenticators: true}
Element: [[ChromeDriver: chrome on WINDOWS (eb17e317c4a5a5d1e58cfe077f14cee0)] -&amp;gt; xpath: //span[text()=&amp;apos;Designation&amp;apos;]]
Session ID: eb17e317c4a5a5d1e58cfe077f14cee0">
      <![CDATA[org.openqa.selenium.ElementNotInteractableException: element not interactable
  (Session info: chrome=128.0.6613.121)
Build info: version: '4.4.0', revision: 'e5c75ed026a'
System info: host: 'BF0020530413', ip: '10.60.12.180', os.name: 'Windows 10', os.arch: 'amd64', os.version: '10.0', java.version: '22.0.1'
Driver info: org.openqa.selenium.chrome.ChromeDriver
Command: [eb17e317c4a5a5d1e58cfe077f14cee0, clickElement {id=f.84796943B5CC276A2FE37BFA466C663A.d.F3E538F54ED0DB83D14C948421CB4772.e.88}]
Capabilities {acceptInsecureCerts: false, browserName: chrome, browserVersion: 128.0.6613.121, chrome: {chromedriverVersion: 128.0.6613.137 (fe621c5aa2d..., userDataDir: C:\Users\Nagnath.g\AppData\...}, fedcm:accounts: true, goog:chromeOptions: {debuggerAddress: localhost:55579}, networkConnectionEnabled: false, pageLoadStrategy: normal, platformName: WINDOWS, proxy: Proxy(), se:cdp: ws://localhost:55579/devtoo..., se:cdpVersion: 128.0.6613.121, setWindowRect: true, strictFileInteractability: false, timeouts: {implicit: 0, pageLoad: 300000, script: 30000}, unhandledPromptBehavior: dismiss and notify, webauthn:extension:credBlob: true, webauthn:extension:largeBlob: true, webauthn:extension:minPinLength: true, webauthn:extension:prf: true, webauthn:virtualAuthenticators: true}
Element: [[ChromeDriver: chrome on WINDOWS (eb17e317c4a5a5d1e58cfe077f14cee0)] -> xpath: //span[text()='Designation']]
Session ID: eb17e317c4a5a5d1e58cfe077f14cee0
at org.openqa.selenium.remote.ErrorCodec.decode(ErrorCodec.java:167)
at org.openqa.selenium.remote.codec.w3c.W3CHttpResponseCodec.decode(W3CHttpResponseCodec.java:138)
at org.openqa.selenium.remote.codec.w3c.W3CHttpResponseCodec.decode(W3CHttpResponseCodec.java:50)
at org.openqa.selenium.remote.HttpCommandExecutor.execute(HttpCommandExecutor.java:190)
at org.openqa.selenium.remote.service.DriverCommandExecutor.invokeExecute(DriverCommandExecutor.java:216)
at org.openqa.selenium.remote.service.DriverCommandExecutor.execute(DriverCommandExecutor.java:174)
at org.openqa.selenium.remote.RemoteWebDriver.execute(RemoteWebDriver.java:519)
at org.openqa.selenium.remote.RemoteWebElement.execute(RemoteWebElement.java:223)
at org.openqa.selenium.remote.RemoteWebElement.click(RemoteWebElement.java:76)
at com.befreebdms.qa.administrator.Designation.setUp(Designation.java:48)
at java.base/java.util.ArrayList.forEach(ArrayList.java:1597)
... Removed 32 stack frames]]>
    </failure>
  </testcase> <!-- @BeforeMethod setUp -->
  <testcase classname="com.befreebdms.qa.administrator.Designation" name="@AfterMethod tearDown" time="0.0">
    <skipped/>
  </testcase> <!-- @AfterMethod tearDown -->
  <testcase classname="com.befreebdms.qa.administrator.Designation" name="@BeforeMethod setUp" time="0.0">
    <skipped/>
  </testcase> <!-- @BeforeMethod setUp -->
  <testcase classname="com.befreebdms.qa.administrator.Designation" name="@AfterMethod tearDown" time="0.0">
    <skipped/>
  </testcase> <!-- @AfterMethod tearDown -->
  <testcase classname="com.befreebdms.qa.administrator.Designation" name="@BeforeMethod setUp" time="0.0">
    <skipped/>
  </testcase> <!-- @BeforeMethod setUp -->
  <testcase classname="com.befreebdms.qa.administrator.Designation" name="@AfterMethod tearDown" time="0.0">
    <skipped/>
  </testcase> <!-- @AfterMethod tearDown -->
  <testcase classname="com.befreebdms.qa.administrator.Designation" name="@BeforeMethod setUp" time="0.0">
    <skipped/>
  </testcase> <!-- @BeforeMethod setUp -->
  <testcase classname="com.befreebdms.qa.administrator.Designation" name="@AfterMethod tearDown" time="0.0">
    <skipped/>
  </testcase> <!-- @AfterMethod tearDown -->
  <testcase classname="com.befreebdms.qa.administrator.Designation" name="@BeforeMethod setUp" time="0.0">
    <skipped/>
  </testcase> <!-- @BeforeMethod setUp -->
  <testcase classname="com.befreebdms.qa.administrator.Designation" name="@AfterMethod tearDown" time="0.0">
    <skipped/>
  </testcase> <!-- @AfterMethod tearDown -->
  <testcase classname="com.befreebdms.qa.administrator.Designation" name="@BeforeMethod setUp" time="0.0">
    <skipped/>
  </testcase> <!-- @BeforeMethod setUp -->
  <testcase classname="com.befreebdms.qa.administrator.Designation" name="@AfterMethod tearDown" time="0.0">
    <skipped/>
  </testcase> <!-- @AfterMethod tearDown -->
  <testcase classname="com.befreebdms.qa.administrator.Designation" name="@BeforeMethod setUp" time="0.0">
    <skipped/>
  </testcase> <!-- @BeforeMethod setUp -->
  <testcase classname="com.befreebdms.qa.administrator.Designation" name="@AfterMethod tearDown" time="0.0">
    <skipped/>
  </testcase> <!-- @AfterMethod tearDown -->
  <testcase classname="com.befreebdms.qa.administrator.Designation" name="@BeforeMethod setUp" time="0.0">
    <skipped/>
  </testcase> <!-- @BeforeMethod setUp -->
  <testcase classname="com.befreebdms.qa.administrator.Designation" name="@AfterMethod tearDown" time="0.0">
    <skipped/>
  </testcase> <!-- @AfterMethod tearDown -->
  <testcase classname="com.befreebdms.qa.administrator.Designation" name="@BeforeMethod setUp" time="0.0">
    <skipped/>
  </testcase> <!-- @BeforeMethod setUp -->
  <testcase classname="com.befreebdms.qa.administrator.Designation" name="@AfterMethod tearDown" time="0.0">
    <skipped/>
  </testcase> <!-- @AfterMethod tearDown -->
  <testcase classname="com.befreebdms.qa.administrator.Designation" name="@BeforeMethod setUp" time="0.0">
    <skipped/>
  </testcase> <!-- @BeforeMethod setUp -->
  <testcase classname="com.befreebdms.qa.administrator.Designation" name="@AfterMethod tearDown" time="0.0">
    <skipped/>
  </testcase> <!-- @AfterMethod tearDown -->
  <testcase classname="com.befreebdms.qa.administrator.Designation" name="@BeforeMethod setUp" time="0.0">
    <skipped/>
  </testcase> <!-- @BeforeMethod setUp -->
  <testcase classname="com.befreebdms.qa.administrator.Designation" name="@AfterMethod tearDown" time="0.0">
    <skipped/>
  </testcase> <!-- @AfterMethod tearDown -->
  <testcase classname="com.befreebdms.qa.administrator.Designation" name="@BeforeMethod setUp" time="0.0">
    <skipped/>
  </testcase> <!-- @BeforeMethod setUp -->
  <testcase classname="com.befreebdms.qa.administrator.Designation" name="@AfterMethod tearDown" time="0.0">
    <skipped/>
  </testcase> <!-- @AfterMethod tearDown -->
  <testcase classname="com.befreebdms.qa.administrator.Designation" name="@BeforeMethod setUp" time="0.0">
    <skipped/>
  </testcase> <!-- @BeforeMethod setUp -->
  <testcase classname="com.befreebdms.qa.administrator.Designation" name="@AfterMethod tearDown" time="0.0">
    <skipped/>
  </testcase> <!-- @AfterMethod tearDown -->
  <testcase classname="com.befreebdms.qa.administrator.Designation" name="@BeforeMethod setUp" time="0.0">
    <skipped/>
  </testcase> <!-- @BeforeMethod setUp -->
  <testcase classname="com.befreebdms.qa.administrator.Designation" name="@AfterMethod tearDown" time="0.0">
    <skipped/>
  </testcase> <!-- @AfterMethod tearDown -->
  <testcase classname="com.befreebdms.qa.administrator.Designation" name="@BeforeMethod setUp" time="0.0">
    <skipped/>
  </testcase> <!-- @BeforeMethod setUp -->
  <testcase classname="com.befreebdms.qa.administrator.Designation" name="@AfterMethod tearDown" time="0.0">
    <skipped/>
  </testcase> <!-- @AfterMethod tearDown -->
  <testcase classname="com.befreebdms.qa.administrator.Designation" name="@BeforeMethod setUp" time="0.0">
    <skipped/>
  </testcase> <!-- @BeforeMethod setUp -->
  <testcase classname="com.befreebdms.qa.administrator.Designation" name="@AfterMethod tearDown" time="0.0">
    <skipped/>
  </testcase> <!-- @AfterMethod tearDown -->
  <testcase classname="com.befreebdms.qa.administrator.Designation" name="@BeforeMethod setUp" time="0.0">
    <skipped/>
  </testcase> <!-- @BeforeMethod setUp -->
  <testcase classname="com.befreebdms.qa.administrator.Designation" name="@AfterMethod tearDown" time="0.0">
    <skipped/>
  </testcase> <!-- @AfterMethod tearDown -->
  <testcase classname="com.befreebdms.qa.administrator.Designation" name="@BeforeMethod setUp" time="0.0">
    <skipped/>
  </testcase> <!-- @BeforeMethod setUp -->
  <testcase classname="com.befreebdms.qa.administrator.Designation" name="@AfterMethod tearDown" time="0.0">
    <skipped/>
  </testcase> <!-- @AfterMethod tearDown -->
  <testcase classname="com.befreebdms.qa.administrator.Designation" name="@BeforeMethod setUp" time="0.0">
    <skipped/>
  </testcase> <!-- @BeforeMethod setUp -->
  <testcase classname="com.befreebdms.qa.administrator.Designation" name="@AfterMethod tearDown" time="0.0">
    <skipped/>
  </testcase> <!-- @AfterMethod tearDown -->
  <testcase classname="com.befreebdms.qa.administrator.Designation" name="@BeforeMethod setUp" time="0.0">
    <skipped/>
  </testcase> <!-- @BeforeMethod setUp -->
  <testcase classname="com.befreebdms.qa.administrator.Designation" name="@AfterMethod tearDown" time="0.0">
    <skipped/>
  </testcase> <!-- @AfterMethod tearDown -->
  <testcase classname="com.befreebdms.qa.administrator.Designation" name="@BeforeMethod setUp" time="0.0">
    <skipped/>
  </testcase> <!-- @BeforeMethod setUp -->
  <testcase classname="com.befreebdms.qa.administrator.Designation" name="@AfterMethod tearDown" time="0.0">
    <skipped/>
  </testcase> <!-- @AfterMethod tearDown -->
  <testcase classname="com.befreebdms.qa.administrator.Designation" name="@BeforeMethod setUp" time="0.0">
    <skipped/>
  </testcase> <!-- @BeforeMethod setUp -->
  <testcase classname="com.befreebdms.qa.administrator.Designation" name="@AfterMethod tearDown" time="0.0">
    <skipped/>
  </testcase> <!-- @AfterMethod tearDown -->
  <testcase classname="com.befreebdms.qa.administrator.Designation" name="@BeforeMethod setUp" time="0.0">
    <skipped/>
  </testcase> <!-- @BeforeMethod setUp -->
  <testcase classname="com.befreebdms.qa.administrator.Designation" name="@AfterMethod tearDown" time="0.0">
    <skipped/>
  </testcase> <!-- @AfterMethod tearDown -->
  <testcase classname="com.befreebdms.qa.administrator.Designation" name="@BeforeMethod setUp" time="0.0">
    <skipped/>
  </testcase> <!-- @BeforeMethod setUp -->
  <testcase classname="com.befreebdms.qa.administrator.Designation" name="@AfterMethod tearDown" time="0.0">
    <skipped/>
  </testcase> <!-- @AfterMethod tearDown -->
  <testcase classname="com.befreebdms.qa.administrator.Designation" name="@BeforeMethod setUp" time="0.0">
    <skipped/>
  </testcase> <!-- @BeforeMethod setUp -->
  <testcase classname="com.befreebdms.qa.administrator.Designation" name="@AfterMethod tearDown" time="0.0">
    <skipped/>
  </testcase> <!-- @AfterMethod tearDown -->
  <testcase classname="com.befreebdms.qa.administrator.Designation" name="@BeforeMethod setUp" time="0.0">
    <skipped/>
  </testcase> <!-- @BeforeMethod setUp -->
  <testcase classname="com.befreebdms.qa.administrator.Designation" name="@AfterMethod tearDown" time="0.0">
    <skipped/>
  </testcase> <!-- @AfterMethod tearDown -->
  <testcase classname="com.befreebdms.qa.administrator.Designation" name="@BeforeMethod setUp" time="0.0">
    <skipped/>
  </testcase> <!-- @BeforeMethod setUp -->
  <testcase classname="com.befreebdms.qa.administrator.Designation" name="@AfterMethod tearDown" time="0.0">
    <skipped/>
  </testcase> <!-- @AfterMethod tearDown -->
  <testcase classname="com.befreebdms.qa.administrator.Designation" name="@BeforeMethod setUp" time="0.0">
    <skipped/>
  </testcase> <!-- @BeforeMethod setUp -->
  <testcase classname="com.befreebdms.qa.administrator.Designation" name="@AfterMethod tearDown" time="0.0">
    <skipped/>
  </testcase> <!-- @AfterMethod tearDown -->
  <testcase classname="com.befreebdms.qa.administrator.Designation" name="@BeforeMethod setUp" time="0.0">
    <skipped/>
  </testcase> <!-- @BeforeMethod setUp -->
  <testcase classname="com.befreebdms.qa.administrator.Designation" name="@AfterMethod tearDown" time="0.0">
    <skipped/>
  </testcase> <!-- @AfterMethod tearDown -->
  <testcase classname="com.befreebdms.qa.administrator.Designation" name="@BeforeMethod setUp" time="0.0">
    <skipped/>
  </testcase> <!-- @BeforeMethod setUp -->
  <testcase classname="com.befreebdms.qa.administrator.Designation" name="@AfterMethod tearDown" time="0.0">
    <skipped/>
  </testcase> <!-- @AfterMethod tearDown -->
  <testcase classname="com.befreebdms.qa.administrator.Designation" name="@BeforeMethod setUp" time="0.0">
    <skipped/>
  </testcase> <!-- @BeforeMethod setUp -->
  <testcase classname="com.befreebdms.qa.administrator.Designation" name="@AfterMethod tearDown" time="0.0">
    <skipped/>
  </testcase> <!-- @AfterMethod tearDown -->
  <testcase classname="com.befreebdms.qa.administrator.Designation" name="@BeforeMethod setUp" time="0.0">
    <skipped/>
  </testcase> <!-- @BeforeMethod setUp -->
  <testcase classname="com.befreebdms.qa.administrator.Designation" name="@AfterMethod tearDown" time="0.0">
    <skipped/>
  </testcase> <!-- @AfterMethod tearDown -->
  <testcase classname="com.befreebdms.qa.administrator.Designation" name="@BeforeMethod setUp" time="0.0">
    <skipped/>
  </testcase> <!-- @BeforeMethod setUp -->
  <testcase classname="com.befreebdms.qa.administrator.Designation" name="@AfterMethod tearDown" time="0.0">
    <skipped/>
  </testcase> <!-- @AfterMethod tearDown -->
  <testcase classname="com.befreebdms.qa.administrator.Designation" name="@BeforeMethod setUp" time="0.0">
    <skipped/>
  </testcase> <!-- @BeforeMethod setUp -->
  <testcase classname="com.befreebdms.qa.administrator.Designation" name="@AfterMethod tearDown" time="0.0">
    <skipped/>
  </testcase> <!-- @AfterMethod tearDown -->
  <testcase classname="com.befreebdms.qa.administrator.Designation" name="@BeforeMethod setUp" time="0.0">
    <skipped/>
  </testcase> <!-- @BeforeMethod setUp -->
  <testcase classname="com.befreebdms.qa.administrator.Designation" name="@AfterMethod tearDown" time="0.0">
    <skipped/>
  </testcase> <!-- @AfterMethod tearDown -->
  <testcase classname="com.befreebdms.qa.administrator.Designation" name="@BeforeMethod setUp" time="0.0">
    <skipped/>
  </testcase> <!-- @BeforeMethod setUp -->
  <testcase classname="com.befreebdms.qa.administrator.Designation" name="@AfterMethod tearDown" time="0.0">
    <skipped/>
  </testcase> <!-- @AfterMethod tearDown -->
  <testcase classname="com.befreebdms.qa.administrator.Designation" name="@BeforeMethod setUp" time="0.0">
    <skipped/>
  </testcase> <!-- @BeforeMethod setUp -->
  <testcase classname="com.befreebdms.qa.administrator.Designation" name="@AfterMethod tearDown" time="0.0">
    <skipped/>
  </testcase> <!-- @AfterMethod tearDown -->
  <testcase classname="com.befreebdms.qa.administrator.Designation" name="@BeforeMethod setUp" time="0.0">
    <skipped/>
  </testcase> <!-- @BeforeMethod setUp -->
  <testcase classname="com.befreebdms.qa.administrator.Designation" name="@AfterMethod tearDown" time="0.0">
    <skipped/>
  </testcase> <!-- @AfterMethod tearDown -->
  <testcase classname="com.befreebdms.qa.administrator.Designation" name="@BeforeMethod setUp" time="0.0">
    <skipped/>
  </testcase> <!-- @BeforeMethod setUp -->
  <testcase classname="com.befreebdms.qa.administrator.Designation" name="@AfterMethod tearDown" time="0.0">
    <skipped/>
  </testcase> <!-- @AfterMethod tearDown -->
  <testcase classname="com.befreebdms.qa.administrator.Designation" name="@BeforeMethod setUp" time="0.0">
    <skipped/>
  </testcase> <!-- @BeforeMethod setUp -->
  <testcase classname="com.befreebdms.qa.administrator.Designation" name="@AfterMethod tearDown" time="0.0">
    <skipped/>
  </testcase> <!-- @AfterMethod tearDown -->
  <testcase classname="com.befreebdms.qa.administrator.Designation" name="@BeforeMethod setUp" time="0.0">
    <skipped/>
  </testcase> <!-- @BeforeMethod setUp -->
  <testcase classname="com.befreebdms.qa.administrator.Designation" name="@AfterMethod tearDown" time="0.0">
    <skipped/>
  </testcase> <!-- @AfterMethod tearDown -->
  <testcase classname="com.befreebdms.qa.administrator.Designation" name="@BeforeMethod setUp" time="0.0">
    <skipped/>
  </testcase> <!-- @BeforeMethod setUp -->
  <testcase classname="com.befreebdms.qa.administrator.Designation" name="@AfterMethod tearDown" time="0.0">
    <skipped/>
  </testcase> <!-- @AfterMethod tearDown -->
  <testcase classname="com.befreebdms.qa.administrator.Designation" name="@BeforeMethod setUp" time="0.0">
    <skipped/>
  </testcase> <!-- @BeforeMethod setUp -->
  <testcase classname="com.befreebdms.qa.administrator.Designation" name="@AfterMethod tearDown" time="0.0">
    <skipped/>
  </testcase> <!-- @AfterMethod tearDown -->
  <testcase classname="com.befreebdms.qa.administrator.Designation" name="@BeforeMethod setUp" time="0.0">
    <skipped/>
  </testcase> <!-- @BeforeMethod setUp -->
  <testcase classname="com.befreebdms.qa.administrator.Designation" name="@AfterMethod tearDown" time="0.0">
    <skipped/>
  </testcase> <!-- @AfterMethod tearDown -->
  <testcase classname="com.befreebdms.qa.administrator.Designation" name="@BeforeMethod setUp" time="0.0">
    <skipped/>
  </testcase> <!-- @BeforeMethod setUp -->
  <testcase classname="com.befreebdms.qa.administrator.Designation" name="@AfterMethod tearDown" time="0.0">
    <skipped/>
  </testcase> <!-- @AfterMethod tearDown -->
  <testcase classname="com.befreebdms.qa.administrator.Designation" name="@BeforeMethod setUp" time="0.0">
    <skipped/>
  </testcase> <!-- @BeforeMethod setUp -->
  <testcase classname="com.befreebdms.qa.administrator.Designation" name="@AfterMethod tearDown" time="0.0">
    <skipped/>
  </testcase> <!-- @AfterMethod tearDown -->
  <testcase classname="com.befreebdms.qa.administrator.Designation" name="@BeforeMethod setUp" time="0.0">
    <skipped/>
  </testcase> <!-- @BeforeMethod setUp -->
  <testcase classname="com.befreebdms.qa.administrator.Designation" name="@AfterMethod tearDown" time="0.0">
    <skipped/>
  </testcase> <!-- @AfterMethod tearDown -->
  <testcase classname="com.befreebdms.qa.administrator.Designation" name="@BeforeMethod setUp" time="0.0">
    <skipped/>
  </testcase> <!-- @BeforeMethod setUp -->
  <testcase classname="com.befreebdms.qa.administrator.Designation" name="@AfterMethod tearDown" time="0.0">
    <skipped/>
  </testcase> <!-- @AfterMethod tearDown -->
  <testcase classname="com.befreebdms.qa.administrator.Designation" name="@BeforeMethod setUp" time="0.0">
    <skipped/>
  </testcase> <!-- @BeforeMethod setUp -->
  <testcase classname="com.befreebdms.qa.administrator.Designation" name="@AfterMethod tearDown" time="0.0">
    <skipped/>
  </testcase> <!-- @AfterMethod tearDown -->
  <testcase classname="com.befreebdms.qa.administrator.Designation" name="@BeforeMethod setUp" time="0.0">
    <skipped/>
  </testcase> <!-- @BeforeMethod setUp -->
  <testcase classname="com.befreebdms.qa.administrator.Designation" name="@AfterMethod tearDown" time="0.0">
    <skipped/>
  </testcase> <!-- @AfterMethod tearDown -->
  <testcase classname="com.befreebdms.qa.administrator.Designation" name="@BeforeMethod setUp" time="0.0">
    <skipped/>
  </testcase> <!-- @BeforeMethod setUp -->
  <testcase classname="com.befreebdms.qa.administrator.Designation" name="@AfterMethod tearDown" time="0.0">
    <skipped/>
  </testcase> <!-- @AfterMethod tearDown -->
  <testcase classname="com.befreebdms.qa.administrator.Designation" name="@BeforeMethod setUp" time="0.0">
    <skipped/>
  </testcase> <!-- @BeforeMethod setUp -->
  <testcase classname="com.befreebdms.qa.administrator.Designation" name="@AfterMethod tearDown" time="0.0">
    <skipped/>
  </testcase> <!-- @AfterMethod tearDown -->
  <testcase classname="com.befreebdms.qa.administrator.Designation" name="@BeforeMethod setUp" time="0.0">
    <skipped/>
  </testcase> <!-- @BeforeMethod setUp -->
  <testcase classname="com.befreebdms.qa.administrator.Designation" name="@AfterMethod tearDown" time="0.0">
    <skipped/>
  </testcase> <!-- @AfterMethod tearDown -->
  <testcase classname="com.befreebdms.qa.administrator.Designation" name="@BeforeMethod setUp" time="0.0">
    <skipped/>
  </testcase> <!-- @BeforeMethod setUp -->
  <testcase classname="com.befreebdms.qa.administrator.Designation" name="@AfterMethod tearDown" time="0.0">
    <skipped/>
  </testcase> <!-- @AfterMethod tearDown -->
  <testcase classname="com.befreebdms.qa.administrator.Designation" name="@BeforeMethod setUp" time="0.0">
    <skipped/>
  </testcase> <!-- @BeforeMethod setUp -->
  <testcase classname="com.befreebdms.qa.administrator.Designation" name="@AfterMethod tearDown" time="0.0">
    <skipped/>
  </testcase> <!-- @AfterMethod tearDown -->
  <testcase classname="com.befreebdms.qa.administrator.Designation" name="@BeforeMethod setUp" time="0.0">
    <skipped/>
  </testcase> <!-- @BeforeMethod setUp -->
  <testcase classname="com.befreebdms.qa.administrator.Designation" name="@AfterMethod tearDown" time="0.0">
    <skipped/>
  </testcase> <!-- @AfterMethod tearDown -->
  <testcase classname="com.befreebdms.qa.administrator.Designation" name="@BeforeMethod setUp" time="0.0">
    <skipped/>
  </testcase> <!-- @BeforeMethod setUp -->
  <testcase classname="com.befreebdms.qa.administrator.Designation" name="@AfterMethod tearDown" time="0.0">
    <skipped/>
  </testcase> <!-- @AfterMethod tearDown -->
  <testcase classname="com.befreebdms.qa.administrator.Designation" name="@BeforeMethod setUp" time="0.0">
    <skipped/>
  </testcase> <!-- @BeforeMethod setUp -->
  <testcase classname="com.befreebdms.qa.administrator.Designation" name="@AfterMethod tearDown" time="0.0">
    <skipped/>
  </testcase> <!-- @AfterMethod tearDown -->
  <testcase classname="com.befreebdms.qa.administrator.Designation" name="@BeforeMethod setUp" time="0.0">
    <skipped/>
  </testcase> <!-- @BeforeMethod setUp -->
  <testcase classname="com.befreebdms.qa.administrator.Designation" name="@AfterMethod tearDown" time="0.0">
    <skipped/>
  </testcase> <!-- @AfterMethod tearDown -->
  <testcase classname="com.befreebdms.qa.administrator.Designation" name="@BeforeMethod setUp" time="0.0">
    <skipped/>
  </testcase> <!-- @BeforeMethod setUp -->
  <testcase classname="com.befreebdms.qa.administrator.Designation" name="@AfterMethod tearDown" time="0.0">
    <skipped/>
  </testcase> <!-- @AfterMethod tearDown -->
  <testcase classname="com.befreebdms.qa.administrator.Designation" name="@BeforeMethod setUp" time="0.0">
    <skipped/>
  </testcase> <!-- @BeforeMethod setUp -->
  <testcase classname="com.befreebdms.qa.administrator.Designation" name="@AfterMethod tearDown" time="0.0">
    <skipped/>
  </testcase> <!-- @AfterMethod tearDown -->
  <testcase classname="com.befreebdms.qa.administrator.Designation" name="@BeforeMethod setUp" time="0.0">
    <skipped/>
  </testcase> <!-- @BeforeMethod setUp -->
  <testcase classname="com.befreebdms.qa.administrator.Designation" name="@AfterMethod tearDown" time="0.0">
    <skipped/>
  </testcase> <!-- @AfterMethod tearDown -->
  <testcase classname="com.befreebdms.qa.administrator.Designation" name="@BeforeMethod setUp" time="0.0">
    <skipped/>
  </testcase> <!-- @BeforeMethod setUp -->
  <testcase classname="com.befreebdms.qa.administrator.Designation" name="@AfterMethod tearDown" time="0.0">
    <skipped/>
  </testcase> <!-- @AfterMethod tearDown -->
  <testcase classname="com.befreebdms.qa.administrator.Designation" name="@BeforeMethod setUp" time="0.0">
    <skipped/>
  </testcase> <!-- @BeforeMethod setUp -->
  <testcase classname="com.befreebdms.qa.administrator.Designation" name="@AfterMethod tearDown" time="0.0">
    <skipped/>
  </testcase> <!-- @AfterMethod tearDown -->
  <testcase classname="com.befreebdms.qa.administrator.Designation" name="@BeforeMethod setUp" time="0.0">
    <skipped/>
  </testcase> <!-- @BeforeMethod setUp -->
  <testcase classname="com.befreebdms.qa.administrator.Designation" name="@AfterMethod tearDown" time="0.0">
    <skipped/>
  </testcase> <!-- @AfterMethod tearDown -->
  <testcase classname="com.befreebdms.qa.administrator.Designation" name="@BeforeMethod setUp" time="0.0">
    <skipped/>
  </testcase> <!-- @BeforeMethod setUp -->
  <testcase classname="com.befreebdms.qa.administrator.Designation" name="@AfterMethod tearDown" time="0.0">
    <skipped/>
  </testcase> <!-- @AfterMethod tearDown -->
  <testcase classname="com.befreebdms.qa.administrator.Designation" name="@BeforeMethod setUp" time="0.0">
    <skipped/>
  </testcase> <!-- @BeforeMethod setUp -->
  <testcase classname="com.befreebdms.qa.administrator.Designation" name="@AfterMethod tearDown" time="0.0">
    <skipped/>
  </testcase> <!-- @AfterMethod tearDown -->
  <testcase classname="com.befreebdms.qa.administrator.Designation" name="@BeforeMethod setUp" time="0.0">
    <skipped/>
  </testcase> <!-- @BeforeMethod setUp -->
  <testcase classname="com.befreebdms.qa.administrator.Designation" name="@AfterMethod tearDown" time="0.0">
    <skipped/>
  </testcase> <!-- @AfterMethod tearDown -->
  <testcase classname="com.befreebdms.qa.administrator.Designation" name="@BeforeMethod setUp" time="0.0">
    <skipped/>
  </testcase> <!-- @BeforeMethod setUp -->
  <testcase classname="com.befreebdms.qa.administrator.Designation" name="@AfterMethod tearDown" time="0.0">
    <skipped/>
  </testcase> <!-- @AfterMethod tearDown -->
  <testcase classname="com.befreebdms.qa.administrator.Designation" name="@BeforeMethod setUp" time="0.0">
    <skipped/>
  </testcase> <!-- @BeforeMethod setUp -->
  <testcase classname="com.befreebdms.qa.administrator.Designation" name="@AfterMethod tearDown" time="0.0">
    <skipped/>
  </testcase> <!-- @AfterMethod tearDown -->
  <testcase classname="com.befreebdms.qa.administrator.Designation" name="@BeforeMethod setUp" time="0.0">
    <skipped/>
  </testcase> <!-- @BeforeMethod setUp -->
  <testcase classname="com.befreebdms.qa.administrator.Designation" name="@AfterMethod tearDown" time="0.0">
    <skipped/>
  </testcase> <!-- @AfterMethod tearDown -->
  <testcase classname="com.befreebdms.qa.administrator.Designation" name="@BeforeMethod setUp" time="0.0">
    <skipped/>
  </testcase> <!-- @BeforeMethod setUp -->
  <testcase classname="com.befreebdms.qa.administrator.Designation" name="@AfterMethod tearDown" time="0.0">
    <skipped/>
  </testcase> <!-- @AfterMethod tearDown -->
  <testcase classname="com.befreebdms.qa.administrator.Designation" name="@BeforeMethod setUp" time="0.0">
    <skipped/>
  </testcase> <!-- @BeforeMethod setUp -->
  <testcase classname="com.befreebdms.qa.administrator.Designation" name="@AfterMethod tearDown" time="0.0">
    <skipped/>
  </testcase> <!-- @AfterMethod tearDown -->
  <testcase classname="com.befreebdms.qa.administrator.Designation" name="@BeforeMethod setUp" time="0.0">
    <skipped/>
  </testcase> <!-- @BeforeMethod setUp -->
  <testcase classname="com.befreebdms.qa.administrator.Designation" name="@AfterMethod tearDown" time="0.0">
    <skipped/>
  </testcase> <!-- @AfterMethod tearDown -->
  <testcase classname="com.befreebdms.qa.administrator.Designation" name="@BeforeMethod setUp" time="0.0">
    <skipped/>
  </testcase> <!-- @BeforeMethod setUp -->
  <testcase classname="com.befreebdms.qa.administrator.Designation" name="@AfterMethod tearDown" time="0.0">
    <skipped/>
  </testcase> <!-- @AfterMethod tearDown -->
  <testcase classname="com.befreebdms.qa.administrator.Designation" name="@BeforeMethod setUp" time="0.0">
    <skipped/>
  </testcase> <!-- @BeforeMethod setUp -->
  <testcase classname="com.befreebdms.qa.administrator.Designation" name="@AfterMethod tearDown" time="0.0">
    <skipped/>
  </testcase> <!-- @AfterMethod tearDown -->
  <testcase classname="com.befreebdms.qa.myprofile.ApplyLeave" name="verifyApplyCasualLeave" time="8.63"/>
  <testcase classname="com.befreebdms.qa.myprofile.ApplyLeave" name="verifyApplyCompOffLeave" time="6.846"/>
  <testcase classname="com.befreebdms.qa.myprofile.ApplyLeave" name="verifyApplySickLeave" time="10.916"/>
  <testcase classname="com.befreebdms.qa.myprofile.ApplyLeave" name="verifyApplyMaternityLeave" time="12.995"/>
  <testcase classname="com.befreebdms.qa.myprofile.MyHolidayWorking" name="verifyAddRecordForHolidayWorking" time="8.037"/>
  <testcase classname="com.befreebdms.qa.administrator.Designation" name="verifyGroupManagerRights" time="10.64"/>
  <testcase classname="com.befreebdms.qa.administrator.Designation" name="verifyGroupManagerRights" time="10.751"/>
  <testcase classname="com.befreebdms.qa.administrator.Designation" name="verifyGroupManagerRights" time="10.876"/>
  <testcase classname="com.befreebdms.qa.administrator.Designation" name="verifyGroupManagerRights" time="10.935"/>
  <testcase classname="com.befreebdms.qa.administrator.Designation" name="verifyGroupManagerRights" time="10.762"/>
  <testcase classname="com.befreebdms.qa.administrator.Designation" name="verifyGroupManagerRights" time="2.27">
    <failure type="java.lang.IllegalArgumentException" message="Keys to send should be a not null CharSequence">
      <![CDATA[java.lang.IllegalArgumentException: Keys to send should be a not null CharSequence
at org.openqa.selenium.remote.RemoteWebElement.sendKeys(RemoteWebElement.java:96)
at com.befreebdms.qa.administrator.Designation.verifyGroupManagerRights(Designation.java:74)
at java.base/java.util.ArrayList.forEach(ArrayList.java:1597)
... Removed 25 stack frames]]>
    </failure>
  </testcase> <!-- verifyGroupManagerRights -->
  <testcase classname="com.befreebdms.qa.administrator.Designation" name="verifyGroupManagerRights" time="1.076">
    <failure type="java.lang.IllegalArgumentException" message="Keys to send should be a not null CharSequence">
      <![CDATA[java.lang.IllegalArgumentException: Keys to send should be a not null CharSequence
at org.openqa.selenium.remote.RemoteWebElement.sendKeys(RemoteWebElement.java:96)
at com.befreebdms.qa.administrator.Designation.verifyGroupManagerRights(Designation.java:74)
at java.base/java.util.ArrayList.forEach(ArrayList.java:1597)
... Removed 25 stack frames]]>
    </failure>
  </testcase> <!-- verifyGroupManagerRights -->
  <testcase classname="com.befreebdms.qa.administrator.Designation" name="verifyGroupManagerRights" time="2.428">
    <failure type="java.lang.IllegalArgumentException" message="Keys to send should be a not null CharSequence">
      <![CDATA[java.lang.IllegalArgumentException: Keys to send should be a not null CharSequence
at org.openqa.selenium.remote.RemoteWebElement.sendKeys(RemoteWebElement.java:96)
at com.befreebdms.qa.administrator.Designation.verifyGroupManagerRights(Designation.java:74)
at java.base/java.util.ArrayList.forEach(ArrayList.java:1597)
... Removed 25 stack frames]]>
    </failure>
  </testcase> <!-- verifyGroupManagerRights -->
  <testcase classname="com.befreebdms.qa.administrator.Designation" name="verifyGroupManagerRights" time="2.368">
    <failure type="java.lang.IllegalArgumentException" message="Keys to send should be a not null CharSequence">
      <![CDATA[java.lang.IllegalArgumentException: Keys to send should be a not null CharSequence
at org.openqa.selenium.remote.RemoteWebElement.sendKeys(RemoteWebElement.java:96)
at com.befreebdms.qa.administrator.Designation.verifyGroupManagerRights(Designation.java:74)
at java.base/java.util.ArrayList.forEach(ArrayList.java:1597)
... Removed 25 stack frames]]>
    </failure>
  </testcase> <!-- verifyGroupManagerRights -->
  <testcase classname="com.befreebdms.qa.administrator.Designation" name="verifyGroupManagerRights" time="3.464">
    <failure type="java.lang.IllegalArgumentException" message="Keys to send should be a not null CharSequence">
      <![CDATA[java.lang.IllegalArgumentException: Keys to send should be a not null CharSequence
at org.openqa.selenium.remote.RemoteWebElement.sendKeys(RemoteWebElement.java:96)
at com.befreebdms.qa.administrator.Designation.verifyGroupManagerRights(Designation.java:74)
at java.base/java.util.ArrayList.forEach(ArrayList.java:1597)
... Removed 25 stack frames]]>
    </failure>
  </testcase> <!-- verifyGroupManagerRights -->
  <testcase classname="com.befreebdms.qa.administrator.Designation" name="verifyGroupManagerRights" time="3.074">
    <failure type="java.lang.IllegalArgumentException" message="Keys to send should be a not null CharSequence">
      <![CDATA[java.lang.IllegalArgumentException: Keys to send should be a not null CharSequence
at org.openqa.selenium.remote.RemoteWebElement.sendKeys(RemoteWebElement.java:96)
at com.befreebdms.qa.administrator.Designation.verifyGroupManagerRights(Designation.java:74)
at java.base/java.util.ArrayList.forEach(ArrayList.java:1597)
... Removed 25 stack frames]]>
    </failure>
  </testcase> <!-- verifyGroupManagerRights -->
  <testcase classname="com.befreebdms.qa.administrator.Designation" name="verifyGroupManagerRights" time="2.487">
    <failure type="java.lang.IllegalArgumentException" message="Keys to send should be a not null CharSequence">
      <![CDATA[java.lang.IllegalArgumentException: Keys to send should be a not null CharSequence
at org.openqa.selenium.remote.RemoteWebElement.sendKeys(RemoteWebElement.java:96)
at com.befreebdms.qa.administrator.Designation.verifyGroupManagerRights(Designation.java:74)
at java.base/java.util.ArrayList.forEach(ArrayList.java:1597)
... Removed 25 stack frames]]>
    </failure>
  </testcase> <!-- verifyGroupManagerRights -->
  <testcase classname="com.befreebdms.qa.administrator.Designation" name="verifyGroupManagerRights" time="1.169">
    <failure type="java.lang.IllegalArgumentException" message="Keys to send should be a not null CharSequence">
      <![CDATA[java.lang.IllegalArgumentException: Keys to send should be a not null CharSequence
at org.openqa.selenium.remote.RemoteWebElement.sendKeys(RemoteWebElement.java:96)
at com.befreebdms.qa.administrator.Designation.verifyGroupManagerRights(Designation.java:74)
at java.base/java.util.ArrayList.forEach(ArrayList.java:1597)
... Removed 25 stack frames]]>
    </failure>
  </testcase> <!-- verifyGroupManagerRights -->
  <testcase classname="com.befreebdms.qa.administrator.Designation" name="verifyGroupManagerRights" time="3.25">
    <failure type="java.lang.IllegalArgumentException" message="Keys to send should be a not null CharSequence">
      <![CDATA[java.lang.IllegalArgumentException: Keys to send should be a not null CharSequence
at org.openqa.selenium.remote.RemoteWebElement.sendKeys(RemoteWebElement.java:96)
at com.befreebdms.qa.administrator.Designation.verifyGroupManagerRights(Designation.java:74)
at java.base/java.util.ArrayList.forEach(ArrayList.java:1597)
... Removed 25 stack frames]]>
    </failure>
  </testcase> <!-- verifyGroupManagerRights -->
  <testcase classname="com.befreebdms.qa.administrator.Designation" name="verifyGroupManagerRights" time="2.529">
    <failure type="java.lang.IllegalArgumentException" message="Keys to send should be a not null CharSequence">
      <![CDATA[java.lang.IllegalArgumentException: Keys to send should be a not null CharSequence
at org.openqa.selenium.remote.RemoteWebElement.sendKeys(RemoteWebElement.java:96)
at com.befreebdms.qa.administrator.Designation.verifyGroupManagerRights(Designation.java:74)
at java.base/java.util.ArrayList.forEach(ArrayList.java:1597)
... Removed 25 stack frames]]>
    </failure>
  </testcase> <!-- verifyGroupManagerRights -->
  <testcase classname="com.befreebdms.qa.administrator.Designation" name="verifyGroupManagerRights" time="2.808">
    <failure type="java.lang.IllegalArgumentException" message="Keys to send should be a not null CharSequence">
      <![CDATA[java.lang.IllegalArgumentException: Keys to send should be a not null CharSequence
at org.openqa.selenium.remote.RemoteWebElement.sendKeys(RemoteWebElement.java:96)
at com.befreebdms.qa.administrator.Designation.verifyGroupManagerRights(Designation.java:74)
at java.base/java.util.ArrayList.forEach(ArrayList.java:1597)
... Removed 25 stack frames]]>
    </failure>
  </testcase> <!-- verifyGroupManagerRights -->
  <testcase classname="com.befreebdms.qa.administrator.Designation" name="verifyGroupManagerRights" time="1.005">
    <failure type="java.lang.IllegalArgumentException" message="Keys to send should be a not null CharSequence">
      <![CDATA[java.lang.IllegalArgumentException: Keys to send should be a not null CharSequence
at org.openqa.selenium.remote.RemoteWebElement.sendKeys(RemoteWebElement.java:96)
at com.befreebdms.qa.administrator.Designation.verifyGroupManagerRights(Designation.java:74)
at java.base/java.util.ArrayList.forEach(ArrayList.java:1597)
... Removed 25 stack frames]]>
    </failure>
  </testcase> <!-- verifyGroupManagerRights -->
  <testcase classname="com.befreebdms.qa.administrator.Designation" name="verifyGroupManagerRights" time="0.0">
    <skipped/>
  </testcase> <!-- verifyGroupManagerRights -->
  <testcase classname="com.befreebdms.qa.administrator.Designation" name="verifyGroupManagerRights" time="0.0">
    <skipped/>
  </testcase> <!-- verifyGroupManagerRights -->
  <testcase classname="com.befreebdms.qa.administrator.Designation" name="verifyGroupManagerRights" time="0.0">
    <skipped/>
  </testcase> <!-- verifyGroupManagerRights -->
  <testcase classname="com.befreebdms.qa.administrator.Designation" name="verifyGroupManagerRights" time="0.001">
    <skipped/>
  </testcase> <!-- verifyGroupManagerRights -->
  <testcase classname="com.befreebdms.qa.administrator.Designation" name="verifyGroupManagerRights" time="0.001">
    <skipped/>
  </testcase> <!-- verifyGroupManagerRights -->
  <testcase classname="com.befreebdms.qa.administrator.Designation" name="verifyGroupManagerRights" time="0.0">
    <skipped/>
  </testcase> <!-- verifyGroupManagerRights -->
  <testcase classname="com.befreebdms.qa.administrator.Designation" name="verifyGroupManagerRights" time="0.0">
    <skipped/>
  </testcase> <!-- verifyGroupManagerRights -->
  <testcase classname="com.befreebdms.qa.administrator.Designation" name="verifyGroupManagerRights" time="0.0">
    <skipped/>
  </testcase> <!-- verifyGroupManagerRights -->
  <testcase classname="com.befreebdms.qa.administrator.Designation" name="verifyGroupManagerRights" time="0.0">
    <skipped/>
  </testcase> <!-- verifyGroupManagerRights -->
  <testcase classname="com.befreebdms.qa.administrator.Designation" name="verifyGroupManagerRights" time="0.0">
    <skipped/>
  </testcase> <!-- verifyGroupManagerRights -->
  <testcase classname="com.befreebdms.qa.administrator.Designation" name="verifyGroupManagerRights" time="0.0">
    <skipped/>
  </testcase> <!-- verifyGroupManagerRights -->
  <testcase classname="com.befreebdms.qa.administrator.Designation" name="verifyGroupManagerRights" time="0.0">
    <skipped/>
  </testcase> <!-- verifyGroupManagerRights -->
  <testcase classname="com.befreebdms.qa.administrator.Designation" name="verifyGroupManagerRights" time="0.0">
    <skipped/>
  </testcase> <!-- verifyGroupManagerRights -->
  <testcase classname="com.befreebdms.qa.administrator.Designation" name="verifyGroupManagerRights" time="0.0">
    <skipped/>
  </testcase> <!-- verifyGroupManagerRights -->
  <testcase classname="com.befreebdms.qa.administrator.Designation" name="verifyAssociateTechnicalHead" time="0.0">
    <skipped/>
  </testcase> <!-- verifyAssociateTechnicalHead -->
  <testcase classname="com.befreebdms.qa.administrator.Designation" name="verifyAssociateTechnicalHead" time="0.004">
    <skipped/>
  </testcase> <!-- verifyAssociateTechnicalHead -->
  <testcase classname="com.befreebdms.qa.administrator.Designation" name="verifyAssociateTechnicalHead" time="0.0">
    <skipped/>
  </testcase> <!-- verifyAssociateTechnicalHead -->
  <testcase classname="com.befreebdms.qa.administrator.Designation" name="verifyAssociateTechnicalHead" time="0.0">
    <skipped/>
  </testcase> <!-- verifyAssociateTechnicalHead -->
  <testcase classname="com.befreebdms.qa.administrator.Designation" name="verifyAssociateTechnicalHead" time="0.0">
    <skipped/>
  </testcase> <!-- verifyAssociateTechnicalHead -->
  <testcase classname="com.befreebdms.qa.administrator.Designation" name="verifyAssociateTechnicalHead" time="0.0">
    <skipped/>
  </testcase> <!-- verifyAssociateTechnicalHead -->
  <testcase classname="com.befreebdms.qa.administrator.Designation" name="verifyAssociateTechnicalHead" time="0.0">
    <skipped/>
  </testcase> <!-- verifyAssociateTechnicalHead -->
  <testcase classname="com.befreebdms.qa.administrator.Designation" name="verifyAssociateTechnicalHead" time="0.0">
    <skipped/>
  </testcase> <!-- verifyAssociateTechnicalHead -->
  <testcase classname="com.befreebdms.qa.administrator.Designation" name="verifyAssociateTechnicalHead" time="0.0">
    <skipped/>
  </testcase> <!-- verifyAssociateTechnicalHead -->
  <testcase classname="com.befreebdms.qa.administrator.Designation" name="verifyAssociateTechnicalHead" time="0.0">
    <skipped/>
  </testcase> <!-- verifyAssociateTechnicalHead -->
  <testcase classname="com.befreebdms.qa.administrator.Designation" name="verifyAssociateTechnicalHead" time="0.0">
    <skipped/>
  </testcase> <!-- verifyAssociateTechnicalHead -->
  <testcase classname="com.befreebdms.qa.administrator.Designation" name="verifyAssociateTechnicalHead" time="0.0">
    <skipped/>
  </testcase> <!-- verifyAssociateTechnicalHead -->
  <testcase classname="com.befreebdms.qa.administrator.Designation" name="verifyAssociateTechnicalHead" time="0.0">
    <skipped/>
  </testcase> <!-- verifyAssociateTechnicalHead -->
  <testcase classname="com.befreebdms.qa.administrator.Designation" name="verifyAssociateTechnicalHead" time="0.0">
    <skipped/>
  </testcase> <!-- verifyAssociateTechnicalHead -->
  <testcase classname="com.befreebdms.qa.administrator.Designation" name="verifyAssociateTechnicalHead" time="0.0">
    <skipped/>
  </testcase> <!-- verifyAssociateTechnicalHead -->
  <testcase classname="com.befreebdms.qa.administrator.Designation" name="verifyAssociateTechnicalHead" time="0.0">
    <skipped/>
  </testcase> <!-- verifyAssociateTechnicalHead -->
  <testcase classname="com.befreebdms.qa.administrator.Designation" name="verifyAssociateTechnicalHead" time="0.0">
    <skipped/>
  </testcase> <!-- verifyAssociateTechnicalHead -->
  <testcase classname="com.befreebdms.qa.administrator.Designation" name="verifyAssociateTechnicalHead" time="0.0">
    <skipped/>
  </testcase> <!-- verifyAssociateTechnicalHead -->
  <testcase classname="com.befreebdms.qa.administrator.Designation" name="verifyAssociateTechnicalHead" time="0.0">
    <skipped/>
  </testcase> <!-- verifyAssociateTechnicalHead -->
  <testcase classname="com.befreebdms.qa.administrator.Designation" name="verifyAssociateTechnicalHead" time="0.001">
    <skipped/>
  </testcase> <!-- verifyAssociateTechnicalHead -->
  <testcase classname="com.befreebdms.qa.administrator.Designation" name="verifyAssociateTechnicalHead" time="0.0">
    <skipped/>
  </testcase> <!-- verifyAssociateTechnicalHead -->
  <testcase classname="com.befreebdms.qa.administrator.Designation" name="verifyAssociateTechnicalHead" time="0.0">
    <skipped/>
  </testcase> <!-- verifyAssociateTechnicalHead -->
  <testcase classname="com.befreebdms.qa.administrator.Designation" name="verifyAssociateTechnicalHead" time="0.001">
    <skipped/>
  </testcase> <!-- verifyAssociateTechnicalHead -->
  <testcase classname="com.befreebdms.qa.administrator.Designation" name="verifyAssociateTechnicalHead" time="0.0">
    <skipped/>
  </testcase> <!-- verifyAssociateTechnicalHead -->
  <testcase classname="com.befreebdms.qa.administrator.Designation" name="verifyAssociateTechnicalHead" time="0.0">
    <skipped/>
  </testcase> <!-- verifyAssociateTechnicalHead -->
  <testcase classname="com.befreebdms.qa.administrator.Designation" name="verifyAssociateTechnicalHead" time="0.0">
    <skipped/>
  </testcase> <!-- verifyAssociateTechnicalHead -->
  <testcase classname="com.befreebdms.qa.administrator.Designation" name="verifyAssociateTechnicalHead" time="0.0">
    <skipped/>
  </testcase> <!-- verifyAssociateTechnicalHead -->
  <testcase classname="com.befreebdms.qa.administrator.Designation" name="verifyAssociateTechnicalHead" time="0.0">
    <skipped/>
  </testcase> <!-- verifyAssociateTechnicalHead -->
  <testcase classname="com.befreebdms.qa.administrator.Designation" name="verifyAssociateTechnicalHead" time="0.0">
    <skipped/>
  </testcase> <!-- verifyAssociateTechnicalHead -->
  <testcase classname="com.befreebdms.qa.administrator.Designation" name="verifyAssociateTechnicalHead" time="0.0">
    <skipped/>
  </testcase> <!-- verifyAssociateTechnicalHead -->
  <testcase classname="com.befreebdms.qa.administrator.Designation" name="verifyAssociateTechnicalHead" time="0.0">
    <skipped/>
  </testcase> <!-- verifyAssociateTechnicalHead -->
  <testcase classname="com.befreebdms.qa.administrator.Designation" name="verifyAssociateReviewLead" time="0.0">
    <skipped/>
  </testcase> <!-- verifyAssociateReviewLead -->
  <testcase classname="com.befreebdms.qa.administrator.Designation" name="verifyAssociateReviewLead" time="0.0">
    <skipped/>
  </testcase> <!-- verifyAssociateReviewLead -->
  <testcase classname="com.befreebdms.qa.administrator.Designation" name="verifyAssociateReviewLead" time="0.0">
    <skipped/>
  </testcase> <!-- verifyAssociateReviewLead -->
  <testcase classname="com.befreebdms.qa.administrator.Designation" name="verifyAssociateReviewLead" time="0.0">
    <skipped/>
  </testcase> <!-- verifyAssociateReviewLead -->
  <testcase classname="com.befreebdms.qa.administrator.Designation" name="verifyAssociateReviewLead" time="0.0">
    <skipped/>
  </testcase> <!-- verifyAssociateReviewLead -->
  <testcase classname="com.befreebdms.qa.administrator.Designation" name="verifyAssociateReviewLead" time="0.0">
    <skipped/>
  </testcase> <!-- verifyAssociateReviewLead -->
  <testcase classname="com.befreebdms.qa.administrator.Designation" name="verifyAssociateReviewLead" time="0.0">
    <skipped/>
  </testcase> <!-- verifyAssociateReviewLead -->
  <testcase classname="com.befreebdms.qa.administrator.Designation" name="verifyAssociateReviewLead" time="0.001">
    <skipped/>
  </testcase> <!-- verifyAssociateReviewLead -->
  <testcase classname="com.befreebdms.qa.administrator.Designation" name="verifyAssociateReviewLead" time="0.0">
    <skipped/>
  </testcase> <!-- verifyAssociateReviewLead -->
  <testcase classname="com.befreebdms.qa.administrator.Designation" name="verifyAssociateReviewLead" time="0.0">
    <skipped/>
  </testcase> <!-- verifyAssociateReviewLead -->
  <testcase classname="com.befreebdms.qa.administrator.Designation" name="verifyAssociateReviewLead" time="0.0">
    <skipped/>
  </testcase> <!-- verifyAssociateReviewLead -->
  <testcase classname="com.befreebdms.qa.administrator.Designation" name="verifyAssociateReviewLead" time="0.0">
    <skipped/>
  </testcase> <!-- verifyAssociateReviewLead -->
  <testcase classname="com.befreebdms.qa.administrator.Designation" name="verifyAssociateReviewLead" time="0.0">
    <skipped/>
  </testcase> <!-- verifyAssociateReviewLead -->
  <testcase classname="com.befreebdms.qa.administrator.Designation" name="verifyAssociateReviewLead" time="0.0">
    <skipped/>
  </testcase> <!-- verifyAssociateReviewLead -->
  <testcase classname="com.befreebdms.qa.administrator.Designation" name="verifyAssociateReviewLead" time="0.0">
    <skipped/>
  </testcase> <!-- verifyAssociateReviewLead -->
  <testcase classname="com.befreebdms.qa.administrator.Designation" name="verifyAssociateReviewLead" time="0.0">
    <skipped/>
  </testcase> <!-- verifyAssociateReviewLead -->
  <testcase classname="com.befreebdms.qa.administrator.Designation" name="verifyAssociateReviewLead" time="0.0">
    <skipped/>
  </testcase> <!-- verifyAssociateReviewLead -->
  <testcase classname="com.befreebdms.qa.administrator.Designation" name="verifyAssociateReviewLead" time="0.0">
    <skipped/>
  </testcase> <!-- verifyAssociateReviewLead -->
  <testcase classname="com.befreebdms.qa.administrator.Designation" name="verifyAssociateReviewLead" time="0.001">
    <skipped/>
  </testcase> <!-- verifyAssociateReviewLead -->
  <testcase classname="com.befreebdms.qa.administrator.Designation" name="verifyAssociateReviewLead" time="0.001">
    <skipped/>
  </testcase> <!-- verifyAssociateReviewLead -->
  <testcase classname="com.befreebdms.qa.administrator.Designation" name="verifyAssociateReviewLead" time="0.0">
    <skipped/>
  </testcase> <!-- verifyAssociateReviewLead -->
  <testcase classname="com.befreebdms.qa.administrator.Designation" name="verifyAssociateReviewLead" time="0.0">
    <skipped/>
  </testcase> <!-- verifyAssociateReviewLead -->
  <testcase classname="com.befreebdms.qa.administrator.Designation" name="verifyAssociateReviewLead" time="0.0">
    <skipped/>
  </testcase> <!-- verifyAssociateReviewLead -->
  <testcase classname="com.befreebdms.qa.administrator.Designation" name="verifyAssociateReviewLead" time="0.0">
    <skipped/>
  </testcase> <!-- verifyAssociateReviewLead -->
  <testcase classname="com.befreebdms.qa.administrator.Designation" name="verifyAssociateReviewLead" time="0.0">
    <skipped/>
  </testcase> <!-- verifyAssociateReviewLead -->
  <testcase classname="com.befreebdms.qa.administrator.Designation" name="verifyAssociateReviewLead" time="0.0">
    <skipped/>
  </testcase> <!-- verifyAssociateReviewLead -->
  <testcase classname="com.befreebdms.qa.administrator.Designation" name="verifyAssociateReviewLead" time="0.0">
    <skipped/>
  </testcase> <!-- verifyAssociateReviewLead -->
  <testcase classname="com.befreebdms.qa.administrator.Designation" name="verifyAssociateReviewLead" time="0.0">
    <skipped/>
  </testcase> <!-- verifyAssociateReviewLead -->
  <testcase classname="com.befreebdms.qa.administrator.Designation" name="verifyAssociateReviewLead" time="0.012">
    <skipped/>
  </testcase> <!-- verifyAssociateReviewLead -->
  <testcase classname="com.befreebdms.qa.administrator.Designation" name="verifyAssociateReviewLead" time="0.0">
    <skipped/>
  </testcase> <!-- verifyAssociateReviewLead -->
  <testcase classname="com.befreebdms.qa.administrator.Designation" name="verifyAssociateReviewLead" time="0.0">
    <skipped/>
  </testcase> <!-- verifyAssociateReviewLead -->
</testsuite> <!-- Test -->
