<?xml version="1.0" encoding="UTF-8"?>
<!-- Generated by org.testng.reporters.JUnitXMLReporter -->
<testsuite ignored="0" hostname="BF0035470123" failures="2" tests="36" name="Test" time="445.746" errors="0" timestamp="2024-09-15T03:26:15 IST">
  <testcase classname="com.befreebdms.qa.myprofile.ApplyLeave" name="@AfterMethod tearDown" time="1.09">
    <failure type="org.openqa.selenium.ElementClickInterceptedException" message="element click intercepted: Element &amp;lt;button _ngcontent-ng-c1524418810=&amp;quot;&amp;quot; type=&amp;quot;button&amp;quot; pstyleclass=&amp;quot;@next&amp;quot; enterclass=&amp;quot;hidden&amp;quot; enteractiveclass=&amp;quot;scalein&amp;quot; leavetoclass=&amp;quot;hidden&amp;quot; leaveactiveclass=&amp;quot;fadeout&amp;quot; class=&amp;quot;p-element topbar-profile-button p-button p-button-text p-button-raised&amp;quot;&amp;gt;...&amp;lt;/button&amp;gt; is not clickable at point (1277, 27). Other element would receive the click: &amp;lt;div class=&amp;quot;ng-tns-c647991600-89 p-dialog-mask p-component-overlay p-component-overlay-enter p-dialog-mask-scrollblocker&amp;quot; style=&amp;quot;z-index: 3204;&amp;quot;&amp;gt;...&amp;lt;/div&amp;gt;
  (Session info: chrome=128.0.6613.138)
Build info: version: &amp;apos;4.4.0&amp;apos;, revision: &amp;apos;e5c75ed026a&amp;apos;
System info: host: &amp;apos;BF0035470123&amp;apos;, ip: &amp;apos;10.60.12.31&amp;apos;, os.name: &amp;apos;Windows 11&amp;apos;, os.arch: &amp;apos;amd64&amp;apos;, os.version: &amp;apos;10.0&amp;apos;, java.version: &amp;apos;22.0.2&amp;apos;
Driver info: org.openqa.selenium.chrome.ChromeDriver
Command: [207197765e20a5a671f3c2045bebf4f8, clickElement {id=f.0E62173EAD18B64EB43ABDA182FEE969.d.E9AE53CDF0B10AB3E947E6409541DA13.e.85}]
Capabilities {acceptInsecureCerts: false, browserName: chrome, browserVersion: 128.0.6613.138, chrome: {chromedriverVersion: 128.0.6613.137 (fe621c5aa2d..., userDataDir: C:\Users\nagnath.g\AppData\...}, fedcm:accounts: true, goog:chromeOptions: {debuggerAddress: localhost:60304}, networkConnectionEnabled: false, pageLoadStrategy: normal, platformName: WINDOWS, proxy: Proxy(), se:cdp: ws://localhost:60304/devtoo..., se:cdpVersion: 128.0.6613.138, setWindowRect: true, strictFileInteractability: false, timeouts: {implicit: 0, pageLoad: 300000, script: 30000}, unhandledPromptBehavior: dismiss and notify, webauthn:extension:credBlob: true, webauthn:extension:largeBlob: true, webauthn:extension:minPinLength: true, webauthn:extension:prf: true, webauthn:virtualAuthenticators: true}
Element: [[ChromeDriver: chrome on WINDOWS (207197765e20a5a671f3c2045bebf4f8)] -&amp;gt; xpath: //button[@pstyleclass=&amp;apos;@next&amp;apos;]]
Session ID: 207197765e20a5a671f3c2045bebf4f8">
      <![CDATA[org.openqa.selenium.ElementClickInterceptedException: element click intercepted: Element <button _ngcontent-ng-c1524418810="" type="button" pstyleclass="@next" enterclass="hidden" enteractiveclass="scalein" leavetoclass="hidden" leaveactiveclass="fadeout" class="p-element topbar-profile-button p-button p-button-text p-button-raised">...</button> is not clickable at point (1277, 27). Other element would receive the click: <div class="ng-tns-c647991600-89 p-dialog-mask p-component-overlay p-component-overlay-enter p-dialog-mask-scrollblocker" style="z-index: 3204;">...</div>
  (Session info: chrome=128.0.6613.138)
Build info: version: '4.4.0', revision: 'e5c75ed026a'
System info: host: 'BF0035470123', ip: '10.60.12.31', os.name: 'Windows 11', os.arch: 'amd64', os.version: '10.0', java.version: '22.0.2'
Driver info: org.openqa.selenium.chrome.ChromeDriver
Command: [207197765e20a5a671f3c2045bebf4f8, clickElement {id=f.0E62173EAD18B64EB43ABDA182FEE969.d.E9AE53CDF0B10AB3E947E6409541DA13.e.85}]
Capabilities {acceptInsecureCerts: false, browserName: chrome, browserVersion: 128.0.6613.138, chrome: {chromedriverVersion: 128.0.6613.137 (fe621c5aa2d..., userDataDir: C:\Users\nagnath.g\AppData\...}, fedcm:accounts: true, goog:chromeOptions: {debuggerAddress: localhost:60304}, networkConnectionEnabled: false, pageLoadStrategy: normal, platformName: WINDOWS, proxy: Proxy(), se:cdp: ws://localhost:60304/devtoo..., se:cdpVersion: 128.0.6613.138, setWindowRect: true, strictFileInteractability: false, timeouts: {implicit: 0, pageLoad: 300000, script: 30000}, unhandledPromptBehavior: dismiss and notify, webauthn:extension:credBlob: true, webauthn:extension:largeBlob: true, webauthn:extension:minPinLength: true, webauthn:extension:prf: true, webauthn:virtualAuthenticators: true}
Element: [[ChromeDriver: chrome on WINDOWS (207197765e20a5a671f3c2045bebf4f8)] -> xpath: //button[@pstyleclass='@next']]
Session ID: 207197765e20a5a671f3c2045bebf4f8
at org.openqa.selenium.remote.ErrorCodec.decode(ErrorCodec.java:167)
at org.openqa.selenium.remote.codec.w3c.W3CHttpResponseCodec.decode(W3CHttpResponseCodec.java:138)
at org.openqa.selenium.remote.codec.w3c.W3CHttpResponseCodec.decode(W3CHttpResponseCodec.java:50)
at org.openqa.selenium.remote.HttpCommandExecutor.execute(HttpCommandExecutor.java:190)
at org.openqa.selenium.remote.service.DriverCommandExecutor.invokeExecute(DriverCommandExecutor.java:216)
at org.openqa.selenium.remote.service.DriverCommandExecutor.execute(DriverCommandExecutor.java:174)
at org.openqa.selenium.remote.RemoteWebDriver.execute(RemoteWebDriver.java:519)
at org.openqa.selenium.remote.RemoteWebElement.execute(RemoteWebElement.java:223)
at org.openqa.selenium.remote.RemoteWebElement.click(RemoteWebElement.java:76)
at com.befreebdms.qa.myprofile.ApplyLeave.tearDown(ApplyLeave.java:68)
at java.base/java.util.ArrayList.forEach(ArrayList.java:1597)
... Removed 33 stack frames]]>
    </failure>
  </testcase> <!-- @AfterMethod tearDown -->
  <testcase classname="com.befreebdms.qa.myprofile.ApplyLeave" name="@BeforeMethod setUp" time="0.0">
    <skipped/>
  </testcase> <!-- @BeforeMethod setUp -->
  <testcase classname="com.befreebdms.qa.myprofile.ApplyLeave" name="@AfterMethod tearDown" time="0.0">
    <skipped/>
  </testcase> <!-- @AfterMethod tearDown -->
  <testcase classname="com.befreebdms.qa.myprofile.ApplyLeave" name="@BeforeMethod setUp" time="0.0">
    <skipped/>
  </testcase> <!-- @BeforeMethod setUp -->
  <testcase classname="com.befreebdms.qa.myprofile.ApplyLeave" name="@AfterMethod tearDown" time="0.0">
    <skipped/>
  </testcase> <!-- @AfterMethod tearDown -->
  <testcase classname="com.befreebdms.qa.myprofile.MyLunch" name="@AfterMethod tearDown" time="1.114">
    <failure type="org.openqa.selenium.ElementClickInterceptedException" message="element click intercepted: Element &amp;lt;button _ngcontent-ng-c1524418810=&amp;quot;&amp;quot; type=&amp;quot;button&amp;quot; pstyleclass=&amp;quot;@next&amp;quot; enterclass=&amp;quot;hidden&amp;quot; enteractiveclass=&amp;quot;scalein&amp;quot; leavetoclass=&amp;quot;hidden&amp;quot; leaveactiveclass=&amp;quot;fadeout&amp;quot; class=&amp;quot;p-element topbar-profile-button p-button p-button-text p-button-raised&amp;quot;&amp;gt;...&amp;lt;/button&amp;gt; is not clickable at point (1277, 27). Other element would receive the click: &amp;lt;div class=&amp;quot;ng-tns-c647991600-90 p-dialog-mask p-component-overlay p-component-overlay-enter p-dialog-mask-scrollblocker&amp;quot; style=&amp;quot;z-index: 1103;&amp;quot;&amp;gt;...&amp;lt;/div&amp;gt;
  (Session info: chrome=128.0.6613.138)
Build info: version: &amp;apos;4.4.0&amp;apos;, revision: &amp;apos;e5c75ed026a&amp;apos;
System info: host: &amp;apos;BF0035470123&amp;apos;, ip: &amp;apos;10.60.12.31&amp;apos;, os.name: &amp;apos;Windows 11&amp;apos;, os.arch: &amp;apos;amd64&amp;apos;, os.version: &amp;apos;10.0&amp;apos;, java.version: &amp;apos;22.0.2&amp;apos;
Driver info: org.openqa.selenium.chrome.ChromeDriver
Command: [3b949cfee2c66713f564345052e0f23e, clickElement {id=f.7992B61EE84CF54B1E002E6E8AFF192D.d.61A7C44FCEF97F67DAF5CFDFCFE8837A.e.87}]
Capabilities {acceptInsecureCerts: false, browserName: chrome, browserVersion: 128.0.6613.138, chrome: {chromedriverVersion: 128.0.6613.137 (fe621c5aa2d..., userDataDir: C:\Users\nagnath.g\AppData\...}, fedcm:accounts: true, goog:chromeOptions: {debuggerAddress: localhost:60486}, networkConnectionEnabled: false, pageLoadStrategy: normal, platformName: WINDOWS, proxy: Proxy(), se:cdp: ws://localhost:60486/devtoo..., se:cdpVersion: 128.0.6613.138, setWindowRect: true, strictFileInteractability: false, timeouts: {implicit: 0, pageLoad: 300000, script: 30000}, unhandledPromptBehavior: dismiss and notify, webauthn:extension:credBlob: true, webauthn:extension:largeBlob: true, webauthn:extension:minPinLength: true, webauthn:extension:prf: true, webauthn:virtualAuthenticators: true}
Element: [[ChromeDriver: chrome on WINDOWS (3b949cfee2c66713f564345052e0f23e)] -&amp;gt; xpath: //button[@pstyleclass=&amp;apos;@next&amp;apos;]]
Session ID: 3b949cfee2c66713f564345052e0f23e">
      <![CDATA[org.openqa.selenium.ElementClickInterceptedException: element click intercepted: Element <button _ngcontent-ng-c1524418810="" type="button" pstyleclass="@next" enterclass="hidden" enteractiveclass="scalein" leavetoclass="hidden" leaveactiveclass="fadeout" class="p-element topbar-profile-button p-button p-button-text p-button-raised">...</button> is not clickable at point (1277, 27). Other element would receive the click: <div class="ng-tns-c647991600-90 p-dialog-mask p-component-overlay p-component-overlay-enter p-dialog-mask-scrollblocker" style="z-index: 1103;">...</div>
  (Session info: chrome=128.0.6613.138)
Build info: version: '4.4.0', revision: 'e5c75ed026a'
System info: host: 'BF0035470123', ip: '10.60.12.31', os.name: 'Windows 11', os.arch: 'amd64', os.version: '10.0', java.version: '22.0.2'
Driver info: org.openqa.selenium.chrome.ChromeDriver
Command: [3b949cfee2c66713f564345052e0f23e, clickElement {id=f.7992B61EE84CF54B1E002E6E8AFF192D.d.61A7C44FCEF97F67DAF5CFDFCFE8837A.e.87}]
Capabilities {acceptInsecureCerts: false, browserName: chrome, browserVersion: 128.0.6613.138, chrome: {chromedriverVersion: 128.0.6613.137 (fe621c5aa2d..., userDataDir: C:\Users\nagnath.g\AppData\...}, fedcm:accounts: true, goog:chromeOptions: {debuggerAddress: localhost:60486}, networkConnectionEnabled: false, pageLoadStrategy: normal, platformName: WINDOWS, proxy: Proxy(), se:cdp: ws://localhost:60486/devtoo..., se:cdpVersion: 128.0.6613.138, setWindowRect: true, strictFileInteractability: false, timeouts: {implicit: 0, pageLoad: 300000, script: 30000}, unhandledPromptBehavior: dismiss and notify, webauthn:extension:credBlob: true, webauthn:extension:largeBlob: true, webauthn:extension:minPinLength: true, webauthn:extension:prf: true, webauthn:virtualAuthenticators: true}
Element: [[ChromeDriver: chrome on WINDOWS (3b949cfee2c66713f564345052e0f23e)] -> xpath: //button[@pstyleclass='@next']]
Session ID: 3b949cfee2c66713f564345052e0f23e
at org.openqa.selenium.remote.ErrorCodec.decode(ErrorCodec.java:167)
at org.openqa.selenium.remote.codec.w3c.W3CHttpResponseCodec.decode(W3CHttpResponseCodec.java:138)
at org.openqa.selenium.remote.codec.w3c.W3CHttpResponseCodec.decode(W3CHttpResponseCodec.java:50)
at org.openqa.selenium.remote.HttpCommandExecutor.execute(HttpCommandExecutor.java:190)
at org.openqa.selenium.remote.service.DriverCommandExecutor.invokeExecute(DriverCommandExecutor.java:216)
at org.openqa.selenium.remote.service.DriverCommandExecutor.execute(DriverCommandExecutor.java:174)
at org.openqa.selenium.remote.RemoteWebDriver.execute(RemoteWebDriver.java:519)
at org.openqa.selenium.remote.RemoteWebElement.execute(RemoteWebElement.java:223)
at org.openqa.selenium.remote.RemoteWebElement.click(RemoteWebElement.java:76)
at com.befreebdms.qa.myprofile.MyLunch.tearDown(MyLunch.java:41)
at java.base/java.util.ArrayList.forEach(ArrayList.java:1597)
... Removed 33 stack frames]]>
    </failure>
  </testcase> <!-- @AfterMethod tearDown -->
  <testcase classname="com.befreebdms.qa.myprofile.MyHolidayWorking" name="@BeforeMethod setUp" time="9.167">
    <failure type="org.openqa.selenium.ElementNotInteractableException" message="element not interactable: element has zero size
  (Session info: chrome=128.0.6613.138)
Build info: version: &amp;apos;4.4.0&amp;apos;, revision: &amp;apos;e5c75ed026a&amp;apos;
System info: host: &amp;apos;BF0035470123&amp;apos;, ip: &amp;apos;10.60.12.31&amp;apos;, os.name: &amp;apos;Windows 11&amp;apos;, os.arch: &amp;apos;amd64&amp;apos;, os.version: &amp;apos;10.0&amp;apos;, java.version: &amp;apos;22.0.2&amp;apos;
Driver info: org.openqa.selenium.chrome.ChromeDriver
Command: [275f84f4949b04f9788f8956e1555ef6, clickElement {id=f.B91CB0029171AD7AB94C18E6A91CE87D.d.F16BE58E6D128F8FCF1BB896A27C9174.e.70}]
Capabilities {acceptInsecureCerts: false, browserName: chrome, browserVersion: 128.0.6613.138, chrome: {chromedriverVersion: 128.0.6613.137 (fe621c5aa2d..., userDataDir: C:\Users\nagnath.g\AppData\...}, fedcm:accounts: true, goog:chromeOptions: {debuggerAddress: localhost:60654}, networkConnectionEnabled: false, pageLoadStrategy: normal, platformName: WINDOWS, proxy: Proxy(), se:cdp: ws://localhost:60654/devtoo..., se:cdpVersion: 128.0.6613.138, setWindowRect: true, strictFileInteractability: false, timeouts: {implicit: 0, pageLoad: 300000, script: 30000}, unhandledPromptBehavior: dismiss and notify, webauthn:extension:credBlob: true, webauthn:extension:largeBlob: true, webauthn:extension:minPinLength: true, webauthn:extension:prf: true, webauthn:virtualAuthenticators: true}
Element: [[ChromeDriver: chrome on WINDOWS (275f84f4949b04f9788f8956e1555ef6)] -&amp;gt; xpath: //span[text()=&amp;apos;My Holiday Working&amp;apos;]]
Session ID: 275f84f4949b04f9788f8956e1555ef6">
      <![CDATA[org.openqa.selenium.ElementNotInteractableException: element not interactable: element has zero size
  (Session info: chrome=128.0.6613.138)
Build info: version: '4.4.0', revision: 'e5c75ed026a'
System info: host: 'BF0035470123', ip: '10.60.12.31', os.name: 'Windows 11', os.arch: 'amd64', os.version: '10.0', java.version: '22.0.2'
Driver info: org.openqa.selenium.chrome.ChromeDriver
Command: [275f84f4949b04f9788f8956e1555ef6, clickElement {id=f.B91CB0029171AD7AB94C18E6A91CE87D.d.F16BE58E6D128F8FCF1BB896A27C9174.e.70}]
Capabilities {acceptInsecureCerts: false, browserName: chrome, browserVersion: 128.0.6613.138, chrome: {chromedriverVersion: 128.0.6613.137 (fe621c5aa2d..., userDataDir: C:\Users\nagnath.g\AppData\...}, fedcm:accounts: true, goog:chromeOptions: {debuggerAddress: localhost:60654}, networkConnectionEnabled: false, pageLoadStrategy: normal, platformName: WINDOWS, proxy: Proxy(), se:cdp: ws://localhost:60654/devtoo..., se:cdpVersion: 128.0.6613.138, setWindowRect: true, strictFileInteractability: false, timeouts: {implicit: 0, pageLoad: 300000, script: 30000}, unhandledPromptBehavior: dismiss and notify, webauthn:extension:credBlob: true, webauthn:extension:largeBlob: true, webauthn:extension:minPinLength: true, webauthn:extension:prf: true, webauthn:virtualAuthenticators: true}
Element: [[ChromeDriver: chrome on WINDOWS (275f84f4949b04f9788f8956e1555ef6)] -> xpath: //span[text()='My Holiday Working']]
Session ID: 275f84f4949b04f9788f8956e1555ef6
at org.openqa.selenium.remote.ErrorCodec.decode(ErrorCodec.java:167)
at org.openqa.selenium.remote.codec.w3c.W3CHttpResponseCodec.decode(W3CHttpResponseCodec.java:138)
at org.openqa.selenium.remote.codec.w3c.W3CHttpResponseCodec.decode(W3CHttpResponseCodec.java:50)
at org.openqa.selenium.remote.HttpCommandExecutor.execute(HttpCommandExecutor.java:190)
at org.openqa.selenium.remote.service.DriverCommandExecutor.invokeExecute(DriverCommandExecutor.java:216)
at org.openqa.selenium.remote.service.DriverCommandExecutor.execute(DriverCommandExecutor.java:174)
at org.openqa.selenium.remote.RemoteWebDriver.execute(RemoteWebDriver.java:519)
at org.openqa.selenium.remote.RemoteWebElement.execute(RemoteWebElement.java:223)
at org.openqa.selenium.remote.RemoteWebElement.click(RemoteWebElement.java:76)
at com.befreebdms.qa.myprofile.MyHolidayWorking.setUp(MyHolidayWorking.java:34)
at java.base/java.util.ArrayList.forEach(ArrayList.java:1597)
... Removed 32 stack frames]]>
    </failure>
  </testcase> <!-- @BeforeMethod setUp -->
  <testcase classname="com.befreebdms.qa.myprofile.MyHolidayWorking" name="@AfterMethod tearDown" time="0.0">
    <skipped/>
  </testcase> <!-- @AfterMethod tearDown -->
  <testcase classname="com.befreebdms.qa.administrator.Designation" name="@BeforeMethod setUp" time="17.638">
    <failure type="org.openqa.selenium.ElementNotInteractableException" message="element not interactable
  (Session info: chrome=128.0.6613.138)
Build info: version: &amp;apos;4.4.0&amp;apos;, revision: &amp;apos;e5c75ed026a&amp;apos;
System info: host: &amp;apos;BF0035470123&amp;apos;, ip: &amp;apos;10.60.12.31&amp;apos;, os.name: &amp;apos;Windows 11&amp;apos;, os.arch: &amp;apos;amd64&amp;apos;, os.version: &amp;apos;10.0&amp;apos;, java.version: &amp;apos;22.0.2&amp;apos;
Driver info: org.openqa.selenium.chrome.ChromeDriver
Command: [3f074f06f39c1aac0baf8ad338f2f0e0, clickElement {id=f.2BB0F9ACB5F96B82BBAA560E065E5728.d.19D96416F8BB6A881620B7FAE782F3CB.e.90}]
Capabilities {acceptInsecureCerts: false, browserName: chrome, browserVersion: 128.0.6613.138, chrome: {chromedriverVersion: 128.0.6613.137 (fe621c5aa2d..., userDataDir: C:\Users\nagnath.g\AppData\...}, fedcm:accounts: true, goog:chromeOptions: {debuggerAddress: localhost:50313}, networkConnectionEnabled: false, pageLoadStrategy: normal, platformName: WINDOWS, proxy: Proxy(), se:cdp: ws://localhost:50313/devtoo..., se:cdpVersion: 128.0.6613.138, setWindowRect: true, strictFileInteractability: false, timeouts: {implicit: 0, pageLoad: 300000, script: 30000}, unhandledPromptBehavior: dismiss and notify, webauthn:extension:credBlob: true, webauthn:extension:largeBlob: true, webauthn:extension:minPinLength: true, webauthn:extension:prf: true, webauthn:virtualAuthenticators: true}
Element: [[ChromeDriver: chrome on WINDOWS (3f074f06f39c1aac0baf8ad338f2f0e0)] -&amp;gt; xpath: //span[text()=&amp;apos;Designation&amp;apos;]]
Session ID: 3f074f06f39c1aac0baf8ad338f2f0e0">
      <![CDATA[org.openqa.selenium.ElementNotInteractableException: element not interactable
  (Session info: chrome=128.0.6613.138)
Build info: version: '4.4.0', revision: 'e5c75ed026a'
System info: host: 'BF0035470123', ip: '10.60.12.31', os.name: 'Windows 11', os.arch: 'amd64', os.version: '10.0', java.version: '22.0.2'
Driver info: org.openqa.selenium.chrome.ChromeDriver
Command: [3f074f06f39c1aac0baf8ad338f2f0e0, clickElement {id=f.2BB0F9ACB5F96B82BBAA560E065E5728.d.19D96416F8BB6A881620B7FAE782F3CB.e.90}]
Capabilities {acceptInsecureCerts: false, browserName: chrome, browserVersion: 128.0.6613.138, chrome: {chromedriverVersion: 128.0.6613.137 (fe621c5aa2d..., userDataDir: C:\Users\nagnath.g\AppData\...}, fedcm:accounts: true, goog:chromeOptions: {debuggerAddress: localhost:50313}, networkConnectionEnabled: false, pageLoadStrategy: normal, platformName: WINDOWS, proxy: Proxy(), se:cdp: ws://localhost:50313/devtoo..., se:cdpVersion: 128.0.6613.138, setWindowRect: true, strictFileInteractability: false, timeouts: {implicit: 0, pageLoad: 300000, script: 30000}, unhandledPromptBehavior: dismiss and notify, webauthn:extension:credBlob: true, webauthn:extension:largeBlob: true, webauthn:extension:minPinLength: true, webauthn:extension:prf: true, webauthn:virtualAuthenticators: true}
Element: [[ChromeDriver: chrome on WINDOWS (3f074f06f39c1aac0baf8ad338f2f0e0)] -> xpath: //span[text()='Designation']]
Session ID: 3f074f06f39c1aac0baf8ad338f2f0e0
at org.openqa.selenium.remote.ErrorCodec.decode(ErrorCodec.java:167)
at org.openqa.selenium.remote.codec.w3c.W3CHttpResponseCodec.decode(W3CHttpResponseCodec.java:138)
at org.openqa.selenium.remote.codec.w3c.W3CHttpResponseCodec.decode(W3CHttpResponseCodec.java:50)
at org.openqa.selenium.remote.HttpCommandExecutor.execute(HttpCommandExecutor.java:190)
at org.openqa.selenium.remote.service.DriverCommandExecutor.invokeExecute(DriverCommandExecutor.java:216)
at org.openqa.selenium.remote.service.DriverCommandExecutor.execute(DriverCommandExecutor.java:174)
at org.openqa.selenium.remote.RemoteWebDriver.execute(RemoteWebDriver.java:519)
at org.openqa.selenium.remote.RemoteWebElement.execute(RemoteWebElement.java:223)
at org.openqa.selenium.remote.RemoteWebElement.click(RemoteWebElement.java:76)
at com.befreebdms.qa.administrator.Designation.setUp(Designation.java:47)
at java.base/java.util.ArrayList.forEach(ArrayList.java:1597)
... Removed 32 stack frames]]>
    </failure>
  </testcase> <!-- @BeforeMethod setUp -->
  <testcase classname="com.befreebdms.qa.administrator.Designation" name="@AfterMethod tearDown" time="0.0">
    <skipped/>
  </testcase> <!-- @AfterMethod tearDown -->
  <testcase classname="com.befreebdms.qa.administrator.Designation" name="@BeforeMethod setUp" time="0.0">
    <skipped/>
  </testcase> <!-- @BeforeMethod setUp -->
  <testcase classname="com.befreebdms.qa.administrator.Designation" name="@AfterMethod tearDown" time="0.0">
    <skipped/>
  </testcase> <!-- @AfterMethod tearDown -->
  <testcase classname="com.befreebdms.qa.administrator.Designation" name="@BeforeMethod setUp" time="0.0">
    <skipped/>
  </testcase> <!-- @BeforeMethod setUp -->
  <testcase classname="com.befreebdms.qa.administrator.Designation" name="@AfterMethod tearDown" time="0.0">
    <skipped/>
  </testcase> <!-- @AfterMethod tearDown -->
  <testcase classname="com.befreebdms.qa.administrator.Designation" name="@BeforeMethod setUp" time="0.0">
    <skipped/>
  </testcase> <!-- @BeforeMethod setUp -->
  <testcase classname="com.befreebdms.qa.administrator.Designation" name="@AfterMethod tearDown" time="0.0">
    <skipped/>
  </testcase> <!-- @AfterMethod tearDown -->
  <testcase classname="com.befreebdms.qa.myprofile.ApplyLeave" name="verifyApplyCasualLeave" time="5.486"/>
  <testcase classname="com.befreebdms.qa.myprofile.ApplyLeave" name="verifyApplyCompOffLeave" time="3.745">
    <failure type="org.openqa.selenium.StaleElementReferenceException" message="stale element reference: stale element not found in the current frame
  (Session info: chrome=128.0.6613.138)
For documentation on this error, please visit: https://selenium.dev/exceptions/#stale_element_reference
Build info: version: &amp;apos;4.4.0&amp;apos;, revision: &amp;apos;e5c75ed026a&amp;apos;
System info: host: &amp;apos;BF0035470123&amp;apos;, ip: &amp;apos;10.60.12.31&amp;apos;, os.name: &amp;apos;Windows 11&amp;apos;, os.arch: &amp;apos;amd64&amp;apos;, os.version: &amp;apos;10.0&amp;apos;, java.version: &amp;apos;22.0.2&amp;apos;
Driver info: org.openqa.selenium.chrome.ChromeDriver
Command: [207197765e20a5a671f3c2045bebf4f8, clickElement {id=f.0E62173EAD18B64EB43ABDA182FEE969.d.E9AE53CDF0B10AB3E947E6409541DA13.e.248}]
Capabilities {acceptInsecureCerts: false, browserName: chrome, browserVersion: 128.0.6613.138, chrome: {chromedriverVersion: 128.0.6613.137 (fe621c5aa2d..., userDataDir: C:\Users\nagnath.g\AppData\...}, fedcm:accounts: true, goog:chromeOptions: {debuggerAddress: localhost:60304}, networkConnectionEnabled: false, pageLoadStrategy: normal, platformName: WINDOWS, proxy: Proxy(), se:cdp: ws://localhost:60304/devtoo..., se:cdpVersion: 128.0.6613.138, setWindowRect: true, strictFileInteractability: false, timeouts: {implicit: 0, pageLoad: 300000, script: 30000}, unhandledPromptBehavior: dismiss and notify, webauthn:extension:credBlob: true, webauthn:extension:largeBlob: true, webauthn:extension:minPinLength: true, webauthn:extension:prf: true, webauthn:virtualAuthenticators: true}
Element: [[ChromeDriver: chrome on WINDOWS (207197765e20a5a671f3c2045bebf4f8)] -&amp;gt; xpath: //p-dropdownitem[@class=&amp;apos;p-element ng-star-inserted&amp;apos;]//span[text()=&amp;apos;No&amp;apos;]]
Session ID: 207197765e20a5a671f3c2045bebf4f8">
      <![CDATA[org.openqa.selenium.StaleElementReferenceException: stale element reference: stale element not found in the current frame
  (Session info: chrome=128.0.6613.138)
For documentation on this error, please visit: https://selenium.dev/exceptions/#stale_element_reference
Build info: version: '4.4.0', revision: 'e5c75ed026a'
System info: host: 'BF0035470123', ip: '10.60.12.31', os.name: 'Windows 11', os.arch: 'amd64', os.version: '10.0', java.version: '22.0.2'
Driver info: org.openqa.selenium.chrome.ChromeDriver
Command: [207197765e20a5a671f3c2045bebf4f8, clickElement {id=f.0E62173EAD18B64EB43ABDA182FEE969.d.E9AE53CDF0B10AB3E947E6409541DA13.e.248}]
Capabilities {acceptInsecureCerts: false, browserName: chrome, browserVersion: 128.0.6613.138, chrome: {chromedriverVersion: 128.0.6613.137 (fe621c5aa2d..., userDataDir: C:\Users\nagnath.g\AppData\...}, fedcm:accounts: true, goog:chromeOptions: {debuggerAddress: localhost:60304}, networkConnectionEnabled: false, pageLoadStrategy: normal, platformName: WINDOWS, proxy: Proxy(), se:cdp: ws://localhost:60304/devtoo..., se:cdpVersion: 128.0.6613.138, setWindowRect: true, strictFileInteractability: false, timeouts: {implicit: 0, pageLoad: 300000, script: 30000}, unhandledPromptBehavior: dismiss and notify, webauthn:extension:credBlob: true, webauthn:extension:largeBlob: true, webauthn:extension:minPinLength: true, webauthn:extension:prf: true, webauthn:virtualAuthenticators: true}
Element: [[ChromeDriver: chrome on WINDOWS (207197765e20a5a671f3c2045bebf4f8)] -> xpath: //p-dropdownitem[@class='p-element ng-star-inserted']//span[text()='No']]
Session ID: 207197765e20a5a671f3c2045bebf4f8
at org.openqa.selenium.remote.ErrorCodec.decode(ErrorCodec.java:167)
at org.openqa.selenium.remote.codec.w3c.W3CHttpResponseCodec.decode(W3CHttpResponseCodec.java:138)
at org.openqa.selenium.remote.codec.w3c.W3CHttpResponseCodec.decode(W3CHttpResponseCodec.java:50)
at org.openqa.selenium.remote.HttpCommandExecutor.execute(HttpCommandExecutor.java:190)
at org.openqa.selenium.remote.service.DriverCommandExecutor.invokeExecute(DriverCommandExecutor.java:216)
at org.openqa.selenium.remote.service.DriverCommandExecutor.execute(DriverCommandExecutor.java:174)
at org.openqa.selenium.remote.RemoteWebDriver.execute(RemoteWebDriver.java:519)
at org.openqa.selenium.remote.RemoteWebElement.execute(RemoteWebElement.java:223)
at org.openqa.selenium.remote.RemoteWebElement.click(RemoteWebElement.java:76)
at com.befreebdms.qa.myprofile.ApplyLeave.verifyApplyCompOffLeave(ApplyLeave.java:131)
at java.base/java.util.ArrayList.forEach(ArrayList.java:1597)
... Removed 28 stack frames]]>
    </failure>
  </testcase> <!-- verifyApplyCompOffLeave -->
  <testcase classname="com.befreebdms.qa.myprofile.ApplyLeave" name="verifyApplySickLeave" time="0.0">
    <skipped/>
  </testcase> <!-- verifyApplySickLeave -->
  <testcase classname="com.befreebdms.qa.myprofile.ApplyLeave" name="verifyApplyMaternityLeave" time="0.0">
    <skipped/>
  </testcase> <!-- verifyApplyMaternityLeave -->
  <testcase classname="com.befreebdms.qa.myprofile.MyLunch" name="verifyAddRecordForMyLunch" time="2.309">
    <failure type="org.openqa.selenium.ElementClickInterceptedException" message="element click intercepted: Element &amp;lt;p-dropdown _ngcontent-ng-c2614379591=&amp;quot;&amp;quot; formcontrolname=&amp;quot;user_id&amp;quot; class=&amp;quot;p-element p-inputwrapper ng-untouched ng-pristine ng-invalid has-required-validation&amp;quot;&amp;gt;...&amp;lt;/p-dropdown&amp;gt; is not clickable at point (683, 290). Other element would receive the click: &amp;lt;div class=&amp;quot;p-datepicker-group ng-tns-c3918063748-91 ng-star-inserted&amp;quot;&amp;gt;...&amp;lt;/div&amp;gt;
  (Session info: chrome=128.0.6613.138)
Build info: version: &amp;apos;4.4.0&amp;apos;, revision: &amp;apos;e5c75ed026a&amp;apos;
System info: host: &amp;apos;BF0035470123&amp;apos;, ip: &amp;apos;10.60.12.31&amp;apos;, os.name: &amp;apos;Windows 11&amp;apos;, os.arch: &amp;apos;amd64&amp;apos;, os.version: &amp;apos;10.0&amp;apos;, java.version: &amp;apos;22.0.2&amp;apos;
Driver info: org.openqa.selenium.chrome.ChromeDriver
Command: [3b949cfee2c66713f564345052e0f23e, clickElement {id=f.7992B61EE84CF54B1E002E6E8AFF192D.d.61A7C44FCEF97F67DAF5CFDFCFE8837A.e.202}]
Capabilities {acceptInsecureCerts: false, browserName: chrome, browserVersion: 128.0.6613.138, chrome: {chromedriverVersion: 128.0.6613.137 (fe621c5aa2d..., userDataDir: C:\Users\nagnath.g\AppData\...}, fedcm:accounts: true, goog:chromeOptions: {debuggerAddress: localhost:60486}, networkConnectionEnabled: false, pageLoadStrategy: normal, platformName: WINDOWS, proxy: Proxy(), se:cdp: ws://localhost:60486/devtoo..., se:cdpVersion: 128.0.6613.138, setWindowRect: true, strictFileInteractability: false, timeouts: {implicit: 0, pageLoad: 300000, script: 30000}, unhandledPromptBehavior: dismiss and notify, webauthn:extension:credBlob: true, webauthn:extension:largeBlob: true, webauthn:extension:minPinLength: true, webauthn:extension:prf: true, webauthn:virtualAuthenticators: true}
Element: [[ChromeDriver: chrome on WINDOWS (3b949cfee2c66713f564345052e0f23e)] -&amp;gt; xpath: //p-dropdown[@formcontrolname=&amp;apos;user_id&amp;apos;]]
Session ID: 3b949cfee2c66713f564345052e0f23e">
      <![CDATA[org.openqa.selenium.ElementClickInterceptedException: element click intercepted: Element <p-dropdown _ngcontent-ng-c2614379591="" formcontrolname="user_id" class="p-element p-inputwrapper ng-untouched ng-pristine ng-invalid has-required-validation">...</p-dropdown> is not clickable at point (683, 290). Other element would receive the click: <div class="p-datepicker-group ng-tns-c3918063748-91 ng-star-inserted">...</div>
  (Session info: chrome=128.0.6613.138)
Build info: version: '4.4.0', revision: 'e5c75ed026a'
System info: host: 'BF0035470123', ip: '10.60.12.31', os.name: 'Windows 11', os.arch: 'amd64', os.version: '10.0', java.version: '22.0.2'
Driver info: org.openqa.selenium.chrome.ChromeDriver
Command: [3b949cfee2c66713f564345052e0f23e, clickElement {id=f.7992B61EE84CF54B1E002E6E8AFF192D.d.61A7C44FCEF97F67DAF5CFDFCFE8837A.e.202}]
Capabilities {acceptInsecureCerts: false, browserName: chrome, browserVersion: 128.0.6613.138, chrome: {chromedriverVersion: 128.0.6613.137 (fe621c5aa2d..., userDataDir: C:\Users\nagnath.g\AppData\...}, fedcm:accounts: true, goog:chromeOptions: {debuggerAddress: localhost:60486}, networkConnectionEnabled: false, pageLoadStrategy: normal, platformName: WINDOWS, proxy: Proxy(), se:cdp: ws://localhost:60486/devtoo..., se:cdpVersion: 128.0.6613.138, setWindowRect: true, strictFileInteractability: false, timeouts: {implicit: 0, pageLoad: 300000, script: 30000}, unhandledPromptBehavior: dismiss and notify, webauthn:extension:credBlob: true, webauthn:extension:largeBlob: true, webauthn:extension:minPinLength: true, webauthn:extension:prf: true, webauthn:virtualAuthenticators: true}
Element: [[ChromeDriver: chrome on WINDOWS (3b949cfee2c66713f564345052e0f23e)] -> xpath: //p-dropdown[@formcontrolname='user_id']]
Session ID: 3b949cfee2c66713f564345052e0f23e
at org.openqa.selenium.remote.ErrorCodec.decode(ErrorCodec.java:167)
at org.openqa.selenium.remote.codec.w3c.W3CHttpResponseCodec.decode(W3CHttpResponseCodec.java:138)
at org.openqa.selenium.remote.codec.w3c.W3CHttpResponseCodec.decode(W3CHttpResponseCodec.java:50)
at org.openqa.selenium.remote.HttpCommandExecutor.execute(HttpCommandExecutor.java:190)
at org.openqa.selenium.remote.service.DriverCommandExecutor.invokeExecute(DriverCommandExecutor.java:216)
at org.openqa.selenium.remote.service.DriverCommandExecutor.execute(DriverCommandExecutor.java:174)
at org.openqa.selenium.remote.RemoteWebDriver.execute(RemoteWebDriver.java:519)
at org.openqa.selenium.remote.RemoteWebElement.execute(RemoteWebElement.java:223)
at org.openqa.selenium.remote.RemoteWebElement.click(RemoteWebElement.java:76)
at com.befreebdms.qa.myprofile.MyLunch.verifyAddRecordForMyLunch(MyLunch.java:51)
at java.base/java.util.ArrayList.forEach(ArrayList.java:1597)
... Removed 28 stack frames]]>
    </failure>
  </testcase> <!-- verifyAddRecordForMyLunch -->
  <testcase classname="com.befreebdms.qa.myprofile.MyHolidayWorking" name="verifyAddRecordForHolidayWorking" time="0.0">
    <skipped/>
  </testcase> <!-- verifyAddRecordForHolidayWorking -->
  <testcase classname="com.befreebdms.qa.administrator.Designation" name="verifyGroupManagerRights" time="4.749"/>
  <testcase classname="com.befreebdms.qa.administrator.Designation" name="verifyGroupManagerRights" time="5.092"/>
  <testcase classname="com.befreebdms.qa.administrator.Designation" name="verifyGroupManagerRights" time="3.003"/>
  <testcase classname="com.befreebdms.qa.administrator.Designation" name="verifyGroupManagerRights" time="3.156"/>
  <testcase classname="com.befreebdms.qa.administrator.Designation" name="verifyGroupManagerRights" time="2.998"/>
  <testcase classname="com.befreebdms.qa.administrator.Designation" name="verifyAssociateTechnicalHead" time="5.779"/>
  <testcase classname="com.befreebdms.qa.administrator.Designation" name="verifyAssociateTechnicalHead" time="5.833"/>
  <testcase classname="com.befreebdms.qa.administrator.Designation" name="verifyAssociateTechnicalHead" time="6.218"/>
  <testcase classname="com.befreebdms.qa.administrator.Designation" name="verifyAssociateTechnicalHead" time="5.757"/>
  <testcase classname="com.befreebdms.qa.administrator.Designation" name="verifyAssociateTechnicalHead" time="6.211"/>
  <testcase classname="com.befreebdms.qa.administrator.Designation" name="verifyAssociateReviewLead" time="2.724"/>
  <testcase classname="com.befreebdms.qa.administrator.Designation" name="verifyAssociateReviewLead" time="2.784"/>
  <testcase classname="com.befreebdms.qa.administrator.Designation" name="verifyAssociateReviewLead" time="2.904"/>
  <testcase classname="com.befreebdms.qa.administrator.Designation" name="verifyAssociateReviewLead" time="2.697"/>
  <testcase classname="com.befreebdms.qa.administrator.Designation" name="verifyAssociateReviewLead" time="2.735"/>
  <testcase classname="com.befreebdms.qa.administrator.Designation" name="verifyAssociateQCLead" time="2.908"/>
  <testcase classname="com.befreebdms.qa.administrator.Designation" name="verifyAssociateQCLead" time="2.142"/>
  <testcase classname="com.befreebdms.qa.administrator.Designation" name="verifyAssociateQCLead" time="2.787"/>
  <testcase classname="com.befreebdms.qa.administrator.Designation" name="verifyAssociateQCLead" time="2.775"/>
  <testcase classname="com.befreebdms.qa.administrator.Designation" name="verifyAssociateQCLead" time="2.917"/>
  <testcase classname="com.befreebdms.qa.administrator.Designation" name="verifyTechnicalHead" time="2.656"/>
  <testcase classname="com.befreebdms.qa.administrator.Designation" name="verifyTechnicalHead" time="2.845"/>
  <testcase classname="com.befreebdms.qa.administrator.Designation" name="verifyTechnicalHead" time="3.088"/>
  <testcase classname="com.befreebdms.qa.administrator.Designation" name="verifyTechnicalHead" time="2.712"/>
  <testcase classname="com.befreebdms.qa.administrator.Designation" name="verifyTechnicalHead" time="2.932"/>
  <testcase classname="com.befreebdms.qa.administrator.Designation" name="verifyAssociateQCManager" time="2.407"/>
  <testcase classname="com.befreebdms.qa.administrator.Designation" name="verifyAssociateQCManager" time="0.001">
    <skipped/>
  </testcase> <!-- verifyAssociateQCManager -->
  <testcase classname="com.befreebdms.qa.administrator.Designation" name="verifyAssociateQCManager" time="0.0">
    <skipped/>
  </testcase> <!-- verifyAssociateQCManager -->
  <testcase classname="com.befreebdms.qa.administrator.Designation" name="verifyAssociateQCManager" time="0.0">
    <skipped/>
  </testcase> <!-- verifyAssociateQCManager -->
  <testcase classname="com.befreebdms.qa.administrator.Designation" name="verifyAssociateQCManager" time="0.0">
    <skipped/>
  </testcase> <!-- verifyAssociateQCManager -->
</testsuite> <!-- Test -->
