<?xml version="1.0" encoding="UTF-8"?>
<!-- Generated by org.testng.reporters.JUnitXMLReporter -->
<testsuite ignored="0" hostname="BF0035470123" failures="2" tests="7" name="Test" time="88.722" errors="0" timestamp="2024-09-19T05:03:30 IST">
  <testcase classname="com.befreebdms.qa.myprofile.MyLunch" name="@AfterMethod tearDown" time="1.064">
    <failure type="org.openqa.selenium.ElementClickInterceptedException" message="element click intercepted: Element &amp;lt;button _ngcontent-ng-c1524418810=&amp;quot;&amp;quot; type=&amp;quot;button&amp;quot; pstyleclass=&amp;quot;@next&amp;quot; enterclass=&amp;quot;hidden&amp;quot; enteractiveclass=&amp;quot;scalein&amp;quot; leavetoclass=&amp;quot;hidden&amp;quot; leaveactiveclass=&amp;quot;fadeout&amp;quot; class=&amp;quot;p-element topbar-profile-button p-button p-button-text p-button-raised&amp;quot;&amp;gt;...&amp;lt;/button&amp;gt; is not clickable at point (1277, 27). Other element would receive the click: &amp;lt;div class=&amp;quot;ng-tns-c647991600-88 p-dialog-mask p-component-overlay p-component-overlay-enter p-dialog-mask-scrollblocker&amp;quot; style=&amp;quot;z-index: 1103;&amp;quot;&amp;gt;...&amp;lt;/div&amp;gt;
  (Session info: chrome=129.0.6668.58)
Build info: version: &amp;apos;4.4.0&amp;apos;, revision: &amp;apos;e5c75ed026a&amp;apos;
System info: host: &amp;apos;BF0035470123&amp;apos;, ip: &amp;apos;10.60.12.31&amp;apos;, os.name: &amp;apos;Windows 11&amp;apos;, os.arch: &amp;apos;amd64&amp;apos;, os.version: &amp;apos;10.0&amp;apos;, java.version: &amp;apos;22.0.2&amp;apos;
Driver info: org.openqa.selenium.chrome.ChromeDriver
Command: [a2d7192192261d65d2b52b69c15adf6c, clickElement {id=f.34342C16013C9BB11012529C81DB40CD.d.A62E820E720C4FE09A4EF49BAD95C18E.e.78}]
Capabilities {acceptInsecureCerts: false, browserName: chrome, browserVersion: 129.0.6668.58, chrome: {chromedriverVersion: 129.0.6668.58 (81a06fb873a9..., userDataDir: C:\Users\nagnath.g\AppData\...}, fedcm:accounts: true, goog:chromeOptions: {debuggerAddress: localhost:63059}, networkConnectionEnabled: false, pageLoadStrategy: normal, platformName: WINDOWS, proxy: Proxy(), se:cdp: ws://localhost:63059/devtoo..., se:cdpVersion: 129.0.6668.58, setWindowRect: true, strictFileInteractability: false, timeouts: {implicit: 0, pageLoad: 300000, script: 30000}, unhandledPromptBehavior: dismiss and notify, webauthn:extension:credBlob: true, webauthn:extension:largeBlob: true, webauthn:extension:minPinLength: true, webauthn:extension:prf: true, webauthn:virtualAuthenticators: true}
Element: [[ChromeDriver: chrome on WINDOWS (a2d7192192261d65d2b52b69c15adf6c)] -&amp;gt; xpath: //button[@pstyleclass=&amp;apos;@next&amp;apos;]]
Session ID: a2d7192192261d65d2b52b69c15adf6c">
      <![CDATA[org.openqa.selenium.ElementClickInterceptedException: element click intercepted: Element <button _ngcontent-ng-c1524418810="" type="button" pstyleclass="@next" enterclass="hidden" enteractiveclass="scalein" leavetoclass="hidden" leaveactiveclass="fadeout" class="p-element topbar-profile-button p-button p-button-text p-button-raised">...</button> is not clickable at point (1277, 27). Other element would receive the click: <div class="ng-tns-c647991600-88 p-dialog-mask p-component-overlay p-component-overlay-enter p-dialog-mask-scrollblocker" style="z-index: 1103;">...</div>
  (Session info: chrome=129.0.6668.58)
Build info: version: '4.4.0', revision: 'e5c75ed026a'
System info: host: 'BF0035470123', ip: '10.60.12.31', os.name: 'Windows 11', os.arch: 'amd64', os.version: '10.0', java.version: '22.0.2'
Driver info: org.openqa.selenium.chrome.ChromeDriver
Command: [a2d7192192261d65d2b52b69c15adf6c, clickElement {id=f.34342C16013C9BB11012529C81DB40CD.d.A62E820E720C4FE09A4EF49BAD95C18E.e.78}]
Capabilities {acceptInsecureCerts: false, browserName: chrome, browserVersion: 129.0.6668.58, chrome: {chromedriverVersion: 129.0.6668.58 (81a06fb873a9..., userDataDir: C:\Users\nagnath.g\AppData\...}, fedcm:accounts: true, goog:chromeOptions: {debuggerAddress: localhost:63059}, networkConnectionEnabled: false, pageLoadStrategy: normal, platformName: WINDOWS, proxy: Proxy(), se:cdp: ws://localhost:63059/devtoo..., se:cdpVersion: 129.0.6668.58, setWindowRect: true, strictFileInteractability: false, timeouts: {implicit: 0, pageLoad: 300000, script: 30000}, unhandledPromptBehavior: dismiss and notify, webauthn:extension:credBlob: true, webauthn:extension:largeBlob: true, webauthn:extension:minPinLength: true, webauthn:extension:prf: true, webauthn:virtualAuthenticators: true}
Element: [[ChromeDriver: chrome on WINDOWS (a2d7192192261d65d2b52b69c15adf6c)] -> xpath: //button[@pstyleclass='@next']]
Session ID: a2d7192192261d65d2b52b69c15adf6c
at org.openqa.selenium.remote.ErrorCodec.decode(ErrorCodec.java:167)
at org.openqa.selenium.remote.codec.w3c.W3CHttpResponseCodec.decode(W3CHttpResponseCodec.java:138)
at org.openqa.selenium.remote.codec.w3c.W3CHttpResponseCodec.decode(W3CHttpResponseCodec.java:50)
at org.openqa.selenium.remote.HttpCommandExecutor.execute(HttpCommandExecutor.java:190)
at org.openqa.selenium.remote.service.DriverCommandExecutor.invokeExecute(DriverCommandExecutor.java:216)
at org.openqa.selenium.remote.service.DriverCommandExecutor.execute(DriverCommandExecutor.java:174)
at org.openqa.selenium.remote.RemoteWebDriver.execute(RemoteWebDriver.java:519)
at org.openqa.selenium.remote.RemoteWebElement.execute(RemoteWebElement.java:223)
at org.openqa.selenium.remote.RemoteWebElement.click(RemoteWebElement.java:76)
at com.befreebdms.qa.myprofile.MyLunch.tearDown(MyLunch.java:41)
at java.base/java.util.ArrayList.forEach(ArrayList.java:1597)
... Removed 33 stack frames]]>
    </failure>
  </testcase> <!-- @AfterMethod tearDown -->
  <testcase classname="com.befreebdms.qa.myprofile.ApplyLeave" name="verifyApplyCasualLeave" time="7.635"/>
  <testcase classname="com.befreebdms.qa.myprofile.ApplyLeave" name="verifyApplyCompOffLeave" time="6.776"/>
  <testcase classname="com.befreebdms.qa.myprofile.ApplyLeave" name="verifyApplySickLeave" time="6.794"/>
  <testcase classname="com.befreebdms.qa.myprofile.ApplyLeave" name="verifyApplyMaternityLeave" time="6.932">
    <failure type="java.lang.AssertionError" message="expected [Successfully created] but found []">
      <![CDATA[java.lang.AssertionError: expected [Successfully created] but found []
at com.befreebdms.qa.myprofile.ApplyLeave.verifyApplyMaternityLeave(ApplyLeave.java:244)
at java.base/java.util.ArrayList.forEach(ArrayList.java:1597)
... Removed 31 stack frames]]>
    </failure>
  </testcase> <!-- verifyApplyMaternityLeave -->
  <testcase classname="com.befreebdms.qa.myprofile.ApplyLeaveApproveAndReject" name="verifyApproveLeave" time="2.379"/>
  <testcase classname="com.befreebdms.qa.myprofile.MyLunch" name="verifyAddRecordForMyLunch" time="2.299">
    <failure type="org.openqa.selenium.ElementClickInterceptedException" message="element click intercepted: Element &amp;lt;p-dropdown _ngcontent-ng-c2614379591=&amp;quot;&amp;quot; formcontrolname=&amp;quot;user_id&amp;quot; class=&amp;quot;p-element p-inputwrapper ng-untouched ng-pristine ng-invalid has-required-validation&amp;quot;&amp;gt;...&amp;lt;/p-dropdown&amp;gt; is not clickable at point (683, 290). Other element would receive the click: &amp;lt;div class=&amp;quot;p-datepicker-group ng-tns-c3918063748-89 ng-star-inserted&amp;quot;&amp;gt;...&amp;lt;/div&amp;gt;
  (Session info: chrome=129.0.6668.58)
Build info: version: &amp;apos;4.4.0&amp;apos;, revision: &amp;apos;e5c75ed026a&amp;apos;
System info: host: &amp;apos;BF0035470123&amp;apos;, ip: &amp;apos;10.60.12.31&amp;apos;, os.name: &amp;apos;Windows 11&amp;apos;, os.arch: &amp;apos;amd64&amp;apos;, os.version: &amp;apos;10.0&amp;apos;, java.version: &amp;apos;22.0.2&amp;apos;
Driver info: org.openqa.selenium.chrome.ChromeDriver
Command: [a2d7192192261d65d2b52b69c15adf6c, clickElement {id=f.34342C16013C9BB11012529C81DB40CD.d.A62E820E720C4FE09A4EF49BAD95C18E.e.195}]
Capabilities {acceptInsecureCerts: false, browserName: chrome, browserVersion: 129.0.6668.58, chrome: {chromedriverVersion: 129.0.6668.58 (81a06fb873a9..., userDataDir: C:\Users\nagnath.g\AppData\...}, fedcm:accounts: true, goog:chromeOptions: {debuggerAddress: localhost:63059}, networkConnectionEnabled: false, pageLoadStrategy: normal, platformName: WINDOWS, proxy: Proxy(), se:cdp: ws://localhost:63059/devtoo..., se:cdpVersion: 129.0.6668.58, setWindowRect: true, strictFileInteractability: false, timeouts: {implicit: 0, pageLoad: 300000, script: 30000}, unhandledPromptBehavior: dismiss and notify, webauthn:extension:credBlob: true, webauthn:extension:largeBlob: true, webauthn:extension:minPinLength: true, webauthn:extension:prf: true, webauthn:virtualAuthenticators: true}
Element: [[ChromeDriver: chrome on WINDOWS (a2d7192192261d65d2b52b69c15adf6c)] -&amp;gt; xpath: //p-dropdown[@formcontrolname=&amp;apos;user_id&amp;apos;]]
Session ID: a2d7192192261d65d2b52b69c15adf6c">
      <![CDATA[org.openqa.selenium.ElementClickInterceptedException: element click intercepted: Element <p-dropdown _ngcontent-ng-c2614379591="" formcontrolname="user_id" class="p-element p-inputwrapper ng-untouched ng-pristine ng-invalid has-required-validation">...</p-dropdown> is not clickable at point (683, 290). Other element would receive the click: <div class="p-datepicker-group ng-tns-c3918063748-89 ng-star-inserted">...</div>
  (Session info: chrome=129.0.6668.58)
Build info: version: '4.4.0', revision: 'e5c75ed026a'
System info: host: 'BF0035470123', ip: '10.60.12.31', os.name: 'Windows 11', os.arch: 'amd64', os.version: '10.0', java.version: '22.0.2'
Driver info: org.openqa.selenium.chrome.ChromeDriver
Command: [a2d7192192261d65d2b52b69c15adf6c, clickElement {id=f.34342C16013C9BB11012529C81DB40CD.d.A62E820E720C4FE09A4EF49BAD95C18E.e.195}]
Capabilities {acceptInsecureCerts: false, browserName: chrome, browserVersion: 129.0.6668.58, chrome: {chromedriverVersion: 129.0.6668.58 (81a06fb873a9..., userDataDir: C:\Users\nagnath.g\AppData\...}, fedcm:accounts: true, goog:chromeOptions: {debuggerAddress: localhost:63059}, networkConnectionEnabled: false, pageLoadStrategy: normal, platformName: WINDOWS, proxy: Proxy(), se:cdp: ws://localhost:63059/devtoo..., se:cdpVersion: 129.0.6668.58, setWindowRect: true, strictFileInteractability: false, timeouts: {implicit: 0, pageLoad: 300000, script: 30000}, unhandledPromptBehavior: dismiss and notify, webauthn:extension:credBlob: true, webauthn:extension:largeBlob: true, webauthn:extension:minPinLength: true, webauthn:extension:prf: true, webauthn:virtualAuthenticators: true}
Element: [[ChromeDriver: chrome on WINDOWS (a2d7192192261d65d2b52b69c15adf6c)] -> xpath: //p-dropdown[@formcontrolname='user_id']]
Session ID: a2d7192192261d65d2b52b69c15adf6c
at org.openqa.selenium.remote.ErrorCodec.decode(ErrorCodec.java:167)
at org.openqa.selenium.remote.codec.w3c.W3CHttpResponseCodec.decode(W3CHttpResponseCodec.java:138)
at org.openqa.selenium.remote.codec.w3c.W3CHttpResponseCodec.decode(W3CHttpResponseCodec.java:50)
at org.openqa.selenium.remote.HttpCommandExecutor.execute(HttpCommandExecutor.java:190)
at org.openqa.selenium.remote.service.DriverCommandExecutor.invokeExecute(DriverCommandExecutor.java:216)
at org.openqa.selenium.remote.service.DriverCommandExecutor.execute(DriverCommandExecutor.java:174)
at org.openqa.selenium.remote.RemoteWebDriver.execute(RemoteWebDriver.java:519)
at org.openqa.selenium.remote.RemoteWebElement.execute(RemoteWebElement.java:223)
at org.openqa.selenium.remote.RemoteWebElement.click(RemoteWebElement.java:76)
at com.befreebdms.qa.myprofile.MyLunch.verifyAddRecordForMyLunch(MyLunch.java:51)
at java.base/java.util.ArrayList.forEach(ArrayList.java:1597)
... Removed 28 stack frames]]>
    </failure>
  </testcase> <!-- verifyAddRecordForMyLunch -->
  <testcase classname="com.befreebdms.qa.myprofile.MyHolidayWorking" name="verifyAddRecordForHolidayWorking" time="3.968"/>
</testsuite> <!-- Test -->
