<?xml version="1.0" encoding="UTF-8"?>
<testng-results ignored="0" total="3" passed="3" failed="0" skipped="0">
  <reporter-output>
  </reporter-output>
  <suite started-at="2024-09-26T15:46:50 IST" name="Default suite" finished-at="2024-09-26T15:47:29 IST" duration-ms="38545">
    <groups>
    </groups>
    <test started-at="2024-09-26T15:46:50 IST" name="Default test" finished-at="2024-09-26T15:47:29 IST" duration-ms="38545">
      <class name="com.befreebdms.qa.myprofile.MyHolidayWorking">
        <test-method is-config="true" signature="setUp()[pri:0, instance:com.befreebdms.qa.myprofile.MyHolidayWorking@3b69e7d1]" started-at="2024-09-26T15:46:50 IST" name="setUp" finished-at="2024-09-26T15:47:00 IST" duration-ms="9341" status="PASS">
          <reporter-output>
          </reporter-output>
        </test-method> <!-- setUp -->
        <test-method signature="verifyAddRecordForHolidayWorking()[pri:1, instance:com.befreebdms.qa.myprofile.MyHolidayWorking@3b69e7d1]" started-at="2024-09-26T15:47:00 IST" name="verifyAddRecordForHolidayWorking" finished-at="2024-09-26T15:47:04 IST" duration-ms="4225" status="PASS">
          <reporter-output>
          </reporter-output>
        </test-method> <!-- verifyAddRecordForHolidayWorking -->
        <test-method is-config="true" signature="tearDown()[pri:0, instance:com.befreebdms.qa.myprofile.MyHolidayWorking@3b69e7d1]" started-at="2024-09-26T15:47:04 IST" name="tearDown" finished-at="2024-09-26T15:47:05 IST" duration-ms="1063" status="PASS">
          <reporter-output>
          </reporter-output>
        </test-method> <!-- tearDown -->
        <test-method is-config="true" signature="setUp()[pri:0, instance:com.befreebdms.qa.myprofile.MyHolidayWorking@3b69e7d1]" started-at="2024-09-26T15:47:05 IST" name="setUp" finished-at="2024-09-26T15:47:13 IST" duration-ms="7660" status="PASS">
          <reporter-output>
          </reporter-output>
        </test-method> <!-- setUp -->
        <test-method signature="verifyAddRecordrHolidayWorking()[pri:1, instance:com.befreebdms.qa.myprofile.MyHolidayWorking@3b69e7d1]" started-at="2024-09-26T15:47:13 IST" name="verifyAddRecordrHolidayWorking" finished-at="2024-09-26T15:47:16 IST" duration-ms="3918" status="PASS">
          <reporter-output>
          </reporter-output>
        </test-method> <!-- verifyAddRecordrHolidayWorking -->
        <test-method is-config="true" signature="tearDown()[pri:0, instance:com.befreebdms.qa.myprofile.MyHolidayWorking@3b69e7d1]" started-at="2024-09-26T15:47:16 IST" name="tearDown" finished-at="2024-09-26T15:47:18 IST" duration-ms="1286" status="PASS">
          <reporter-output>
          </reporter-output>
        </test-method> <!-- tearDown -->
        <test-method is-config="true" signature="setUp()[pri:0, instance:com.befreebdms.qa.myprofile.MyHolidayWorking@3b69e7d1]" started-at="2024-09-26T15:47:18 IST" name="setUp" finished-at="2024-09-26T15:47:27 IST" duration-ms="8876" status="PASS">
          <reporter-output>
          </reporter-output>
        </test-method> <!-- setUp -->
        <test-method signature="verifyDeleteRecordHolidayWorking()[pri:2, instance:com.befreebdms.qa.myprofile.MyHolidayWorking@3b69e7d1]" started-at="2024-09-26T15:47:27 IST" name="verifyDeleteRecordHolidayWorking" finished-at="2024-09-26T15:47:28 IST" duration-ms="1134" status="PASS">
          <reporter-output>
          </reporter-output>
        </test-method> <!-- verifyDeleteRecordHolidayWorking -->
        <test-method is-config="true" signature="tearDown()[pri:0, instance:com.befreebdms.qa.myprofile.MyHolidayWorking@3b69e7d1]" started-at="2024-09-26T15:47:28 IST" name="tearDown" finished-at="2024-09-26T15:47:29 IST" duration-ms="987" status="PASS">
          <reporter-output>
          </reporter-output>
        </test-method> <!-- tearDown -->
      </class> <!-- com.befreebdms.qa.myprofile.MyHolidayWorking -->
    </test> <!-- Default test -->
  </suite> <!-- Default suite -->
</testng-results>
