<?xml version="1.0" encoding="UTF-8"?>
<testng-results ignored="0" total="5" passed="5" failed="0" skipped="0">
  <reporter-output>
  </reporter-output>
  <suite started-at="2024-09-11T11:57:23 IST" name="Suite" finished-at="2024-09-11T11:59:02 IST" duration-ms="99416">
    <groups>
    </groups>
    <test started-at="2024-09-11T11:57:23 IST" name="Test" finished-at="2024-09-11T11:59:02 IST" duration-ms="99416">
      <class name="com.befreebdms.qa.myprofile.MyHolidayWorking">
        <test-method is-config="true" signature="setUp()[pri:0, instance:com.befreebdms.qa.myprofile.MyHolidayWorking@304bb45b]" started-at="2024-09-11T11:58:47 IST" name="setUp" finished-at="2024-09-11T11:58:54 IST" duration-ms="7587" status="PASS">
          <reporter-output>
          </reporter-output>
        </test-method> <!-- setUp -->
        <test-method signature="verifyAddRecordForHolidayWorking()[pri:1, instance:com.befreebdms.qa.myprofile.MyHolidayWorking@304bb45b]" started-at="2024-09-11T11:58:54 IST" name="verifyAddRecordForHolidayWorking" finished-at="2024-09-11T11:59:01 IST" duration-ms="7167" status="PASS">
          <reporter-output>
          </reporter-output>
        </test-method> <!-- verifyAddRecordForHolidayWorking -->
        <test-method is-config="true" signature="tearDown()[pri:0, instance:com.befreebdms.qa.myprofile.MyHolidayWorking@304bb45b]" started-at="2024-09-11T11:59:01 IST" name="tearDown" finished-at="2024-09-11T11:59:02 IST" duration-ms="455" status="PASS">
          <reporter-output>
          </reporter-output>
        </test-method> <!-- tearDown -->
      </class> <!-- com.befreebdms.qa.myprofile.MyHolidayWorking -->
      <class name="com.befreebdms.qa.myprofile.ApplyLeave">
        <test-method is-config="true" signature="setUp()[pri:0, instance:com.befreebdms.qa.myprofile.ApplyLeave@68c9133c]" started-at="2024-09-11T11:57:23 IST" name="setUp" finished-at="2024-09-11T11:57:34 IST" duration-ms="10536" status="PASS">
          <reporter-output>
          </reporter-output>
        </test-method> <!-- setUp -->
        <test-method signature="verifyApplyCasualLeave()[pri:1, instance:com.befreebdms.qa.myprofile.ApplyLeave@68c9133c]" started-at="2024-09-11T11:57:34 IST" name="verifyApplyCasualLeave" finished-at="2024-09-11T11:57:42 IST" duration-ms="8783" status="PASS">
          <reporter-output>
          </reporter-output>
        </test-method> <!-- verifyApplyCasualLeave -->
        <test-method is-config="true" signature="tearDown()[pri:0, instance:com.befreebdms.qa.myprofile.ApplyLeave@68c9133c]" started-at="2024-09-11T11:57:42 IST" name="tearDown" finished-at="2024-09-11T11:57:44 IST" duration-ms="2038" status="PASS">
          <reporter-output>
          </reporter-output>
        </test-method> <!-- tearDown -->
        <test-method is-config="true" signature="setUp()[pri:0, instance:com.befreebdms.qa.myprofile.ApplyLeave@68c9133c]" started-at="2024-09-11T11:57:44 IST" name="setUp" finished-at="2024-09-11T11:57:54 IST" duration-ms="9731" status="PASS">
          <reporter-output>
          </reporter-output>
        </test-method> <!-- setUp -->
        <test-method signature="verifyApplyCompOffLeave()[pri:2, instance:com.befreebdms.qa.myprofile.ApplyLeave@68c9133c]" started-at="2024-09-11T11:57:54 IST" name="verifyApplyCompOffLeave" finished-at="2024-09-11T11:58:01 IST" duration-ms="7240" status="PASS">
          <reporter-output>
          </reporter-output>
        </test-method> <!-- verifyApplyCompOffLeave -->
        <test-method is-config="true" signature="tearDown()[pri:0, instance:com.befreebdms.qa.myprofile.ApplyLeave@68c9133c]" started-at="2024-09-11T11:58:01 IST" name="tearDown" finished-at="2024-09-11T11:58:02 IST" duration-ms="729" status="PASS">
          <reporter-output>
          </reporter-output>
        </test-method> <!-- tearDown -->
        <test-method is-config="true" signature="setUp()[pri:0, instance:com.befreebdms.qa.myprofile.ApplyLeave@68c9133c]" started-at="2024-09-11T11:58:02 IST" name="setUp" finished-at="2024-09-11T11:58:12 IST" duration-ms="9386" status="PASS">
          <reporter-output>
          </reporter-output>
        </test-method> <!-- setUp -->
        <test-method signature="verifyApplySickLeave()[pri:3, instance:com.befreebdms.qa.myprofile.ApplyLeave@68c9133c]" started-at="2024-09-11T11:58:12 IST" name="verifyApplySickLeave" finished-at="2024-09-11T11:58:23 IST" duration-ms="11587" status="PASS">
          <reporter-output>
          </reporter-output>
        </test-method> <!-- verifyApplySickLeave -->
        <test-method is-config="true" signature="tearDown()[pri:0, instance:com.befreebdms.qa.myprofile.ApplyLeave@68c9133c]" started-at="2024-09-11T11:58:23 IST" name="tearDown" finished-at="2024-09-11T11:58:24 IST" duration-ms="679" status="PASS">
          <reporter-output>
          </reporter-output>
        </test-method> <!-- tearDown -->
        <test-method is-config="true" signature="setUp()[pri:0, instance:com.befreebdms.qa.myprofile.ApplyLeave@68c9133c]" started-at="2024-09-11T11:58:24 IST" name="setUp" finished-at="2024-09-11T11:58:33 IST" duration-ms="9531" status="PASS">
          <reporter-output>
          </reporter-output>
        </test-method> <!-- setUp -->
        <test-method signature="verifyApplyMaternityLeave()[pri:4, instance:com.befreebdms.qa.myprofile.ApplyLeave@68c9133c]" started-at="2024-09-11T11:58:33 IST" name="verifyApplyMaternityLeave" finished-at="2024-09-11T11:58:46 IST" duration-ms="12885" status="PASS">
          <reporter-output>
          </reporter-output>
        </test-method> <!-- verifyApplyMaternityLeave -->
        <test-method is-config="true" signature="tearDown()[pri:0, instance:com.befreebdms.qa.myprofile.ApplyLeave@68c9133c]" started-at="2024-09-11T11:58:46 IST" name="tearDown" finished-at="2024-09-11T11:58:47 IST" duration-ms="480" status="PASS">
          <reporter-output>
          </reporter-output>
        </test-method> <!-- tearDown -->
      </class> <!-- com.befreebdms.qa.myprofile.ApplyLeave -->
    </test> <!-- Test -->
  </suite> <!-- Suite -->
</testng-results>
