<?xml version="1.0" encoding="UTF-8"?>
<testng-results ignored="0" total="1" passed="1" failed="0" skipped="0">
  <reporter-output>
  </reporter-output>
  <suite started-at="2024-09-13T09:07:51 IST" name="Default suite" finished-at="2024-09-13T09:08:17 IST" duration-ms="26322">
    <groups>
    </groups>
    <test started-at="2024-09-13T09:07:51 IST" name="Default test" finished-at="2024-09-13T09:08:17 IST" duration-ms="26322">
      <class name="com.befreebdms.qa.myprofile.ApplyLeave">
        <test-method is-config="true" signature="setUp()[pri:0, instance:com.befreebdms.qa.myprofile.ApplyLeave@7a35b0f5]" started-at="2024-09-13T09:07:51 IST" name="setUp" finished-at="2024-09-13T09:08:03 IST" duration-ms="12547" status="PASS">
          <reporter-output>
          </reporter-output>
        </test-method> <!-- setUp -->
        <test-method signature="verifyApplyCasualLeave()[pri:1, instance:com.befreebdms.qa.myprofile.ApplyLeave@7a35b0f5]" started-at="2024-09-13T09:08:03 IST" name="verifyApplyCasualLeave" finished-at="2024-09-13T09:08:15 IST" duration-ms="11959" status="PASS">
          <reporter-output>
          </reporter-output>
        </test-method> <!-- verifyApplyCasualLeave -->
        <test-method is-config="true" signature="tearDown()[pri:0, instance:com.befreebdms.qa.myprofile.ApplyLeave@7a35b0f5]" started-at="2024-09-13T09:08:15 IST" name="tearDown" finished-at="2024-09-13T09:08:17 IST" duration-ms="1707" status="PASS">
          <reporter-output>
          </reporter-output>
        </test-method> <!-- tearDown -->
      </class> <!-- com.befreebdms.qa.myprofile.ApplyLeave -->
    </test> <!-- Default test -->
  </suite> <!-- Default suite -->
</testng-results>
