<?xml version="1.0" encoding="UTF-8"?>
<testng-results ignored="0" total="1" passed="1" failed="0" skipped="0">
  <reporter-output>
  </reporter-output>
  <suite started-at="2025-01-15T11:47:14 IST" name="Default suite" finished-at="2025-01-15T11:47:25 IST" duration-ms="11222">
    <groups>
    </groups>
    <test started-at="2025-01-15T11:47:14 IST" name="Default test" finished-at="2025-01-15T11:47:25 IST" duration-ms="11222">
      <class name="com.befreebdms.qa.hr.AttendanceSummary">
        <test-method is-config="true" signature="setUp()[pri:0, instance:com.befreebdms.qa.hr.AttendanceSummary@7e6f74c]" started-at="2025-01-15T11:47:14 IST" name="setUp" finished-at="2025-01-15T11:47:17 IST" duration-ms="3109" status="PASS">
          <reporter-output>
          </reporter-output>
        </test-method> <!-- setUp -->
        <test-method signature="verifyApproveBySecondApproval()[pri:3, instance:com.befreebdms.qa.hr.AttendanceSummary@7e6f74c]" started-at="2025-01-15T11:47:17 IST" name="verifyApproveBySecondApproval" finished-at="2025-01-15T11:47:25 IST" duration-ms="7620" status="PASS">
          <reporter-output>
          </reporter-output>
        </test-method> <!-- verifyApproveBySecondApproval -->
        <test-method is-config="true" signature="tearDown()[pri:0, instance:com.befreebdms.qa.hr.AttendanceSummary@7e6f74c]" started-at="2025-01-15T11:47:25 IST" name="tearDown" finished-at="2025-01-15T11:47:25 IST" duration-ms="443" status="PASS">
          <reporter-output>
          </reporter-output>
        </test-method> <!-- tearDown -->
      </class> <!-- com.befreebdms.qa.hr.AttendanceSummary -->
    </test> <!-- Default test -->
  </suite> <!-- Default suite -->
</testng-results>
