<?xml version="1.0" encoding="UTF-8"?>
<!-- Generated by org.testng.reporters.JUnitReportReporter -->
<testsuite hostname="BF0035470123" failures="0" tests="1306" name="com.befreebdms.qa.myprofile.LoginAndLogout" time="14.648" errors="1" timestamp="2024-12-28T14:18:15 IST" skipped="1304">
  <testcase classname="com.befreebdms.qa.myprofile.LoginAndLogout" name="tearDown" time="12.455">
    <error message="no such element: Unable to locate element: {&quot;method&quot;:&quot;xpath&quot;,&quot;selector&quot;:&quot;//li[@id=&#039;LOGOUT_WITH_PUNCH_OUT&#039;]&quot;}
  (Session info: chrome=131.0.6778.205)
For documentation on this error, please visit: https://selenium.dev/exceptions/#no_such_element
Build info: version: &#039;4.4.0&#039;, revision: &#039;e5c75ed026a&#039;
System info: host: &#039;BF0035470123&#039;, ip: &#039;10.60.10.75&#039;, os.name: &#039;Windows 11&#039;, os.arch: &#039;amd64&#039;, os.version: &#039;10.0&#039;, java.version: &#039;22.0.2&#039;
Driver info: org.openqa.selenium.chrome.ChromeDriver
Command: [7eae91e1eb0ef4e638f1198408690865, findElement {value=//li[@id=&#039;LOGOUT_WITH_PUNCH_OUT&#039;], using=xpath}]
Capabilities {acceptInsecureCerts: false, browserName: chrome, browserVersion: 131.0.6778.205, chrome: {chromedriverVersion: 131.0.6778.204 (52183f9e99a..., userDataDir: C:\Users\nagnath.g\AppData\...}, fedcm:accounts: true, goog:chromeOptions: {debuggerAddress: localhost:55040}, networkConnectionEnabled: false, pageLoadStrategy: normal, platformName: WINDOWS, proxy: Proxy(), se:cdp: ws://localhost:55040/devtoo..., se:cdpVersion: 131.0.6778.205, setWindowRect: true, strictFileInteractability: false, timeouts: {implicit: 0, pageLoad: 300000, script: 30000}, unhandledPromptBehavior: dismiss and notify, webauthn:extension:credBlob: true, webauthn:extension:largeBlob: true, webauthn:extension:minPinLength: true, webauthn:extension:prf: true, webauthn:virtualAuthenticators: true}
Session ID: 7eae91e1eb0ef4e638f1198408690865" type="org.openqa.selenium.NoSuchElementException">
      <![CDATA[org.openqa.selenium.NoSuchElementException: no such element: Unable to locate element: {"method":"xpath","selector":"//li[@id='LOGOUT_WITH_PUNCH_OUT']"}
  (Session info: chrome=131.0.6778.205)
For documentation on this error, please visit: https://selenium.dev/exceptions/#no_such_element
Build info: version: '4.4.0', revision: 'e5c75ed026a'
System info: host: 'BF0035470123', ip: '10.60.10.75', os.name: 'Windows 11', os.arch: 'amd64', os.version: '10.0', java.version: '22.0.2'
Driver info: org.openqa.selenium.chrome.ChromeDriver
Command: [7eae91e1eb0ef4e638f1198408690865, findElement {value=//li[@id='LOGOUT_WITH_PUNCH_OUT'], using=xpath}]
Capabilities {acceptInsecureCerts: false, browserName: chrome, browserVersion: 131.0.6778.205, chrome: {chromedriverVersion: 131.0.6778.204 (52183f9e99a..., userDataDir: C:\Users\nagnath.g\AppData\...}, fedcm:accounts: true, goog:chromeOptions: {debuggerAddress: localhost:55040}, networkConnectionEnabled: false, pageLoadStrategy: normal, platformName: WINDOWS, proxy: Proxy(), se:cdp: ws://localhost:55040/devtoo..., se:cdpVersion: 131.0.6778.205, setWindowRect: true, strictFileInteractability: false, timeouts: {implicit: 0, pageLoad: 300000, script: 30000}, unhandledPromptBehavior: dismiss and notify, webauthn:extension:credBlob: true, webauthn:extension:largeBlob: true, webauthn:extension:minPinLength: true, webauthn:extension:prf: true, webauthn:virtualAuthenticators: true}
Session ID: 7eae91e1eb0ef4e638f1198408690865
at java.base/jdk.internal.reflect.DirectConstructorHandleAccessor.newInstance(DirectConstructorHandleAccessor.java:62)
at java.base/java.lang.reflect.Constructor.newInstanceWithCaller(Constructor.java:502)
at java.base/java.lang.reflect.Constructor.newInstance(Constructor.java:486)
at org.openqa.selenium.remote.ErrorCodec.decode(ErrorCodec.java:167)
at org.openqa.selenium.remote.codec.w3c.W3CHttpResponseCodec.decode(W3CHttpResponseCodec.java:138)
at org.openqa.selenium.remote.codec.w3c.W3CHttpResponseCodec.decode(W3CHttpResponseCodec.java:50)
at org.openqa.selenium.remote.HttpCommandExecutor.execute(HttpCommandExecutor.java:190)
at org.openqa.selenium.remote.service.DriverCommandExecutor.invokeExecute(DriverCommandExecutor.java:216)
at org.openqa.selenium.remote.service.DriverCommandExecutor.execute(DriverCommandExecutor.java:174)
at org.openqa.selenium.remote.RemoteWebDriver.execute(RemoteWebDriver.java:519)
at org.openqa.selenium.remote.ElementLocation$ElementFinder$2.findElement(ElementLocation.java:165)
at org.openqa.selenium.remote.ElementLocation.findElement(ElementLocation.java:59)
at org.openqa.selenium.remote.RemoteWebDriver.findElement(RemoteWebDriver.java:356)
at org.openqa.selenium.remote.RemoteWebDriver.findElement(RemoteWebDriver.java:350)
at org.openqa.selenium.support.pagefactory.DefaultElementLocator.findElement(DefaultElementLocator.java:68)
at org.openqa.selenium.support.pagefactory.internal.LocatingElementHandler.invoke(LocatingElementHandler.java:38)
at jdk.proxy2/jdk.proxy2.$Proxy13.click(Unknown Source)
at com.bdms.qa.pageobject.HomePage.clickonLogoutwithPunchoutOption(HomePage.java:85)
at com.befreebdms.qa.myprofile.LoginAndLogout.tearDown(LoginAndLogout.java:50)
at java.base/jdk.internal.reflect.DirectMethodHandleAccessor.invoke(DirectMethodHandleAccessor.java:103)
at java.base/java.lang.reflect.Method.invoke(Method.java:580)
at org.testng.internal.invokers.MethodInvocationHelper.invokeMethod(MethodInvocationHelper.java:141)
at org.testng.internal.invokers.MethodInvocationHelper.invokeMethodConsideringTimeout(MethodInvocationHelper.java:71)
at org.testng.internal.invokers.ConfigInvoker.invokeConfigurationMethod(ConfigInvoker.java:400)
at org.testng.internal.invokers.ConfigInvoker.invokeConfigurations(ConfigInvoker.java:333)
at org.testng.internal.invokers.TestInvoker.runConfigMethods(TestInvoker.java:833)
at org.testng.internal.invokers.TestInvoker.runAfterConfigurations(TestInvoker.java:802)
at org.testng.internal.invokers.TestInvoker.invokeMethod(TestInvoker.java:778)
at org.testng.internal.invokers.TestInvoker.invokeTestMethod(TestInvoker.java:230)
at org.testng.internal.invokers.MethodRunner.runInSequence(MethodRunner.java:63)
at org.testng.internal.invokers.TestInvoker$MethodInvocationAgent.invoke(TestInvoker.java:992)
at org.testng.internal.invokers.TestInvoker.invokeTestMethods(TestInvoker.java:203)
at org.testng.internal.invokers.TestMethodWorker.invokeTestMethods(TestMethodWorker.java:154)
at org.testng.internal.invokers.TestMethodWorker.run(TestMethodWorker.java:134)
at java.base/java.util.ArrayList.forEach(ArrayList.java:1597)
at org.testng.TestRunner.privateRun(TestRunner.java:739)
at org.testng.TestRunner.run(TestRunner.java:614)
at org.testng.SuiteRunner.runTest(SuiteRunner.java:421)
at org.testng.SuiteRunner.runSequentially(SuiteRunner.java:413)
at org.testng.SuiteRunner.privateRun(SuiteRunner.java:373)
at org.testng.SuiteRunner.run(SuiteRunner.java:312)
at org.testng.SuiteRunnerWorker.runSuite(SuiteRunnerWorker.java:52)
at org.testng.SuiteRunnerWorker.run(SuiteRunnerWorker.java:95)
at org.testng.TestNG.runSuitesSequentially(TestNG.java:1274)
at org.testng.TestNG.runSuitesLocally(TestNG.java:1208)
at org.testng.TestNG.runSuites(TestNG.java:1112)
at org.testng.TestNG.run(TestNG.java:1079)
at org.testng.remote.AbstractRemoteTestNG.run(AbstractRemoteTestNG.java:115)
at org.testng.remote.RemoteTestNG.initAndRun(RemoteTestNG.java:293)
at org.testng.remote.RemoteTestNG.main(RemoteTestNG.java:91)
]]>
    </error>
  </testcase> <!-- tearDown -->
  <testcase classname="com.befreebdms.qa.myprofile.LoginAndLogout" name="verifyLoginWithValidCredential" time="0.000">
    <skipped/>
  </testcase> <!-- verifyLoginWithValidCredential -->
  <testcase classname="com.befreebdms.qa.myprofile.LoginAndLogout" name="verifyLoginWithValidCredential" time="0.000">
    <skipped/>
  </testcase> <!-- verifyLoginWithValidCredential -->
  <testcase classname="com.befreebdms.qa.myprofile.LoginAndLogout" name="verifyLoginWithValidCredential" time="0.000">
    <skipped/>
  </testcase> <!-- verifyLoginWithValidCredential -->
  <testcase classname="com.befreebdms.qa.myprofile.LoginAndLogout" name="verifyLoginWithValidCredential" time="0.000">
    <skipped/>
  </testcase> <!-- verifyLoginWithValidCredential -->
  <testcase classname="com.befreebdms.qa.myprofile.LoginAndLogout" name="verifyLoginWithValidCredential" time="0.000">
    <skipped/>
  </testcase> <!-- verifyLoginWithValidCredential -->
  <testcase classname="com.befreebdms.qa.myprofile.LoginAndLogout" name="verifyLoginWithValidCredential" time="0.000">
    <skipped/>
  </testcase> <!-- verifyLoginWithValidCredential -->
  <testcase classname="com.befreebdms.qa.myprofile.LoginAndLogout" name="verifyLoginWithValidCredential" time="0.000">
    <skipped/>
  </testcase> <!-- verifyLoginWithValidCredential -->
  <testcase classname="com.befreebdms.qa.myprofile.LoginAndLogout" name="verifyLoginWithValidCredential" time="0.000">
    <skipped/>
  </testcase> <!-- verifyLoginWithValidCredential -->
  <testcase classname="com.befreebdms.qa.myprofile.LoginAndLogout" name="verifyLoginWithValidCredential" time="0.000">
    <skipped/>
  </testcase> <!-- verifyLoginWithValidCredential -->
  <testcase classname="com.befreebdms.qa.myprofile.LoginAndLogout" name="verifyLoginWithValidCredential" time="0.000">
    <skipped/>
  </testcase> <!-- verifyLoginWithValidCredential -->
  <testcase classname="com.befreebdms.qa.myprofile.LoginAndLogout" name="verifyLoginWithValidCredential" time="0.000">
    <skipped/>
  </testcase> <!-- verifyLoginWithValidCredential -->
  <testcase classname="com.befreebdms.qa.myprofile.LoginAndLogout" name="verifyLoginWithValidCredential" time="0.000">
    <skipped/>
  </testcase> <!-- verifyLoginWithValidCredential -->
  <testcase classname="com.befreebdms.qa.myprofile.LoginAndLogout" name="verifyLoginWithValidCredential" time="0.000">
    <skipped/>
  </testcase> <!-- verifyLoginWithValidCredential -->
  <testcase classname="com.befreebdms.qa.myprofile.LoginAndLogout" name="verifyLoginWithValidCredential" time="0.000">
    <skipped/>
  </testcase> <!-- verifyLoginWithValidCredential -->
  <testcase classname="com.befreebdms.qa.myprofile.LoginAndLogout" name="verifyLoginWithValidCredential" time="0.000">
    <skipped/>
  </testcase> <!-- verifyLoginWithValidCredential -->
  <testcase classname="com.befreebdms.qa.myprofile.LoginAndLogout" name="verifyLoginWithValidCredential" time="0.000">
    <skipped/>
  </testcase> <!-- verifyLoginWithValidCredential -->
  <testcase classname="com.befreebdms.qa.myprofile.LoginAndLogout" name="verifyLoginWithValidCredential" time="0.000">
    <skipped/>
  </testcase> <!-- verifyLoginWithValidCredential -->
  <testcase classname="com.befreebdms.qa.myprofile.LoginAndLogout" name="verifyLoginWithValidCredential" time="0.000">
    <skipped/>
  </testcase> <!-- verifyLoginWithValidCredential -->
  <testcase classname="com.befreebdms.qa.myprofile.LoginAndLogout" name="verifyLoginWithValidCredential" time="0.000">
    <skipped/>
  </testcase> <!-- verifyLoginWithValidCredential -->
  <testcase classname="com.befreebdms.qa.myprofile.LoginAndLogout" name="verifyLoginWithValidCredential" time="0.000">
    <skipped/>
  </testcase> <!-- verifyLoginWithValidCredential -->
  <testcase classname="com.befreebdms.qa.myprofile.LoginAndLogout" name="verifyLoginWithValidCredential" time="0.000">
    <skipped/>
  </testcase> <!-- verifyLoginWithValidCredential -->
  <testcase classname="com.befreebdms.qa.myprofile.LoginAndLogout" name="verifyLoginWithValidCredential" time="0.000">
    <skipped/>
  </testcase> <!-- verifyLoginWithValidCredential -->
  <testcase classname="com.befreebdms.qa.myprofile.LoginAndLogout" name="verifyLoginWithValidCredential" time="0.000">
    <skipped/>
  </testcase> <!-- verifyLoginWithValidCredential -->
  <testcase classname="com.befreebdms.qa.myprofile.LoginAndLogout" name="verifyLoginWithValidCredential" time="0.000">
    <skipped/>
  </testcase> <!-- verifyLoginWithValidCredential -->
  <testcase classname="com.befreebdms.qa.myprofile.LoginAndLogout" name="verifyLoginWithValidCredential" time="0.000">
    <skipped/>
  </testcase> <!-- verifyLoginWithValidCredential -->
  <testcase classname="com.befreebdms.qa.myprofile.LoginAndLogout" name="verifyLoginWithValidCredential" time="0.000">
    <skipped/>
  </testcase> <!-- verifyLoginWithValidCredential -->
  <testcase classname="com.befreebdms.qa.myprofile.LoginAndLogout" name="verifyLoginWithValidCredential" time="0.000">
    <skipped/>
  </testcase> <!-- verifyLoginWithValidCredential -->
  <testcase classname="com.befreebdms.qa.myprofile.LoginAndLogout" name="verifyLoginWithValidCredential" time="0.000">
    <skipped/>
  </testcase> <!-- verifyLoginWithValidCredential -->
  <testcase classname="com.befreebdms.qa.myprofile.LoginAndLogout" name="verifyLoginWithValidCredential" time="0.000">
    <skipped/>
  </testcase> <!-- verifyLoginWithValidCredential -->
  <testcase classname="com.befreebdms.qa.myprofile.LoginAndLogout" name="verifyLoginWithValidCredential" time="0.000">
    <skipped/>
  </testcase> <!-- verifyLoginWithValidCredential -->
  <testcase classname="com.befreebdms.qa.myprofile.LoginAndLogout" name="verifyLoginWithValidCredential" time="0.000">
    <skipped/>
  </testcase> <!-- verifyLoginWithValidCredential -->
  <testcase classname="com.befreebdms.qa.myprofile.LoginAndLogout" name="verifyLoginWithValidCredential" time="0.000">
    <skipped/>
  </testcase> <!-- verifyLoginWithValidCredential -->
  <testcase classname="com.befreebdms.qa.myprofile.LoginAndLogout" name="verifyLoginWithValidCredential" time="0.000">
    <skipped/>
  </testcase> <!-- verifyLoginWithValidCredential -->
  <testcase classname="com.befreebdms.qa.myprofile.LoginAndLogout" name="verifyLoginWithValidCredential" time="0.000">
    <skipped/>
  </testcase> <!-- verifyLoginWithValidCredential -->
  <testcase classname="com.befreebdms.qa.myprofile.LoginAndLogout" name="verifyLoginWithValidCredential" time="0.000">
    <skipped/>
  </testcase> <!-- verifyLoginWithValidCredential -->
  <testcase classname="com.befreebdms.qa.myprofile.LoginAndLogout" name="verifyLoginWithValidCredential" time="0.000">
    <skipped/>
  </testcase> <!-- verifyLoginWithValidCredential -->
  <testcase classname="com.befreebdms.qa.myprofile.LoginAndLogout" name="verifyLoginWithValidCredential" time="0.000">
    <skipped/>
  </testcase> <!-- verifyLoginWithValidCredential -->
  <testcase classname="com.befreebdms.qa.myprofile.LoginAndLogout" name="verifyLoginWithValidCredential" time="0.000">
    <skipped/>
  </testcase> <!-- verifyLoginWithValidCredential -->
  <testcase classname="com.befreebdms.qa.myprofile.LoginAndLogout" name="verifyLoginWithValidCredential" time="0.000">
    <skipped/>
  </testcase> <!-- verifyLoginWithValidCredential -->
  <testcase classname="com.befreebdms.qa.myprofile.LoginAndLogout" name="verifyLoginWithValidCredential" time="0.000">
    <skipped/>
  </testcase> <!-- verifyLoginWithValidCredential -->
  <testcase classname="com.befreebdms.qa.myprofile.LoginAndLogout" name="verifyLoginWithValidCredential" time="0.000">
    <skipped/>
  </testcase> <!-- verifyLoginWithValidCredential -->
  <testcase classname="com.befreebdms.qa.myprofile.LoginAndLogout" name="verifyLoginWithValidCredential" time="0.001">
    <skipped/>
  </testcase> <!-- verifyLoginWithValidCredential -->
  <testcase classname="com.befreebdms.qa.myprofile.LoginAndLogout" name="verifyLoginWithValidCredential" time="0.000">
    <skipped/>
  </testcase> <!-- verifyLoginWithValidCredential -->
  <testcase classname="com.befreebdms.qa.myprofile.LoginAndLogout" name="verifyLoginWithValidCredential" time="0.000">
    <skipped/>
  </testcase> <!-- verifyLoginWithValidCredential -->
  <testcase classname="com.befreebdms.qa.myprofile.LoginAndLogout" name="verifyLoginWithValidCredential" time="0.000">
    <skipped/>
  </testcase> <!-- verifyLoginWithValidCredential -->
  <testcase classname="com.befreebdms.qa.myprofile.LoginAndLogout" name="verifyLoginWithValidCredential" time="0.000">
    <skipped/>
  </testcase> <!-- verifyLoginWithValidCredential -->
  <testcase classname="com.befreebdms.qa.myprofile.LoginAndLogout" name="verifyLoginWithValidCredential" time="0.000">
    <skipped/>
  </testcase> <!-- verifyLoginWithValidCredential -->
  <testcase classname="com.befreebdms.qa.myprofile.LoginAndLogout" name="verifyLoginWithValidCredential" time="0.000">
    <skipped/>
  </testcase> <!-- verifyLoginWithValidCredential -->
  <testcase classname="com.befreebdms.qa.myprofile.LoginAndLogout" name="verifyLoginWithValidCredential" time="0.000">
    <skipped/>
  </testcase> <!-- verifyLoginWithValidCredential -->
  <testcase classname="com.befreebdms.qa.myprofile.LoginAndLogout" name="verifyLoginWithValidCredential" time="0.000">
    <skipped/>
  </testcase> <!-- verifyLoginWithValidCredential -->
  <testcase classname="com.befreebdms.qa.myprofile.LoginAndLogout" name="verifyLoginWithValidCredential" time="0.000">
    <skipped/>
  </testcase> <!-- verifyLoginWithValidCredential -->
  <testcase classname="com.befreebdms.qa.myprofile.LoginAndLogout" name="verifyLoginWithValidCredential" time="0.000">
    <skipped/>
  </testcase> <!-- verifyLoginWithValidCredential -->
  <testcase classname="com.befreebdms.qa.myprofile.LoginAndLogout" name="verifyLoginWithValidCredential" time="0.000">
    <skipped/>
  </testcase> <!-- verifyLoginWithValidCredential -->
  <testcase classname="com.befreebdms.qa.myprofile.LoginAndLogout" name="verifyLoginWithValidCredential" time="0.000">
    <skipped/>
  </testcase> <!-- verifyLoginWithValidCredential -->
  <testcase classname="com.befreebdms.qa.myprofile.LoginAndLogout" name="verifyLoginWithValidCredential" time="0.000">
    <skipped/>
  </testcase> <!-- verifyLoginWithValidCredential -->
  <testcase classname="com.befreebdms.qa.myprofile.LoginAndLogout" name="verifyLoginWithValidCredential" time="0.000">
    <skipped/>
  </testcase> <!-- verifyLoginWithValidCredential -->
  <testcase classname="com.befreebdms.qa.myprofile.LoginAndLogout" name="verifyLoginWithValidCredential" time="0.000">
    <skipped/>
  </testcase> <!-- verifyLoginWithValidCredential -->
  <testcase classname="com.befreebdms.qa.myprofile.LoginAndLogout" name="verifyLoginWithValidCredential" time="0.000">
    <skipped/>
  </testcase> <!-- verifyLoginWithValidCredential -->
  <testcase classname="com.befreebdms.qa.myprofile.LoginAndLogout" name="verifyLoginWithValidCredential" time="0.000">
    <skipped/>
  </testcase> <!-- verifyLoginWithValidCredential -->
  <testcase classname="com.befreebdms.qa.myprofile.LoginAndLogout" name="verifyLoginWithValidCredential" time="0.000">
    <skipped/>
  </testcase> <!-- verifyLoginWithValidCredential -->
  <testcase classname="com.befreebdms.qa.myprofile.LoginAndLogout" name="verifyLoginWithValidCredential" time="0.000">
    <skipped/>
  </testcase> <!-- verifyLoginWithValidCredential -->
  <testcase classname="com.befreebdms.qa.myprofile.LoginAndLogout" name="verifyLoginWithValidCredential" time="0.000">
    <skipped/>
  </testcase> <!-- verifyLoginWithValidCredential -->
  <testcase classname="com.befreebdms.qa.myprofile.LoginAndLogout" name="verifyLoginWithValidCredential" time="0.000">
    <skipped/>
  </testcase> <!-- verifyLoginWithValidCredential -->
  <testcase classname="com.befreebdms.qa.myprofile.LoginAndLogout" name="verifyLoginWithValidCredential" time="0.000">
    <skipped/>
  </testcase> <!-- verifyLoginWithValidCredential -->
  <testcase classname="com.befreebdms.qa.myprofile.LoginAndLogout" name="verifyLoginWithValidCredential" time="0.000">
    <skipped/>
  </testcase> <!-- verifyLoginWithValidCredential -->
  <testcase classname="com.befreebdms.qa.myprofile.LoginAndLogout" name="verifyLoginWithValidCredential" time="0.000">
    <skipped/>
  </testcase> <!-- verifyLoginWithValidCredential -->
  <testcase classname="com.befreebdms.qa.myprofile.LoginAndLogout" name="verifyLoginWithValidCredential" time="0.000">
    <skipped/>
  </testcase> <!-- verifyLoginWithValidCredential -->
  <testcase classname="com.befreebdms.qa.myprofile.LoginAndLogout" name="verifyLoginWithValidCredential" time="0.000">
    <skipped/>
  </testcase> <!-- verifyLoginWithValidCredential -->
  <testcase classname="com.befreebdms.qa.myprofile.LoginAndLogout" name="verifyLoginWithValidCredential" time="0.000">
    <skipped/>
  </testcase> <!-- verifyLoginWithValidCredential -->
  <testcase classname="com.befreebdms.qa.myprofile.LoginAndLogout" name="verifyLoginWithValidCredential" time="0.000">
    <skipped/>
  </testcase> <!-- verifyLoginWithValidCredential -->
  <testcase classname="com.befreebdms.qa.myprofile.LoginAndLogout" name="verifyLoginWithValidCredential" time="0.000">
    <skipped/>
  </testcase> <!-- verifyLoginWithValidCredential -->
  <testcase classname="com.befreebdms.qa.myprofile.LoginAndLogout" name="verifyLoginWithValidCredential" time="0.000">
    <skipped/>
  </testcase> <!-- verifyLoginWithValidCredential -->
  <testcase classname="com.befreebdms.qa.myprofile.LoginAndLogout" name="verifyLoginWithValidCredential" time="0.000">
    <skipped/>
  </testcase> <!-- verifyLoginWithValidCredential -->
  <testcase classname="com.befreebdms.qa.myprofile.LoginAndLogout" name="verifyLoginWithValidCredential" time="0.000">
    <skipped/>
  </testcase> <!-- verifyLoginWithValidCredential -->
  <testcase classname="com.befreebdms.qa.myprofile.LoginAndLogout" name="verifyLoginWithValidCredential" time="0.000">
    <skipped/>
  </testcase> <!-- verifyLoginWithValidCredential -->
  <testcase classname="com.befreebdms.qa.myprofile.LoginAndLogout" name="verifyLoginWithValidCredential" time="0.000">
    <skipped/>
  </testcase> <!-- verifyLoginWithValidCredential -->
  <testcase classname="com.befreebdms.qa.myprofile.LoginAndLogout" name="verifyLoginWithValidCredential" time="0.000">
    <skipped/>
  </testcase> <!-- verifyLoginWithValidCredential -->
  <testcase classname="com.befreebdms.qa.myprofile.LoginAndLogout" name="verifyLoginWithValidCredential" time="0.000">
    <skipped/>
  </testcase> <!-- verifyLoginWithValidCredential -->
  <testcase classname="com.befreebdms.qa.myprofile.LoginAndLogout" name="verifyLoginWithValidCredential" time="0.000">
    <skipped/>
  </testcase> <!-- verifyLoginWithValidCredential -->
  <testcase classname="com.befreebdms.qa.myprofile.LoginAndLogout" name="verifyLoginWithValidCredential" time="0.000">
    <skipped/>
  </testcase> <!-- verifyLoginWithValidCredential -->
  <testcase classname="com.befreebdms.qa.myprofile.LoginAndLogout" name="verifyLoginWithValidCredential" time="0.000">
    <skipped/>
  </testcase> <!-- verifyLoginWithValidCredential -->
  <testcase classname="com.befreebdms.qa.myprofile.LoginAndLogout" name="verifyLoginWithValidCredential" time="0.000">
    <skipped/>
  </testcase> <!-- verifyLoginWithValidCredential -->
  <testcase classname="com.befreebdms.qa.myprofile.LoginAndLogout" name="verifyLoginWithValidCredential" time="0.000">
    <skipped/>
  </testcase> <!-- verifyLoginWithValidCredential -->
  <testcase classname="com.befreebdms.qa.myprofile.LoginAndLogout" name="verifyLoginWithValidCredential" time="0.001">
    <skipped/>
  </testcase> <!-- verifyLoginWithValidCredential -->
  <testcase classname="com.befreebdms.qa.myprofile.LoginAndLogout" name="verifyLoginWithValidCredential" time="0.000">
    <skipped/>
  </testcase> <!-- verifyLoginWithValidCredential -->
  <testcase classname="com.befreebdms.qa.myprofile.LoginAndLogout" name="verifyLoginWithValidCredential" time="0.000">
    <skipped/>
  </testcase> <!-- verifyLoginWithValidCredential -->
  <testcase classname="com.befreebdms.qa.myprofile.LoginAndLogout" name="verifyLoginWithValidCredential" time="0.000">
    <skipped/>
  </testcase> <!-- verifyLoginWithValidCredential -->
  <testcase classname="com.befreebdms.qa.myprofile.LoginAndLogout" name="verifyLoginWithValidCredential" time="0.000">
    <skipped/>
  </testcase> <!-- verifyLoginWithValidCredential -->
  <testcase classname="com.befreebdms.qa.myprofile.LoginAndLogout" name="verifyLoginWithValidCredential" time="0.000">
    <skipped/>
  </testcase> <!-- verifyLoginWithValidCredential -->
  <testcase classname="com.befreebdms.qa.myprofile.LoginAndLogout" name="verifyLoginWithValidCredential" time="0.000">
    <skipped/>
  </testcase> <!-- verifyLoginWithValidCredential -->
  <testcase classname="com.befreebdms.qa.myprofile.LoginAndLogout" name="verifyLoginWithValidCredential" time="0.000">
    <skipped/>
  </testcase> <!-- verifyLoginWithValidCredential -->
  <testcase classname="com.befreebdms.qa.myprofile.LoginAndLogout" name="verifyLoginWithValidCredential" time="0.000">
    <skipped/>
  </testcase> <!-- verifyLoginWithValidCredential -->
  <testcase classname="com.befreebdms.qa.myprofile.LoginAndLogout" name="verifyLoginWithValidCredential" time="0.000">
    <skipped/>
  </testcase> <!-- verifyLoginWithValidCredential -->
  <testcase classname="com.befreebdms.qa.myprofile.LoginAndLogout" name="verifyLoginWithValidCredential" time="0.000">
    <skipped/>
  </testcase> <!-- verifyLoginWithValidCredential -->
  <testcase classname="com.befreebdms.qa.myprofile.LoginAndLogout" name="verifyLoginWithValidCredential" time="0.000">
    <skipped/>
  </testcase> <!-- verifyLoginWithValidCredential -->
  <testcase classname="com.befreebdms.qa.myprofile.LoginAndLogout" name="verifyLoginWithValidCredential" time="0.000">
    <skipped/>
  </testcase> <!-- verifyLoginWithValidCredential -->
  <testcase classname="com.befreebdms.qa.myprofile.LoginAndLogout" name="verifyLoginWithValidCredential" time="0.000">
    <skipped/>
  </testcase> <!-- verifyLoginWithValidCredential -->
  <testcase classname="com.befreebdms.qa.myprofile.LoginAndLogout" name="verifyLoginWithValidCredential" time="0.000">
    <skipped/>
  </testcase> <!-- verifyLoginWithValidCredential -->
  <testcase classname="com.befreebdms.qa.myprofile.LoginAndLogout" name="verifyLoginWithValidCredential" time="0.000">
    <skipped/>
  </testcase> <!-- verifyLoginWithValidCredential -->
  <testcase classname="com.befreebdms.qa.myprofile.LoginAndLogout" name="verifyLoginWithValidCredential" time="0.000">
    <skipped/>
  </testcase> <!-- verifyLoginWithValidCredential -->
  <testcase classname="com.befreebdms.qa.myprofile.LoginAndLogout" name="verifyLoginWithValidCredential" time="0.000">
    <skipped/>
  </testcase> <!-- verifyLoginWithValidCredential -->
  <testcase classname="com.befreebdms.qa.myprofile.LoginAndLogout" name="verifyLoginWithValidCredential" time="0.000">
    <skipped/>
  </testcase> <!-- verifyLoginWithValidCredential -->
  <testcase classname="com.befreebdms.qa.myprofile.LoginAndLogout" name="verifyLoginWithValidCredential" time="0.000">
    <skipped/>
  </testcase> <!-- verifyLoginWithValidCredential -->
  <testcase classname="com.befreebdms.qa.myprofile.LoginAndLogout" name="verifyLoginWithValidCredential" time="0.000">
    <skipped/>
  </testcase> <!-- verifyLoginWithValidCredential -->
  <testcase classname="com.befreebdms.qa.myprofile.LoginAndLogout" name="verifyLoginWithValidCredential" time="0.000">
    <skipped/>
  </testcase> <!-- verifyLoginWithValidCredential -->
  <testcase classname="com.befreebdms.qa.myprofile.LoginAndLogout" name="verifyLoginWithValidCredential" time="0.000">
    <skipped/>
  </testcase> <!-- verifyLoginWithValidCredential -->
  <testcase classname="com.befreebdms.qa.myprofile.LoginAndLogout" name="verifyLoginWithValidCredential" time="0.000">
    <skipped/>
  </testcase> <!-- verifyLoginWithValidCredential -->
  <testcase classname="com.befreebdms.qa.myprofile.LoginAndLogout" name="verifyLoginWithValidCredential" time="0.000">
    <skipped/>
  </testcase> <!-- verifyLoginWithValidCredential -->
  <testcase classname="com.befreebdms.qa.myprofile.LoginAndLogout" name="verifyLoginWithValidCredential" time="0.000">
    <skipped/>
  </testcase> <!-- verifyLoginWithValidCredential -->
  <testcase classname="com.befreebdms.qa.myprofile.LoginAndLogout" name="verifyLoginWithValidCredential" time="0.000">
    <skipped/>
  </testcase> <!-- verifyLoginWithValidCredential -->
  <testcase classname="com.befreebdms.qa.myprofile.LoginAndLogout" name="verifyLoginWithValidCredential" time="0.000">
    <skipped/>
  </testcase> <!-- verifyLoginWithValidCredential -->
  <testcase classname="com.befreebdms.qa.myprofile.LoginAndLogout" name="verifyLoginWithValidCredential" time="0.000">
    <skipped/>
  </testcase> <!-- verifyLoginWithValidCredential -->
  <testcase classname="com.befreebdms.qa.myprofile.LoginAndLogout" name="verifyLoginWithValidCredential" time="0.000">
    <skipped/>
  </testcase> <!-- verifyLoginWithValidCredential -->
  <testcase classname="com.befreebdms.qa.myprofile.LoginAndLogout" name="verifyLoginWithValidCredential" time="0.001">
    <skipped/>
  </testcase> <!-- verifyLoginWithValidCredential -->
  <testcase classname="com.befreebdms.qa.myprofile.LoginAndLogout" name="verifyLoginWithValidCredential" time="0.000">
    <skipped/>
  </testcase> <!-- verifyLoginWithValidCredential -->
  <testcase classname="com.befreebdms.qa.myprofile.LoginAndLogout" name="verifyLoginWithValidCredential" time="0.000">
    <skipped/>
  </testcase> <!-- verifyLoginWithValidCredential -->
  <testcase classname="com.befreebdms.qa.myprofile.LoginAndLogout" name="verifyLoginWithValidCredential" time="0.000">
    <skipped/>
  </testcase> <!-- verifyLoginWithValidCredential -->
  <testcase classname="com.befreebdms.qa.myprofile.LoginAndLogout" name="verifyLoginWithValidCredential" time="0.000">
    <skipped/>
  </testcase> <!-- verifyLoginWithValidCredential -->
  <testcase classname="com.befreebdms.qa.myprofile.LoginAndLogout" name="verifyLoginWithValidCredential" time="0.000">
    <skipped/>
  </testcase> <!-- verifyLoginWithValidCredential -->
  <testcase classname="com.befreebdms.qa.myprofile.LoginAndLogout" name="verifyLoginWithValidCredential" time="0.000">
    <skipped/>
  </testcase> <!-- verifyLoginWithValidCredential -->
  <testcase classname="com.befreebdms.qa.myprofile.LoginAndLogout" name="verifyLoginWithValidCredential" time="0.000">
    <skipped/>
  </testcase> <!-- verifyLoginWithValidCredential -->
  <testcase classname="com.befreebdms.qa.myprofile.LoginAndLogout" name="verifyLoginWithValidCredential" time="0.000">
    <skipped/>
  </testcase> <!-- verifyLoginWithValidCredential -->
  <testcase classname="com.befreebdms.qa.myprofile.LoginAndLogout" name="verifyLoginWithValidCredential" time="0.000">
    <skipped/>
  </testcase> <!-- verifyLoginWithValidCredential -->
  <testcase classname="com.befreebdms.qa.myprofile.LoginAndLogout" name="verifyLoginWithValidCredential" time="0.000">
    <skipped/>
  </testcase> <!-- verifyLoginWithValidCredential -->
  <testcase classname="com.befreebdms.qa.myprofile.LoginAndLogout" name="verifyLoginWithValidCredential" time="0.000">
    <skipped/>
  </testcase> <!-- verifyLoginWithValidCredential -->
  <testcase classname="com.befreebdms.qa.myprofile.LoginAndLogout" name="verifyLoginWithValidCredential" time="0.000">
    <skipped/>
  </testcase> <!-- verifyLoginWithValidCredential -->
  <testcase classname="com.befreebdms.qa.myprofile.LoginAndLogout" name="verifyLoginWithValidCredential" time="0.000">
    <skipped/>
  </testcase> <!-- verifyLoginWithValidCredential -->
  <testcase classname="com.befreebdms.qa.myprofile.LoginAndLogout" name="verifyLoginWithValidCredential" time="0.000">
    <skipped/>
  </testcase> <!-- verifyLoginWithValidCredential -->
  <testcase classname="com.befreebdms.qa.myprofile.LoginAndLogout" name="verifyLoginWithValidCredential" time="0.000">
    <skipped/>
  </testcase> <!-- verifyLoginWithValidCredential -->
  <testcase classname="com.befreebdms.qa.myprofile.LoginAndLogout" name="verifyLoginWithValidCredential" time="0.000">
    <skipped/>
  </testcase> <!-- verifyLoginWithValidCredential -->
  <testcase classname="com.befreebdms.qa.myprofile.LoginAndLogout" name="verifyLoginWithValidCredential" time="0.000">
    <skipped/>
  </testcase> <!-- verifyLoginWithValidCredential -->
  <testcase classname="com.befreebdms.qa.myprofile.LoginAndLogout" name="verifyLoginWithValidCredential" time="0.000">
    <skipped/>
  </testcase> <!-- verifyLoginWithValidCredential -->
  <testcase classname="com.befreebdms.qa.myprofile.LoginAndLogout" name="verifyLoginWithValidCredential" time="0.000">
    <skipped/>
  </testcase> <!-- verifyLoginWithValidCredential -->
  <testcase classname="com.befreebdms.qa.myprofile.LoginAndLogout" name="verifyLoginWithValidCredential" time="0.000">
    <skipped/>
  </testcase> <!-- verifyLoginWithValidCredential -->
  <testcase classname="com.befreebdms.qa.myprofile.LoginAndLogout" name="verifyLoginWithValidCredential" time="0.000">
    <skipped/>
  </testcase> <!-- verifyLoginWithValidCredential -->
  <testcase classname="com.befreebdms.qa.myprofile.LoginAndLogout" name="verifyLoginWithValidCredential" time="0.000">
    <skipped/>
  </testcase> <!-- verifyLoginWithValidCredential -->
  <testcase classname="com.befreebdms.qa.myprofile.LoginAndLogout" name="verifyLoginWithValidCredential" time="0.000">
    <skipped/>
  </testcase> <!-- verifyLoginWithValidCredential -->
  <testcase classname="com.befreebdms.qa.myprofile.LoginAndLogout" name="verifyLoginWithValidCredential" time="0.000">
    <skipped/>
  </testcase> <!-- verifyLoginWithValidCredential -->
  <testcase classname="com.befreebdms.qa.myprofile.LoginAndLogout" name="verifyLoginWithValidCredential" time="0.000">
    <skipped/>
  </testcase> <!-- verifyLoginWithValidCredential -->
  <testcase classname="com.befreebdms.qa.myprofile.LoginAndLogout" name="verifyLoginWithValidCredential" time="0.000">
    <skipped/>
  </testcase> <!-- verifyLoginWithValidCredential -->
  <testcase classname="com.befreebdms.qa.myprofile.LoginAndLogout" name="verifyLoginWithValidCredential" time="0.000">
    <skipped/>
  </testcase> <!-- verifyLoginWithValidCredential -->
  <testcase classname="com.befreebdms.qa.myprofile.LoginAndLogout" name="verifyLoginWithValidCredential" time="0.000">
    <skipped/>
  </testcase> <!-- verifyLoginWithValidCredential -->
  <testcase classname="com.befreebdms.qa.myprofile.LoginAndLogout" name="verifyLoginWithValidCredential" time="0.000">
    <skipped/>
  </testcase> <!-- verifyLoginWithValidCredential -->
  <testcase classname="com.befreebdms.qa.myprofile.LoginAndLogout" name="verifyLoginWithValidCredential" time="0.000">
    <skipped/>
  </testcase> <!-- verifyLoginWithValidCredential -->
  <testcase classname="com.befreebdms.qa.myprofile.LoginAndLogout" name="verifyLoginWithValidCredential" time="0.000">
    <skipped/>
  </testcase> <!-- verifyLoginWithValidCredential -->
  <testcase classname="com.befreebdms.qa.myprofile.LoginAndLogout" name="verifyLoginWithValidCredential" time="0.000">
    <skipped/>
  </testcase> <!-- verifyLoginWithValidCredential -->
  <testcase classname="com.befreebdms.qa.myprofile.LoginAndLogout" name="verifyLoginWithValidCredential" time="0.000">
    <skipped/>
  </testcase> <!-- verifyLoginWithValidCredential -->
  <testcase classname="com.befreebdms.qa.myprofile.LoginAndLogout" name="verifyLoginWithValidCredential" time="0.000">
    <skipped/>
  </testcase> <!-- verifyLoginWithValidCredential -->
  <testcase classname="com.befreebdms.qa.myprofile.LoginAndLogout" name="verifyLoginWithValidCredential" time="0.000">
    <skipped/>
  </testcase> <!-- verifyLoginWithValidCredential -->
  <testcase classname="com.befreebdms.qa.myprofile.LoginAndLogout" name="verifyLoginWithValidCredential" time="0.000">
    <skipped/>
  </testcase> <!-- verifyLoginWithValidCredential -->
  <testcase classname="com.befreebdms.qa.myprofile.LoginAndLogout" name="verifyLoginWithValidCredential" time="0.000">
    <skipped/>
  </testcase> <!-- verifyLoginWithValidCredential -->
  <testcase classname="com.befreebdms.qa.myprofile.LoginAndLogout" name="verifyLoginWithValidCredential" time="0.000">
    <skipped/>
  </testcase> <!-- verifyLoginWithValidCredential -->
  <testcase classname="com.befreebdms.qa.myprofile.LoginAndLogout" name="verifyLoginWithValidCredential" time="0.000">
    <skipped/>
  </testcase> <!-- verifyLoginWithValidCredential -->
  <testcase classname="com.befreebdms.qa.myprofile.LoginAndLogout" name="verifyLoginWithValidCredential" time="0.000">
    <skipped/>
  </testcase> <!-- verifyLoginWithValidCredential -->
  <testcase classname="com.befreebdms.qa.myprofile.LoginAndLogout" name="verifyLoginWithValidCredential" time="0.000">
    <skipped/>
  </testcase> <!-- verifyLoginWithValidCredential -->
  <testcase classname="com.befreebdms.qa.myprofile.LoginAndLogout" name="verifyLoginWithValidCredential" time="0.000">
    <skipped/>
  </testcase> <!-- verifyLoginWithValidCredential -->
  <testcase classname="com.befreebdms.qa.myprofile.LoginAndLogout" name="verifyLoginWithValidCredential" time="0.000">
    <skipped/>
  </testcase> <!-- verifyLoginWithValidCredential -->
  <testcase classname="com.befreebdms.qa.myprofile.LoginAndLogout" name="verifyLoginWithValidCredential" time="0.000">
    <skipped/>
  </testcase> <!-- verifyLoginWithValidCredential -->
  <testcase classname="com.befreebdms.qa.myprofile.LoginAndLogout" name="verifyLoginWithValidCredential" time="0.000">
    <skipped/>
  </testcase> <!-- verifyLoginWithValidCredential -->
  <testcase classname="com.befreebdms.qa.myprofile.LoginAndLogout" name="verifyLoginWithValidCredential" time="0.000">
    <skipped/>
  </testcase> <!-- verifyLoginWithValidCredential -->
  <testcase classname="com.befreebdms.qa.myprofile.LoginAndLogout" name="verifyLoginWithValidCredential" time="0.000">
    <skipped/>
  </testcase> <!-- verifyLoginWithValidCredential -->
  <testcase classname="com.befreebdms.qa.myprofile.LoginAndLogout" name="verifyLoginWithValidCredential" time="0.000">
    <skipped/>
  </testcase> <!-- verifyLoginWithValidCredential -->
  <testcase classname="com.befreebdms.qa.myprofile.LoginAndLogout" name="verifyLoginWithValidCredential" time="0.000">
    <skipped/>
  </testcase> <!-- verifyLoginWithValidCredential -->
  <testcase classname="com.befreebdms.qa.myprofile.LoginAndLogout" name="verifyLoginWithValidCredential" time="0.000">
    <skipped/>
  </testcase> <!-- verifyLoginWithValidCredential -->
  <testcase classname="com.befreebdms.qa.myprofile.LoginAndLogout" name="verifyLoginWithValidCredential" time="0.000">
    <skipped/>
  </testcase> <!-- verifyLoginWithValidCredential -->
  <testcase classname="com.befreebdms.qa.myprofile.LoginAndLogout" name="verifyLoginWithValidCredential" time="0.000">
    <skipped/>
  </testcase> <!-- verifyLoginWithValidCredential -->
  <testcase classname="com.befreebdms.qa.myprofile.LoginAndLogout" name="verifyLoginWithValidCredential" time="0.000">
    <skipped/>
  </testcase> <!-- verifyLoginWithValidCredential -->
  <testcase classname="com.befreebdms.qa.myprofile.LoginAndLogout" name="verifyLoginWithValidCredential" time="0.000">
    <skipped/>
  </testcase> <!-- verifyLoginWithValidCredential -->
  <testcase classname="com.befreebdms.qa.myprofile.LoginAndLogout" name="verifyLoginWithValidCredential" time="0.000">
    <skipped/>
  </testcase> <!-- verifyLoginWithValidCredential -->
  <testcase classname="com.befreebdms.qa.myprofile.LoginAndLogout" name="verifyLoginWithValidCredential" time="0.000">
    <skipped/>
  </testcase> <!-- verifyLoginWithValidCredential -->
  <testcase classname="com.befreebdms.qa.myprofile.LoginAndLogout" name="verifyLoginWithValidCredential" time="0.000">
    <skipped/>
  </testcase> <!-- verifyLoginWithValidCredential -->
  <testcase classname="com.befreebdms.qa.myprofile.LoginAndLogout" name="verifyLoginWithValidCredential" time="0.000">
    <skipped/>
  </testcase> <!-- verifyLoginWithValidCredential -->
  <testcase classname="com.befreebdms.qa.myprofile.LoginAndLogout" name="verifyLoginWithValidCredential" time="0.000">
    <skipped/>
  </testcase> <!-- verifyLoginWithValidCredential -->
  <testcase classname="com.befreebdms.qa.myprofile.LoginAndLogout" name="verifyLoginWithValidCredential" time="0.000">
    <skipped/>
  </testcase> <!-- verifyLoginWithValidCredential -->
  <testcase classname="com.befreebdms.qa.myprofile.LoginAndLogout" name="verifyLoginWithValidCredential" time="0.000">
    <skipped/>
  </testcase> <!-- verifyLoginWithValidCredential -->
  <testcase classname="com.befreebdms.qa.myprofile.LoginAndLogout" name="verifyLoginWithValidCredential" time="0.000">
    <skipped/>
  </testcase> <!-- verifyLoginWithValidCredential -->
  <testcase classname="com.befreebdms.qa.myprofile.LoginAndLogout" name="verifyLoginWithValidCredential" time="0.000">
    <skipped/>
  </testcase> <!-- verifyLoginWithValidCredential -->
  <testcase classname="com.befreebdms.qa.myprofile.LoginAndLogout" name="verifyLoginWithValidCredential" time="0.000">
    <skipped/>
  </testcase> <!-- verifyLoginWithValidCredential -->
  <testcase classname="com.befreebdms.qa.myprofile.LoginAndLogout" name="verifyLoginWithValidCredential" time="0.000">
    <skipped/>
  </testcase> <!-- verifyLoginWithValidCredential -->
  <testcase classname="com.befreebdms.qa.myprofile.LoginAndLogout" name="verifyLoginWithValidCredential" time="0.000">
    <skipped/>
  </testcase> <!-- verifyLoginWithValidCredential -->
  <testcase classname="com.befreebdms.qa.myprofile.LoginAndLogout" name="verifyLoginWithValidCredential" time="0.000">
    <skipped/>
  </testcase> <!-- verifyLoginWithValidCredential -->
  <testcase classname="com.befreebdms.qa.myprofile.LoginAndLogout" name="verifyLoginWithValidCredential" time="0.000">
    <skipped/>
  </testcase> <!-- verifyLoginWithValidCredential -->
  <testcase classname="com.befreebdms.qa.myprofile.LoginAndLogout" name="verifyLoginWithValidCredential" time="0.000">
    <skipped/>
  </testcase> <!-- verifyLoginWithValidCredential -->
  <testcase classname="com.befreebdms.qa.myprofile.LoginAndLogout" name="verifyLoginWithValidCredential" time="0.000">
    <skipped/>
  </testcase> <!-- verifyLoginWithValidCredential -->
  <testcase classname="com.befreebdms.qa.myprofile.LoginAndLogout" name="verifyLoginWithValidCredential" time="0.000">
    <skipped/>
  </testcase> <!-- verifyLoginWithValidCredential -->
  <testcase classname="com.befreebdms.qa.myprofile.LoginAndLogout" name="verifyLoginWithValidCredential" time="0.000">
    <skipped/>
  </testcase> <!-- verifyLoginWithValidCredential -->
  <testcase classname="com.befreebdms.qa.myprofile.LoginAndLogout" name="verifyLoginWithValidCredential" time="0.000">
    <skipped/>
  </testcase> <!-- verifyLoginWithValidCredential -->
  <testcase classname="com.befreebdms.qa.myprofile.LoginAndLogout" name="verifyLoginWithValidCredential" time="0.000">
    <skipped/>
  </testcase> <!-- verifyLoginWithValidCredential -->
  <testcase classname="com.befreebdms.qa.myprofile.LoginAndLogout" name="verifyLoginWithValidCredential" time="0.000">
    <skipped/>
  </testcase> <!-- verifyLoginWithValidCredential -->
  <testcase classname="com.befreebdms.qa.myprofile.LoginAndLogout" name="verifyLoginWithValidCredential" time="0.002">
    <skipped/>
  </testcase> <!-- verifyLoginWithValidCredential -->
  <testcase classname="com.befreebdms.qa.myprofile.LoginAndLogout" name="verifyLoginWithValidCredential" time="0.000">
    <skipped/>
  </testcase> <!-- verifyLoginWithValidCredential -->
  <testcase classname="com.befreebdms.qa.myprofile.LoginAndLogout" name="verifyLoginWithValidCredential" time="0.000">
    <skipped/>
  </testcase> <!-- verifyLoginWithValidCredential -->
  <testcase classname="com.befreebdms.qa.myprofile.LoginAndLogout" name="verifyLoginWithValidCredential" time="0.000">
    <skipped/>
  </testcase> <!-- verifyLoginWithValidCredential -->
  <testcase classname="com.befreebdms.qa.myprofile.LoginAndLogout" name="verifyLoginWithValidCredential" time="0.000">
    <skipped/>
  </testcase> <!-- verifyLoginWithValidCredential -->
  <testcase classname="com.befreebdms.qa.myprofile.LoginAndLogout" name="verifyLoginWithValidCredential" time="0.000">
    <skipped/>
  </testcase> <!-- verifyLoginWithValidCredential -->
  <testcase classname="com.befreebdms.qa.myprofile.LoginAndLogout" name="verifyLoginWithValidCredential" time="0.000">
    <skipped/>
  </testcase> <!-- verifyLoginWithValidCredential -->
  <testcase classname="com.befreebdms.qa.myprofile.LoginAndLogout" name="verifyLoginWithValidCredential" time="0.000">
    <skipped/>
  </testcase> <!-- verifyLoginWithValidCredential -->
  <testcase classname="com.befreebdms.qa.myprofile.LoginAndLogout" name="verifyLoginWithValidCredential" time="0.000">
    <skipped/>
  </testcase> <!-- verifyLoginWithValidCredential -->
  <testcase classname="com.befreebdms.qa.myprofile.LoginAndLogout" name="verifyLoginWithValidCredential" time="0.000">
    <skipped/>
  </testcase> <!-- verifyLoginWithValidCredential -->
  <testcase classname="com.befreebdms.qa.myprofile.LoginAndLogout" name="verifyLoginWithValidCredential" time="0.000">
    <skipped/>
  </testcase> <!-- verifyLoginWithValidCredential -->
  <testcase classname="com.befreebdms.qa.myprofile.LoginAndLogout" name="verifyLoginWithValidCredential" time="0.034">
    <skipped/>
  </testcase> <!-- verifyLoginWithValidCredential -->
  <testcase classname="com.befreebdms.qa.myprofile.LoginAndLogout" name="verifyLoginWithValidCredential" time="0.000">
    <skipped/>
  </testcase> <!-- verifyLoginWithValidCredential -->
  <testcase classname="com.befreebdms.qa.myprofile.LoginAndLogout" name="verifyLoginWithValidCredential" time="0.000">
    <skipped/>
  </testcase> <!-- verifyLoginWithValidCredential -->
  <testcase classname="com.befreebdms.qa.myprofile.LoginAndLogout" name="verifyLoginWithValidCredential" time="0.000">
    <skipped/>
  </testcase> <!-- verifyLoginWithValidCredential -->
  <testcase classname="com.befreebdms.qa.myprofile.LoginAndLogout" name="verifyLoginWithValidCredential" time="0.000">
    <skipped/>
  </testcase> <!-- verifyLoginWithValidCredential -->
  <testcase classname="com.befreebdms.qa.myprofile.LoginAndLogout" name="verifyLoginWithValidCredential" time="0.000">
    <skipped/>
  </testcase> <!-- verifyLoginWithValidCredential -->
  <testcase classname="com.befreebdms.qa.myprofile.LoginAndLogout" name="verifyLoginWithValidCredential" time="0.000">
    <skipped/>
  </testcase> <!-- verifyLoginWithValidCredential -->
  <testcase classname="com.befreebdms.qa.myprofile.LoginAndLogout" name="verifyLoginWithValidCredential" time="0.000">
    <skipped/>
  </testcase> <!-- verifyLoginWithValidCredential -->
  <testcase classname="com.befreebdms.qa.myprofile.LoginAndLogout" name="verifyLoginWithValidCredential" time="0.000">
    <skipped/>
  </testcase> <!-- verifyLoginWithValidCredential -->
  <testcase classname="com.befreebdms.qa.myprofile.LoginAndLogout" name="verifyLoginWithValidCredential" time="0.000">
    <skipped/>
  </testcase> <!-- verifyLoginWithValidCredential -->
  <testcase classname="com.befreebdms.qa.myprofile.LoginAndLogout" name="verifyLoginWithValidCredential" time="0.000">
    <skipped/>
  </testcase> <!-- verifyLoginWithValidCredential -->
  <testcase classname="com.befreebdms.qa.myprofile.LoginAndLogout" name="verifyLoginWithValidCredential" time="0.000">
    <skipped/>
  </testcase> <!-- verifyLoginWithValidCredential -->
  <testcase classname="com.befreebdms.qa.myprofile.LoginAndLogout" name="verifyLoginWithValidCredential" time="0.000">
    <skipped/>
  </testcase> <!-- verifyLoginWithValidCredential -->
  <testcase classname="com.befreebdms.qa.myprofile.LoginAndLogout" name="verifyLoginWithValidCredential" time="0.000">
    <skipped/>
  </testcase> <!-- verifyLoginWithValidCredential -->
  <testcase classname="com.befreebdms.qa.myprofile.LoginAndLogout" name="verifyLoginWithValidCredential" time="0.000">
    <skipped/>
  </testcase> <!-- verifyLoginWithValidCredential -->
  <testcase classname="com.befreebdms.qa.myprofile.LoginAndLogout" name="verifyLoginWithValidCredential" time="0.000">
    <skipped/>
  </testcase> <!-- verifyLoginWithValidCredential -->
  <testcase classname="com.befreebdms.qa.myprofile.LoginAndLogout" name="verifyLoginWithValidCredential" time="0.000">
    <skipped/>
  </testcase> <!-- verifyLoginWithValidCredential -->
  <testcase classname="com.befreebdms.qa.myprofile.LoginAndLogout" name="verifyLoginWithValidCredential" time="0.000">
    <skipped/>
  </testcase> <!-- verifyLoginWithValidCredential -->
  <testcase classname="com.befreebdms.qa.myprofile.LoginAndLogout" name="verifyLoginWithValidCredential" time="0.000">
    <skipped/>
  </testcase> <!-- verifyLoginWithValidCredential -->
  <testcase classname="com.befreebdms.qa.myprofile.LoginAndLogout" name="verifyLoginWithValidCredential" time="0.000">
    <skipped/>
  </testcase> <!-- verifyLoginWithValidCredential -->
  <testcase classname="com.befreebdms.qa.myprofile.LoginAndLogout" name="verifyLoginWithValidCredential" time="0.000">
    <skipped/>
  </testcase> <!-- verifyLoginWithValidCredential -->
  <testcase classname="com.befreebdms.qa.myprofile.LoginAndLogout" name="verifyLoginWithValidCredential" time="0.000">
    <skipped/>
  </testcase> <!-- verifyLoginWithValidCredential -->
  <testcase classname="com.befreebdms.qa.myprofile.LoginAndLogout" name="verifyLoginWithValidCredential" time="0.000">
    <skipped/>
  </testcase> <!-- verifyLoginWithValidCredential -->
  <testcase classname="com.befreebdms.qa.myprofile.LoginAndLogout" name="verifyLoginWithValidCredential" time="0.000">
    <skipped/>
  </testcase> <!-- verifyLoginWithValidCredential -->
  <testcase classname="com.befreebdms.qa.myprofile.LoginAndLogout" name="verifyLoginWithValidCredential" time="0.000">
    <skipped/>
  </testcase> <!-- verifyLoginWithValidCredential -->
  <testcase classname="com.befreebdms.qa.myprofile.LoginAndLogout" name="verifyLoginWithValidCredential" time="0.000">
    <skipped/>
  </testcase> <!-- verifyLoginWithValidCredential -->
  <testcase classname="com.befreebdms.qa.myprofile.LoginAndLogout" name="verifyLoginWithValidCredential" time="0.000">
    <skipped/>
  </testcase> <!-- verifyLoginWithValidCredential -->
  <testcase classname="com.befreebdms.qa.myprofile.LoginAndLogout" name="verifyLoginWithValidCredential" time="0.000">
    <skipped/>
  </testcase> <!-- verifyLoginWithValidCredential -->
  <testcase classname="com.befreebdms.qa.myprofile.LoginAndLogout" name="verifyLoginWithValidCredential" time="0.000">
    <skipped/>
  </testcase> <!-- verifyLoginWithValidCredential -->
  <testcase classname="com.befreebdms.qa.myprofile.LoginAndLogout" name="verifyLoginWithValidCredential" time="0.000">
    <skipped/>
  </testcase> <!-- verifyLoginWithValidCredential -->
  <testcase classname="com.befreebdms.qa.myprofile.LoginAndLogout" name="verifyLoginWithValidCredential" time="0.000">
    <skipped/>
  </testcase> <!-- verifyLoginWithValidCredential -->
  <testcase classname="com.befreebdms.qa.myprofile.LoginAndLogout" name="verifyLoginWithValidCredential" time="0.000">
    <skipped/>
  </testcase> <!-- verifyLoginWithValidCredential -->
  <testcase classname="com.befreebdms.qa.myprofile.LoginAndLogout" name="verifyLoginWithValidCredential" time="0.000">
    <skipped/>
  </testcase> <!-- verifyLoginWithValidCredential -->
  <testcase classname="com.befreebdms.qa.myprofile.LoginAndLogout" name="verifyLoginWithValidCredential" time="0.000">
    <skipped/>
  </testcase> <!-- verifyLoginWithValidCredential -->
  <testcase classname="com.befreebdms.qa.myprofile.LoginAndLogout" name="verifyLoginWithValidCredential" time="0.000">
    <skipped/>
  </testcase> <!-- verifyLoginWithValidCredential -->
  <testcase classname="com.befreebdms.qa.myprofile.LoginAndLogout" name="verifyLoginWithValidCredential" time="0.000">
    <skipped/>
  </testcase> <!-- verifyLoginWithValidCredential -->
  <testcase classname="com.befreebdms.qa.myprofile.LoginAndLogout" name="verifyLoginWithValidCredential" time="0.000">
    <skipped/>
  </testcase> <!-- verifyLoginWithValidCredential -->
  <testcase classname="com.befreebdms.qa.myprofile.LoginAndLogout" name="verifyLoginWithValidCredential" time="0.000">
    <skipped/>
  </testcase> <!-- verifyLoginWithValidCredential -->
  <testcase classname="com.befreebdms.qa.myprofile.LoginAndLogout" name="verifyLoginWithValidCredential" time="0.000">
    <skipped/>
  </testcase> <!-- verifyLoginWithValidCredential -->
  <testcase classname="com.befreebdms.qa.myprofile.LoginAndLogout" name="verifyLoginWithValidCredential" time="0.000">
    <skipped/>
  </testcase> <!-- verifyLoginWithValidCredential -->
  <testcase classname="com.befreebdms.qa.myprofile.LoginAndLogout" name="verifyLoginWithValidCredential" time="0.000">
    <skipped/>
  </testcase> <!-- verifyLoginWithValidCredential -->
  <testcase classname="com.befreebdms.qa.myprofile.LoginAndLogout" name="verifyLoginWithValidCredential" time="0.000">
    <skipped/>
  </testcase> <!-- verifyLoginWithValidCredential -->
  <testcase classname="com.befreebdms.qa.myprofile.LoginAndLogout" name="verifyLoginWithValidCredential" time="0.000">
    <skipped/>
  </testcase> <!-- verifyLoginWithValidCredential -->
  <testcase classname="com.befreebdms.qa.myprofile.LoginAndLogout" name="verifyLoginWithValidCredential" time="0.000">
    <skipped/>
  </testcase> <!-- verifyLoginWithValidCredential -->
  <testcase classname="com.befreebdms.qa.myprofile.LoginAndLogout" name="verifyLoginWithValidCredential" time="0.000">
    <skipped/>
  </testcase> <!-- verifyLoginWithValidCredential -->
  <testcase classname="com.befreebdms.qa.myprofile.LoginAndLogout" name="verifyLoginWithValidCredential" time="0.000">
    <skipped/>
  </testcase> <!-- verifyLoginWithValidCredential -->
  <testcase classname="com.befreebdms.qa.myprofile.LoginAndLogout" name="verifyLoginWithValidCredential" time="0.000">
    <skipped/>
  </testcase> <!-- verifyLoginWithValidCredential -->
  <testcase classname="com.befreebdms.qa.myprofile.LoginAndLogout" name="verifyLoginWithValidCredential" time="0.000">
    <skipped/>
  </testcase> <!-- verifyLoginWithValidCredential -->
  <testcase classname="com.befreebdms.qa.myprofile.LoginAndLogout" name="verifyLoginWithValidCredential" time="0.000">
    <skipped/>
  </testcase> <!-- verifyLoginWithValidCredential -->
  <testcase classname="com.befreebdms.qa.myprofile.LoginAndLogout" name="verifyLoginWithValidCredential" time="0.000">
    <skipped/>
  </testcase> <!-- verifyLoginWithValidCredential -->
  <testcase classname="com.befreebdms.qa.myprofile.LoginAndLogout" name="verifyLoginWithValidCredential" time="0.000">
    <skipped/>
  </testcase> <!-- verifyLoginWithValidCredential -->
  <testcase classname="com.befreebdms.qa.myprofile.LoginAndLogout" name="verifyLoginWithValidCredential" time="0.000">
    <skipped/>
  </testcase> <!-- verifyLoginWithValidCredential -->
  <testcase classname="com.befreebdms.qa.myprofile.LoginAndLogout" name="verifyLoginWithValidCredential" time="0.000">
    <skipped/>
  </testcase> <!-- verifyLoginWithValidCredential -->
  <testcase classname="com.befreebdms.qa.myprofile.LoginAndLogout" name="verifyLoginWithValidCredential" time="0.000">
    <skipped/>
  </testcase> <!-- verifyLoginWithValidCredential -->
  <testcase classname="com.befreebdms.qa.myprofile.LoginAndLogout" name="verifyLoginWithValidCredential" time="0.000">
    <skipped/>
  </testcase> <!-- verifyLoginWithValidCredential -->
  <testcase classname="com.befreebdms.qa.myprofile.LoginAndLogout" name="verifyLoginWithValidCredential" time="0.000">
    <skipped/>
  </testcase> <!-- verifyLoginWithValidCredential -->
  <testcase classname="com.befreebdms.qa.myprofile.LoginAndLogout" name="verifyLoginWithValidCredential" time="0.000">
    <skipped/>
  </testcase> <!-- verifyLoginWithValidCredential -->
  <testcase classname="com.befreebdms.qa.myprofile.LoginAndLogout" name="verifyLoginWithValidCredential" time="0.000">
    <skipped/>
  </testcase> <!-- verifyLoginWithValidCredential -->
  <testcase classname="com.befreebdms.qa.myprofile.LoginAndLogout" name="verifyLoginWithValidCredential" time="0.000">
    <skipped/>
  </testcase> <!-- verifyLoginWithValidCredential -->
  <testcase classname="com.befreebdms.qa.myprofile.LoginAndLogout" name="verifyLoginWithValidCredential" time="0.004">
    <skipped/>
  </testcase> <!-- verifyLoginWithValidCredential -->
  <testcase classname="com.befreebdms.qa.myprofile.LoginAndLogout" name="verifyLoginWithValidCredential" time="0.000">
    <skipped/>
  </testcase> <!-- verifyLoginWithValidCredential -->
  <testcase classname="com.befreebdms.qa.myprofile.LoginAndLogout" name="verifyLoginWithValidCredential" time="0.000">
    <skipped/>
  </testcase> <!-- verifyLoginWithValidCredential -->
  <testcase classname="com.befreebdms.qa.myprofile.LoginAndLogout" name="verifyLoginWithValidCredential" time="0.000">
    <skipped/>
  </testcase> <!-- verifyLoginWithValidCredential -->
  <testcase classname="com.befreebdms.qa.myprofile.LoginAndLogout" name="verifyLoginWithValidCredential" time="0.000">
    <skipped/>
  </testcase> <!-- verifyLoginWithValidCredential -->
  <testcase classname="com.befreebdms.qa.myprofile.LoginAndLogout" name="verifyLoginWithValidCredential" time="0.000">
    <skipped/>
  </testcase> <!-- verifyLoginWithValidCredential -->
  <testcase classname="com.befreebdms.qa.myprofile.LoginAndLogout" name="verifyLoginWithValidCredential" time="0.000">
    <skipped/>
  </testcase> <!-- verifyLoginWithValidCredential -->
  <testcase classname="com.befreebdms.qa.myprofile.LoginAndLogout" name="verifyLoginWithValidCredential" time="0.000">
    <skipped/>
  </testcase> <!-- verifyLoginWithValidCredential -->
  <testcase classname="com.befreebdms.qa.myprofile.LoginAndLogout" name="verifyLoginWithValidCredential" time="0.000">
    <skipped/>
  </testcase> <!-- verifyLoginWithValidCredential -->
  <testcase classname="com.befreebdms.qa.myprofile.LoginAndLogout" name="verifyLoginWithValidCredential" time="0.000">
    <skipped/>
  </testcase> <!-- verifyLoginWithValidCredential -->
  <testcase classname="com.befreebdms.qa.myprofile.LoginAndLogout" name="verifyLoginWithValidCredential" time="0.000">
    <skipped/>
  </testcase> <!-- verifyLoginWithValidCredential -->
  <testcase classname="com.befreebdms.qa.myprofile.LoginAndLogout" name="verifyLoginWithValidCredential" time="0.000">
    <skipped/>
  </testcase> <!-- verifyLoginWithValidCredential -->
  <testcase classname="com.befreebdms.qa.myprofile.LoginAndLogout" name="verifyLoginWithValidCredential" time="0.000">
    <skipped/>
  </testcase> <!-- verifyLoginWithValidCredential -->
  <testcase classname="com.befreebdms.qa.myprofile.LoginAndLogout" name="verifyLoginWithValidCredential" time="0.000">
    <skipped/>
  </testcase> <!-- verifyLoginWithValidCredential -->
  <testcase classname="com.befreebdms.qa.myprofile.LoginAndLogout" name="verifyLoginWithValidCredential" time="0.000">
    <skipped/>
  </testcase> <!-- verifyLoginWithValidCredential -->
  <testcase classname="com.befreebdms.qa.myprofile.LoginAndLogout" name="verifyLoginWithValidCredential" time="0.000">
    <skipped/>
  </testcase> <!-- verifyLoginWithValidCredential -->
  <testcase classname="com.befreebdms.qa.myprofile.LoginAndLogout" name="verifyLoginWithValidCredential" time="0.000">
    <skipped/>
  </testcase> <!-- verifyLoginWithValidCredential -->
  <testcase classname="com.befreebdms.qa.myprofile.LoginAndLogout" name="verifyLoginWithValidCredential" time="0.000">
    <skipped/>
  </testcase> <!-- verifyLoginWithValidCredential -->
  <testcase classname="com.befreebdms.qa.myprofile.LoginAndLogout" name="verifyLoginWithValidCredential" time="0.000">
    <skipped/>
  </testcase> <!-- verifyLoginWithValidCredential -->
  <testcase classname="com.befreebdms.qa.myprofile.LoginAndLogout" name="verifyLoginWithValidCredential" time="0.000">
    <skipped/>
  </testcase> <!-- verifyLoginWithValidCredential -->
  <testcase classname="com.befreebdms.qa.myprofile.LoginAndLogout" name="verifyLoginWithValidCredential" time="0.000">
    <skipped/>
  </testcase> <!-- verifyLoginWithValidCredential -->
  <testcase classname="com.befreebdms.qa.myprofile.LoginAndLogout" name="verifyLoginWithValidCredential" time="0.000">
    <skipped/>
  </testcase> <!-- verifyLoginWithValidCredential -->
  <testcase classname="com.befreebdms.qa.myprofile.LoginAndLogout" name="verifyLoginWithValidCredential" time="0.000">
    <skipped/>
  </testcase> <!-- verifyLoginWithValidCredential -->
  <testcase classname="com.befreebdms.qa.myprofile.LoginAndLogout" name="verifyLoginWithValidCredential" time="0.000">
    <skipped/>
  </testcase> <!-- verifyLoginWithValidCredential -->
  <testcase classname="com.befreebdms.qa.myprofile.LoginAndLogout" name="verifyLoginWithValidCredential" time="0.000">
    <skipped/>
  </testcase> <!-- verifyLoginWithValidCredential -->
  <testcase classname="com.befreebdms.qa.myprofile.LoginAndLogout" name="verifyLoginWithValidCredential" time="0.000">
    <skipped/>
  </testcase> <!-- verifyLoginWithValidCredential -->
  <testcase classname="com.befreebdms.qa.myprofile.LoginAndLogout" name="verifyLoginWithValidCredential" time="0.000">
    <skipped/>
  </testcase> <!-- verifyLoginWithValidCredential -->
  <testcase classname="com.befreebdms.qa.myprofile.LoginAndLogout" name="verifyLoginWithValidCredential" time="0.000">
    <skipped/>
  </testcase> <!-- verifyLoginWithValidCredential -->
  <testcase classname="com.befreebdms.qa.myprofile.LoginAndLogout" name="verifyLoginWithValidCredential" time="0.000">
    <skipped/>
  </testcase> <!-- verifyLoginWithValidCredential -->
  <testcase classname="com.befreebdms.qa.myprofile.LoginAndLogout" name="verifyLoginWithValidCredential" time="0.000">
    <skipped/>
  </testcase> <!-- verifyLoginWithValidCredential -->
  <testcase classname="com.befreebdms.qa.myprofile.LoginAndLogout" name="verifyLoginWithValidCredential" time="0.000">
    <skipped/>
  </testcase> <!-- verifyLoginWithValidCredential -->
  <testcase classname="com.befreebdms.qa.myprofile.LoginAndLogout" name="verifyLoginWithValidCredential" time="0.000">
    <skipped/>
  </testcase> <!-- verifyLoginWithValidCredential -->
  <testcase classname="com.befreebdms.qa.myprofile.LoginAndLogout" name="verifyLoginWithValidCredential" time="0.000">
    <skipped/>
  </testcase> <!-- verifyLoginWithValidCredential -->
  <testcase classname="com.befreebdms.qa.myprofile.LoginAndLogout" name="verifyLoginWithValidCredential" time="0.000">
    <skipped/>
  </testcase> <!-- verifyLoginWithValidCredential -->
  <testcase classname="com.befreebdms.qa.myprofile.LoginAndLogout" name="verifyLoginWithValidCredential" time="0.000">
    <skipped/>
  </testcase> <!-- verifyLoginWithValidCredential -->
  <testcase classname="com.befreebdms.qa.myprofile.LoginAndLogout" name="verifyLoginWithValidCredential" time="0.000">
    <skipped/>
  </testcase> <!-- verifyLoginWithValidCredential -->
  <testcase classname="com.befreebdms.qa.myprofile.LoginAndLogout" name="verifyLoginWithValidCredential" time="0.000">
    <skipped/>
  </testcase> <!-- verifyLoginWithValidCredential -->
  <testcase classname="com.befreebdms.qa.myprofile.LoginAndLogout" name="verifyLoginWithValidCredential" time="0.000">
    <skipped/>
  </testcase> <!-- verifyLoginWithValidCredential -->
  <testcase classname="com.befreebdms.qa.myprofile.LoginAndLogout" name="verifyLoginWithValidCredential" time="0.000">
    <skipped/>
  </testcase> <!-- verifyLoginWithValidCredential -->
  <testcase classname="com.befreebdms.qa.myprofile.LoginAndLogout" name="verifyLoginWithValidCredential" time="0.000">
    <skipped/>
  </testcase> <!-- verifyLoginWithValidCredential -->
  <testcase classname="com.befreebdms.qa.myprofile.LoginAndLogout" name="verifyLoginWithValidCredential" time="0.000">
    <skipped/>
  </testcase> <!-- verifyLoginWithValidCredential -->
  <testcase classname="com.befreebdms.qa.myprofile.LoginAndLogout" name="verifyLoginWithValidCredential" time="0.000">
    <skipped/>
  </testcase> <!-- verifyLoginWithValidCredential -->
  <testcase classname="com.befreebdms.qa.myprofile.LoginAndLogout" name="verifyLoginWithValidCredential" time="0.000">
    <skipped/>
  </testcase> <!-- verifyLoginWithValidCredential -->
  <testcase classname="com.befreebdms.qa.myprofile.LoginAndLogout" name="verifyLoginWithValidCredential" time="0.000">
    <skipped/>
  </testcase> <!-- verifyLoginWithValidCredential -->
  <testcase classname="com.befreebdms.qa.myprofile.LoginAndLogout" name="verifyLoginWithValidCredential" time="0.000">
    <skipped/>
  </testcase> <!-- verifyLoginWithValidCredential -->
  <testcase classname="com.befreebdms.qa.myprofile.LoginAndLogout" name="verifyLoginWithValidCredential" time="0.000">
    <skipped/>
  </testcase> <!-- verifyLoginWithValidCredential -->
  <testcase classname="com.befreebdms.qa.myprofile.LoginAndLogout" name="verifyLoginWithValidCredential" time="0.000">
    <skipped/>
  </testcase> <!-- verifyLoginWithValidCredential -->
  <testcase classname="com.befreebdms.qa.myprofile.LoginAndLogout" name="verifyLoginWithValidCredential" time="0.000">
    <skipped/>
  </testcase> <!-- verifyLoginWithValidCredential -->
  <testcase classname="com.befreebdms.qa.myprofile.LoginAndLogout" name="verifyLoginWithValidCredential" time="0.000">
    <skipped/>
  </testcase> <!-- verifyLoginWithValidCredential -->
  <testcase classname="com.befreebdms.qa.myprofile.LoginAndLogout" name="verifyLoginWithValidCredential" time="0.000">
    <skipped/>
  </testcase> <!-- verifyLoginWithValidCredential -->
  <testcase classname="com.befreebdms.qa.myprofile.LoginAndLogout" name="verifyLoginWithValidCredential" time="0.000">
    <skipped/>
  </testcase> <!-- verifyLoginWithValidCredential -->
  <testcase classname="com.befreebdms.qa.myprofile.LoginAndLogout" name="verifyLoginWithValidCredential" time="0.000">
    <skipped/>
  </testcase> <!-- verifyLoginWithValidCredential -->
  <testcase classname="com.befreebdms.qa.myprofile.LoginAndLogout" name="verifyLoginWithValidCredential" time="0.000">
    <skipped/>
  </testcase> <!-- verifyLoginWithValidCredential -->
  <testcase classname="com.befreebdms.qa.myprofile.LoginAndLogout" name="verifyLoginWithValidCredential" time="0.000">
    <skipped/>
  </testcase> <!-- verifyLoginWithValidCredential -->
  <testcase classname="com.befreebdms.qa.myprofile.LoginAndLogout" name="verifyLoginWithValidCredential" time="0.000">
    <skipped/>
  </testcase> <!-- verifyLoginWithValidCredential -->
  <testcase classname="com.befreebdms.qa.myprofile.LoginAndLogout" name="verifyLoginWithValidCredential" time="0.000">
    <skipped/>
  </testcase> <!-- verifyLoginWithValidCredential -->
  <testcase classname="com.befreebdms.qa.myprofile.LoginAndLogout" name="verifyLoginWithValidCredential" time="0.000">
    <skipped/>
  </testcase> <!-- verifyLoginWithValidCredential -->
  <testcase classname="com.befreebdms.qa.myprofile.LoginAndLogout" name="verifyLoginWithValidCredential" time="0.000">
    <skipped/>
  </testcase> <!-- verifyLoginWithValidCredential -->
  <testcase classname="com.befreebdms.qa.myprofile.LoginAndLogout" name="verifyLoginWithValidCredential" time="0.000">
    <skipped/>
  </testcase> <!-- verifyLoginWithValidCredential -->
  <testcase classname="com.befreebdms.qa.myprofile.LoginAndLogout" name="verifyLoginWithValidCredential" time="0.000">
    <skipped/>
  </testcase> <!-- verifyLoginWithValidCredential -->
  <testcase classname="com.befreebdms.qa.myprofile.LoginAndLogout" name="verifyLoginWithValidCredential" time="0.000">
    <skipped/>
  </testcase> <!-- verifyLoginWithValidCredential -->
  <testcase classname="com.befreebdms.qa.myprofile.LoginAndLogout" name="verifyLoginWithValidCredential" time="0.000">
    <skipped/>
  </testcase> <!-- verifyLoginWithValidCredential -->
  <testcase classname="com.befreebdms.qa.myprofile.LoginAndLogout" name="verifyLoginWithValidCredential" time="0.000">
    <skipped/>
  </testcase> <!-- verifyLoginWithValidCredential -->
  <testcase classname="com.befreebdms.qa.myprofile.LoginAndLogout" name="verifyLoginWithValidCredential" time="0.000">
    <skipped/>
  </testcase> <!-- verifyLoginWithValidCredential -->
  <testcase classname="com.befreebdms.qa.myprofile.LoginAndLogout" name="verifyLoginWithValidCredential" time="0.001">
    <skipped/>
  </testcase> <!-- verifyLoginWithValidCredential -->
  <testcase classname="com.befreebdms.qa.myprofile.LoginAndLogout" name="verifyLoginWithValidCredential" time="0.000">
    <skipped/>
  </testcase> <!-- verifyLoginWithValidCredential -->
  <testcase classname="com.befreebdms.qa.myprofile.LoginAndLogout" name="verifyLoginWithValidCredential" time="0.000">
    <skipped/>
  </testcase> <!-- verifyLoginWithValidCredential -->
  <testcase classname="com.befreebdms.qa.myprofile.LoginAndLogout" name="verifyLoginWithValidCredential" time="0.000">
    <skipped/>
  </testcase> <!-- verifyLoginWithValidCredential -->
  <testcase classname="com.befreebdms.qa.myprofile.LoginAndLogout" name="verifyLoginWithValidCredential" time="0.000">
    <skipped/>
  </testcase> <!-- verifyLoginWithValidCredential -->
  <testcase classname="com.befreebdms.qa.myprofile.LoginAndLogout" name="verifyLoginWithValidCredential" time="0.000">
    <skipped/>
  </testcase> <!-- verifyLoginWithValidCredential -->
  <testcase classname="com.befreebdms.qa.myprofile.LoginAndLogout" name="verifyLoginWithValidCredential" time="0.000">
    <skipped/>
  </testcase> <!-- verifyLoginWithValidCredential -->
  <testcase classname="com.befreebdms.qa.myprofile.LoginAndLogout" name="verifyLoginWithValidCredential" time="0.000">
    <skipped/>
  </testcase> <!-- verifyLoginWithValidCredential -->
  <testcase classname="com.befreebdms.qa.myprofile.LoginAndLogout" name="verifyLoginWithValidCredential" time="0.000">
    <skipped/>
  </testcase> <!-- verifyLoginWithValidCredential -->
  <testcase classname="com.befreebdms.qa.myprofile.LoginAndLogout" name="verifyLoginWithValidCredential" time="0.000">
    <skipped/>
  </testcase> <!-- verifyLoginWithValidCredential -->
  <testcase classname="com.befreebdms.qa.myprofile.LoginAndLogout" name="verifyLoginWithValidCredential" time="0.000">
    <skipped/>
  </testcase> <!-- verifyLoginWithValidCredential -->
  <testcase classname="com.befreebdms.qa.myprofile.LoginAndLogout" name="verifyLoginWithValidCredential" time="0.000">
    <skipped/>
  </testcase> <!-- verifyLoginWithValidCredential -->
  <testcase classname="com.befreebdms.qa.myprofile.LoginAndLogout" name="verifyLoginWithValidCredential" time="0.000">
    <skipped/>
  </testcase> <!-- verifyLoginWithValidCredential -->
  <testcase classname="com.befreebdms.qa.myprofile.LoginAndLogout" name="verifyLoginWithValidCredential" time="0.000">
    <skipped/>
  </testcase> <!-- verifyLoginWithValidCredential -->
  <testcase classname="com.befreebdms.qa.myprofile.LoginAndLogout" name="verifyLoginWithValidCredential" time="0.000">
    <skipped/>
  </testcase> <!-- verifyLoginWithValidCredential -->
  <testcase classname="com.befreebdms.qa.myprofile.LoginAndLogout" name="verifyLoginWithValidCredential" time="0.000">
    <skipped/>
  </testcase> <!-- verifyLoginWithValidCredential -->
  <testcase classname="com.befreebdms.qa.myprofile.LoginAndLogout" name="verifyLoginWithValidCredential" time="0.000">
    <skipped/>
  </testcase> <!-- verifyLoginWithValidCredential -->
  <testcase classname="com.befreebdms.qa.myprofile.LoginAndLogout" name="verifyLoginWithValidCredential" time="0.000">
    <skipped/>
  </testcase> <!-- verifyLoginWithValidCredential -->
  <testcase classname="com.befreebdms.qa.myprofile.LoginAndLogout" name="verifyLoginWithValidCredential" time="0.000">
    <skipped/>
  </testcase> <!-- verifyLoginWithValidCredential -->
  <testcase classname="com.befreebdms.qa.myprofile.LoginAndLogout" name="verifyLoginWithValidCredential" time="0.000">
    <skipped/>
  </testcase> <!-- verifyLoginWithValidCredential -->
  <testcase classname="com.befreebdms.qa.myprofile.LoginAndLogout" name="verifyLoginWithValidCredential" time="0.000">
    <skipped/>
  </testcase> <!-- verifyLoginWithValidCredential -->
  <testcase classname="com.befreebdms.qa.myprofile.LoginAndLogout" name="verifyLoginWithValidCredential" time="0.000">
    <skipped/>
  </testcase> <!-- verifyLoginWithValidCredential -->
  <testcase classname="com.befreebdms.qa.myprofile.LoginAndLogout" name="verifyLoginWithValidCredential" time="0.000">
    <skipped/>
  </testcase> <!-- verifyLoginWithValidCredential -->
  <testcase classname="com.befreebdms.qa.myprofile.LoginAndLogout" name="verifyLoginWithValidCredential" time="0.000">
    <skipped/>
  </testcase> <!-- verifyLoginWithValidCredential -->
  <testcase classname="com.befreebdms.qa.myprofile.LoginAndLogout" name="verifyLoginWithValidCredential" time="0.000">
    <skipped/>
  </testcase> <!-- verifyLoginWithValidCredential -->
  <testcase classname="com.befreebdms.qa.myprofile.LoginAndLogout" name="verifyLoginWithValidCredential" time="0.000">
    <skipped/>
  </testcase> <!-- verifyLoginWithValidCredential -->
  <testcase classname="com.befreebdms.qa.myprofile.LoginAndLogout" name="verifyLoginWithValidCredential" time="2.109"/>
  <testcase classname="com.befreebdms.qa.myprofile.LoginAndLogout" name="verifyLoginWithValidCredential" time="0.000">
    <skipped/>
  </testcase> <!-- verifyLoginWithValidCredential -->
  <testcase classname="com.befreebdms.qa.myprofile.LoginAndLogout" name="verifyLoginWithValidCredential" time="0.000">
    <skipped/>
  </testcase> <!-- verifyLoginWithValidCredential -->
  <testcase classname="com.befreebdms.qa.myprofile.LoginAndLogout" name="verifyLoginWithValidCredential" time="0.000">
    <skipped/>
  </testcase> <!-- verifyLoginWithValidCredential -->
  <testcase classname="com.befreebdms.qa.myprofile.LoginAndLogout" name="verifyLoginWithValidCredential" time="0.000">
    <skipped/>
  </testcase> <!-- verifyLoginWithValidCredential -->
  <testcase classname="com.befreebdms.qa.myprofile.LoginAndLogout" name="verifyLoginWithValidCredential" time="0.000">
    <skipped/>
  </testcase> <!-- verifyLoginWithValidCredential -->
  <testcase classname="com.befreebdms.qa.myprofile.LoginAndLogout" name="verifyLoginWithValidCredential" time="0.000">
    <skipped/>
  </testcase> <!-- verifyLoginWithValidCredential -->
  <testcase classname="com.befreebdms.qa.myprofile.LoginAndLogout" name="verifyLoginWithValidCredential" time="0.000">
    <skipped/>
  </testcase> <!-- verifyLoginWithValidCredential -->
  <testcase classname="com.befreebdms.qa.myprofile.LoginAndLogout" name="verifyLoginWithValidCredential" time="0.000">
    <skipped/>
  </testcase> <!-- verifyLoginWithValidCredential -->
  <testcase classname="com.befreebdms.qa.myprofile.LoginAndLogout" name="verifyLoginWithValidCredential" time="0.000">
    <skipped/>
  </testcase> <!-- verifyLoginWithValidCredential -->
  <testcase classname="com.befreebdms.qa.myprofile.LoginAndLogout" name="verifyLoginWithValidCredential" time="0.000">
    <skipped/>
  </testcase> <!-- verifyLoginWithValidCredential -->
  <testcase classname="com.befreebdms.qa.myprofile.LoginAndLogout" name="verifyLoginWithValidCredential" time="0.000">
    <skipped/>
  </testcase> <!-- verifyLoginWithValidCredential -->
  <testcase classname="com.befreebdms.qa.myprofile.LoginAndLogout" name="verifyLoginWithValidCredential" time="0.000">
    <skipped/>
  </testcase> <!-- verifyLoginWithValidCredential -->
  <testcase classname="com.befreebdms.qa.myprofile.LoginAndLogout" name="verifyLoginWithValidCredential" time="0.000">
    <skipped/>
  </testcase> <!-- verifyLoginWithValidCredential -->
  <testcase classname="com.befreebdms.qa.myprofile.LoginAndLogout" name="verifyLoginWithValidCredential" time="0.000">
    <skipped/>
  </testcase> <!-- verifyLoginWithValidCredential -->
  <testcase classname="com.befreebdms.qa.myprofile.LoginAndLogout" name="verifyLoginWithValidCredential" time="0.000">
    <skipped/>
  </testcase> <!-- verifyLoginWithValidCredential -->
  <testcase classname="com.befreebdms.qa.myprofile.LoginAndLogout" name="verifyLoginWithValidCredential" time="0.000">
    <skipped/>
  </testcase> <!-- verifyLoginWithValidCredential -->
  <testcase classname="com.befreebdms.qa.myprofile.LoginAndLogout" name="verifyLoginWithValidCredential" time="0.000">
    <skipped/>
  </testcase> <!-- verifyLoginWithValidCredential -->
  <testcase classname="com.befreebdms.qa.myprofile.LoginAndLogout" name="verifyLoginWithValidCredential" time="0.000">
    <skipped/>
  </testcase> <!-- verifyLoginWithValidCredential -->
  <testcase classname="com.befreebdms.qa.myprofile.LoginAndLogout" name="verifyLoginWithValidCredential" time="0.000">
    <skipped/>
  </testcase> <!-- verifyLoginWithValidCredential -->
  <testcase classname="com.befreebdms.qa.myprofile.LoginAndLogout" name="verifyLoginWithValidCredential" time="0.000">
    <skipped/>
  </testcase> <!-- verifyLoginWithValidCredential -->
  <testcase classname="com.befreebdms.qa.myprofile.LoginAndLogout" name="verifyLoginWithValidCredential" time="0.001">
    <skipped/>
  </testcase> <!-- verifyLoginWithValidCredential -->
  <testcase classname="com.befreebdms.qa.myprofile.LoginAndLogout" name="verifyLoginWithValidCredential" time="0.000">
    <skipped/>
  </testcase> <!-- verifyLoginWithValidCredential -->
  <testcase classname="com.befreebdms.qa.myprofile.LoginAndLogout" name="verifyLoginWithValidCredential" time="0.000">
    <skipped/>
  </testcase> <!-- verifyLoginWithValidCredential -->
  <testcase classname="com.befreebdms.qa.myprofile.LoginAndLogout" name="verifyLoginWithValidCredential" time="0.000">
    <skipped/>
  </testcase> <!-- verifyLoginWithValidCredential -->
  <testcase classname="com.befreebdms.qa.myprofile.LoginAndLogout" name="verifyLoginWithValidCredential" time="0.000">
    <skipped/>
  </testcase> <!-- verifyLoginWithValidCredential -->
  <testcase classname="com.befreebdms.qa.myprofile.LoginAndLogout" name="verifyLoginWithValidCredential" time="0.000">
    <skipped/>
  </testcase> <!-- verifyLoginWithValidCredential -->
  <testcase classname="com.befreebdms.qa.myprofile.LoginAndLogout" name="verifyLoginWithValidCredential" time="0.001">
    <skipped/>
  </testcase> <!-- verifyLoginWithValidCredential -->
  <testcase classname="com.befreebdms.qa.myprofile.LoginAndLogout" name="verifyLoginWithValidCredential" time="0.000">
    <skipped/>
  </testcase> <!-- verifyLoginWithValidCredential -->
  <testcase classname="com.befreebdms.qa.myprofile.LoginAndLogout" name="verifyLoginWithValidCredential" time="0.000">
    <skipped/>
  </testcase> <!-- verifyLoginWithValidCredential -->
[...]
  </testcase> <!-- verifyLoginWithValidCredential -->
  <testcase classname="com.befreebdms.qa.myprofile.LoginAndLogout" name="verifyLoginWithValidCredential" time="0.000">
    <skipped/>
  </testcase> <!-- verifyLoginWithValidCredential -->
  <testcase classname="com.befreebdms.qa.myprofile.LoginAndLogout" name="verifyLoginWithValidCredential" time="0.000">
    <skipped/>
  </testcase> <!-- verifyLoginWithValidCredential -->
  <testcase classname="com.befreebdms.qa.myprofile.LoginAndLogout" name="verifyLoginWithValidCredential" time="0.000">
    <skipped/>
  </testcase> <!-- verifyLoginWithValidCredential -->
  <testcase classname="com.befreebdms.qa.myprofile.LoginAndLogout" name="verifyLoginWithValidCredential" time="0.000">
    <skipped/>
  </testcase> <!-- verifyLoginWithValidCredential -->
  <testcase classname="com.befreebdms.qa.myprofile.LoginAndLogout" name="verifyLoginWithValidCredential" time="0.000">
    <skipped/>
  </testcase> <!-- verifyLoginWithValidCredential -->
  <testcase classname="com.befreebdms.qa.myprofile.LoginAndLogout" name="verifyLoginWithValidCredential" time="0.000">
    <skipped/>
  </testcase> <!-- verifyLoginWithValidCredential -->
  <testcase classname="com.befreebdms.qa.myprofile.LoginAndLogout" name="verifyLoginWithValidCredential" time="0.000">
    <skipped/>
  </testcase> <!-- verifyLoginWithValidCredential -->
  <testcase classname="com.befreebdms.qa.myprofile.LoginAndLogout" name="verifyLoginWithValidCredential" time="0.000">
    <skipped/>
  </testcase> <!-- verifyLoginWithValidCredential -->
  <testcase classname="com.befreebdms.qa.myprofile.LoginAndLogout" name="verifyLoginWithValidCredential" time="0.000">
    <skipped/>
  </testcase> <!-- verifyLoginWithValidCredential -->
  <testcase classname="com.befreebdms.qa.myprofile.LoginAndLogout" name="verifyLoginWithValidCredential" time="0.000">
    <skipped/>
  </testcase> <!-- verifyLoginWithValidCredential -->
  <testcase classname="com.befreebdms.qa.myprofile.LoginAndLogout" name="verifyLoginWithValidCredential" time="0.000">
    <skipped/>
  </testcase> <!-- verifyLoginWithValidCredential -->
  <testcase classname="com.befreebdms.qa.myprofile.LoginAndLogout" name="verifyLoginWithValidCredential" time="0.000">
    <skipped/>
  </testcase> <!-- verifyLoginWithValidCredential -->
  <testcase classname="com.befreebdms.qa.myprofile.LoginAndLogout" name="verifyLoginWithValidCredential" time="0.000">
    <skipped/>
  </testcase> <!-- verifyLoginWithValidCredential -->
  <testcase classname="com.befreebdms.qa.myprofile.LoginAndLogout" name="verifyLoginWithValidCredential" time="0.000">
    <skipped/>
  </testcase> <!-- verifyLoginWithValidCredential -->
  <testcase classname="com.befreebdms.qa.myprofile.LoginAndLogout" name="verifyLoginWithValidCredential" time="0.000">
    <skipped/>
  </testcase> <!-- verifyLoginWithValidCredential -->
  <testcase classname="com.befreebdms.qa.myprofile.LoginAndLogout" name="verifyLoginWithValidCredential" time="0.000">
    <skipped/>
  </testcase> <!-- verifyLoginWithValidCredential -->
  <testcase classname="com.befreebdms.qa.myprofile.LoginAndLogout" name="verifyLoginWithValidCredential" time="0.000">
    <skipped/>
  </testcase> <!-- verifyLoginWithValidCredential -->
  <testcase classname="com.befreebdms.qa.myprofile.LoginAndLogout" name="verifyLoginWithValidCredential" time="0.000">
    <skipped/>
  </testcase> <!-- verifyLoginWithValidCredential -->
  <testcase classname="com.befreebdms.qa.myprofile.LoginAndLogout" name="verifyLoginWithValidCredential" time="0.000">
    <skipped/>
  </testcase> <!-- verifyLoginWithValidCredential -->
  <testcase classname="com.befreebdms.qa.myprofile.LoginAndLogout" name="verifyLoginWithValidCredential" time="0.000">
    <skipped/>
  </testcase> <!-- verifyLoginWithValidCredential -->
  <testcase classname="com.befreebdms.qa.myprofile.LoginAndLogout" name="verifyLoginWithValidCredential" time="0.000">
    <skipped/>
  </testcase> <!-- verifyLoginWithValidCredential -->
  <testcase classname="com.befreebdms.qa.myprofile.LoginAndLogout" name="verifyLoginWithValidCredential" time="0.000">
    <skipped/>
  </testcase> <!-- verifyLoginWithValidCredential -->
  <testcase classname="com.befreebdms.qa.myprofile.LoginAndLogout" name="verifyLoginWithValidCredential" time="0.000">
    <skipped/>
  </testcase> <!-- verifyLoginWithValidCredential -->
  <testcase classname="com.befreebdms.qa.myprofile.LoginAndLogout" name="verifyLoginWithValidCredential" time="0.000">
    <skipped/>
  </testcase> <!-- verifyLoginWithValidCredential -->
  <testcase classname="com.befreebdms.qa.myprofile.LoginAndLogout" name="verifyLoginWithValidCredential" time="0.000">
    <skipped/>
  </testcase> <!-- verifyLoginWithValidCredential -->
  <testcase classname="com.befreebdms.qa.myprofile.LoginAndLogout" name="verifyLoginWithValidCredential" time="0.000">
    <skipped/>
  </testcase> <!-- verifyLoginWithValidCredential -->
  <testcase classname="com.befreebdms.qa.myprofile.LoginAndLogout" name="verifyLoginWithValidCredential" time="0.000">
    <skipped/>
  </testcase> <!-- verifyLoginWithValidCredential -->
  <testcase classname="com.befreebdms.qa.myprofile.LoginAndLogout" name="verifyLoginWithValidCredential" time="0.000">
    <skipped/>
  </testcase> <!-- verifyLoginWithValidCredential -->
  <testcase classname="com.befreebdms.qa.myprofile.LoginAndLogout" name="verifyLoginWithValidCredential" time="0.000">
    <skipped/>
  </testcase> <!-- verifyLoginWithValidCredential -->
  <testcase classname="com.befreebdms.qa.myprofile.LoginAndLogout" name="verifyLoginWithValidCredential" time="0.000">
    <skipped/>
  </testcase> <!-- verifyLoginWithValidCredential -->
  <testcase classname="com.befreebdms.qa.myprofile.LoginAndLogout" name="verifyLoginWithValidCredential" time="0.000">
    <skipped/>
  </testcase> <!-- verifyLoginWithValidCredential -->
  <testcase classname="com.befreebdms.qa.myprofile.LoginAndLogout" name="verifyLoginWithValidCredential" time="0.000">
    <skipped/>
  </testcase> <!-- verifyLoginWithValidCredential -->
  <testcase classname="com.befreebdms.qa.myprofile.LoginAndLogout" name="verifyLoginWithValidCredential" time="0.000">
    <skipped/>
  </testcase> <!-- verifyLoginWithValidCredential -->
  <testcase classname="com.befreebdms.qa.myprofile.LoginAndLogout" name="verifyLoginWithValidCredential" time="0.000">
    <skipped/>
  </testcase> <!-- verifyLoginWithValidCredential -->
  <testcase classname="com.befreebdms.qa.myprofile.LoginAndLogout" name="verifyLoginWithValidCredential" time="0.000">
    <skipped/>
  </testcase> <!-- verifyLoginWithValidCredential -->
  <testcase classname="com.befreebdms.qa.myprofile.LoginAndLogout" name="verifyLoginWithValidCredential" time="0.000">
    <skipped/>
  </testcase> <!-- verifyLoginWithValidCredential -->
  <testcase classname="com.befreebdms.qa.myprofile.LoginAndLogout" name="verifyLoginWithValidCredential" time="0.000">
    <skipped/>
  </testcase> <!-- verifyLoginWithValidCredential -->
  <testcase classname="com.befreebdms.qa.myprofile.LoginAndLogout" name="verifyLoginWithValidCredential" time="0.000">
    <skipped/>
  </testcase> <!-- verifyLoginWithValidCredential -->
  <testcase classname="com.befreebdms.qa.myprofile.LoginAndLogout" name="verifyLoginWithValidCredential" time="0.000">
    <skipped/>
  </testcase> <!-- verifyLoginWithValidCredential -->
  <testcase classname="com.befreebdms.qa.myprofile.LoginAndLogout" name="verifyLoginWithValidCredential" time="0.000">
    <skipped/>
  </testcase> <!-- verifyLoginWithValidCredential -->
  <testcase classname="com.befreebdms.qa.myprofile.LoginAndLogout" name="verifyLoginWithValidCredential" time="0.000">
    <skipped/>
  </testcase> <!-- verifyLoginWithValidCredential -->
  <testcase classname="com.befreebdms.qa.myprofile.LoginAndLogout" name="verifyLoginWithValidCredential" time="0.000">
    <skipped/>
  </testcase> <!-- verifyLoginWithValidCredential -->
  <testcase classname="com.befreebdms.qa.myprofile.LoginAndLogout" name="verifyLoginWithValidCredential" time="0.000">
    <skipped/>
  </testcase> <!-- verifyLoginWithValidCredential -->
  <testcase classname="com.befreebdms.qa.myprofile.LoginAndLogout" name="verifyLoginWithValidCredential" time="0.000">
    <skipped/>
  </testcase> <!-- verifyLoginWithValidCredential -->
  <testcase classname="com.befreebdms.qa.myprofile.LoginAndLogout" name="verifyLoginWithValidCredential" time="0.000">
    <skipped/>
  </testcase> <!-- verifyLoginWithValidCredential -->
  <testcase classname="com.befreebdms.qa.myprofile.LoginAndLogout" name="verifyLoginWithValidCredential" time="0.000">
    <skipped/>
  </testcase> <!-- verifyLoginWithValidCredential -->
  <testcase classname="com.befreebdms.qa.myprofile.LoginAndLogout" name="verifyLoginWithValidCredential" time="0.000">
    <skipped/>
  </testcase> <!-- verifyLoginWithValidCredential -->
  <testcase classname="com.befreebdms.qa.myprofile.LoginAndLogout" name="verifyLoginWithValidCredential" time="0.000">
    <skipped/>
  </testcase> <!-- verifyLoginWithValidCredential -->
  <testcase classname="com.befreebdms.qa.myprofile.LoginAndLogout" name="verifyLoginWithValidCredential" time="0.000">
    <skipped/>
  </testcase> <!-- verifyLoginWithValidCredential -->
  <testcase classname="com.befreebdms.qa.myprofile.LoginAndLogout" name="verifyLoginWithValidCredential" time="0.000">
    <skipped/>
  </testcase> <!-- verifyLoginWithValidCredential -->
  <testcase classname="com.befreebdms.qa.myprofile.LoginAndLogout" name="verifyLoginWithValidCredential" time="0.000">
    <skipped/>
  </testcase> <!-- verifyLoginWithValidCredential -->
  <testcase classname="com.befreebdms.qa.myprofile.LoginAndLogout" name="verifyLoginWithValidCredential" time="0.000">
    <skipped/>
  </testcase> <!-- verifyLoginWithValidCredential -->
  <testcase classname="com.befreebdms.qa.myprofile.LoginAndLogout" name="verifyLoginWithValidCredential" time="0.000">
    <skipped/>
  </testcase> <!-- verifyLoginWithValidCredential -->
  <testcase classname="com.befreebdms.qa.myprofile.LoginAndLogout" name="verifyLoginWithValidCredential" time="0.000">
    <skipped/>
  </testcase> <!-- verifyLoginWithValidCredential -->
  <testcase classname="com.befreebdms.qa.myprofile.LoginAndLogout" name="verifyLoginWithValidCredential" time="0.000">
    <skipped/>
  </testcase> <!-- verifyLoginWithValidCredential -->
  <testcase classname="com.befreebdms.qa.myprofile.LoginAndLogout" name="verifyLoginWithValidCredential" time="0.000">
    <skipped/>
  </testcase> <!-- verifyLoginWithValidCredential -->
  <testcase classname="com.befreebdms.qa.myprofile.LoginAndLogout" name="verifyLoginWithValidCredential" time="0.000">
    <skipped/>
  </testcase> <!-- verifyLoginWithValidCredential -->
  <testcase classname="com.befreebdms.qa.myprofile.LoginAndLogout" name="verifyLoginWithValidCredential" time="0.000">
    <skipped/>
  </testcase> <!-- verifyLoginWithValidCredential -->
  <testcase classname="com.befreebdms.qa.myprofile.LoginAndLogout" name="verifyLoginWithValidCredential" time="0.000">
    <skipped/>
  </testcase> <!-- verifyLoginWithValidCredential -->
  <testcase classname="com.befreebdms.qa.myprofile.LoginAndLogout" name="verifyLoginWithValidCredential" time="0.000">
    <skipped/>
  </testcase> <!-- verifyLoginWithValidCredential -->
  <testcase classname="com.befreebdms.qa.myprofile.LoginAndLogout" name="verifyLoginWithValidCredential" time="0.000">
    <skipped/>
  </testcase> <!-- verifyLoginWithValidCredential -->
  <testcase classname="com.befreebdms.qa.myprofile.LoginAndLogout" name="verifyLoginWithValidCredential" time="0.000">
    <skipped/>
  </testcase> <!-- verifyLoginWithValidCredential -->
  <testcase classname="com.befreebdms.qa.myprofile.LoginAndLogout" name="verifyLoginWithValidCredential" time="0.000">
    <skipped/>
  </testcase> <!-- verifyLoginWithValidCredential -->
  <testcase classname="com.befreebdms.qa.myprofile.LoginAndLogout" name="verifyLoginWithValidCredential" time="0.000">
    <skipped/>
  </testcase> <!-- verifyLoginWithValidCredential -->
  <testcase classname="com.befreebdms.qa.myprofile.LoginAndLogout" name="verifyLoginWithValidCredential" time="0.000">
    <skipped/>
  </testcase> <!-- verifyLoginWithValidCredential -->
  <testcase classname="com.befreebdms.qa.myprofile.LoginAndLogout" name="verifyLoginWithValidCredential" time="0.000">
    <skipped/>
  </testcase> <!-- verifyLoginWithValidCredential -->
  <testcase classname="com.befreebdms.qa.myprofile.LoginAndLogout" name="verifyLoginWithValidCredential" time="0.000">
    <skipped/>
  </testcase> <!-- verifyLoginWithValidCredential -->
  <testcase classname="com.befreebdms.qa.myprofile.LoginAndLogout" name="verifyLoginWithValidCredential" time="0.000">
    <skipped/>
  </testcase> <!-- verifyLoginWithValidCredential -->
  <testcase classname="com.befreebdms.qa.myprofile.LoginAndLogout" name="verifyLoginWithValidCredential" time="0.000">
    <skipped/>
  </testcase> <!-- verifyLoginWithValidCredential -->
  <testcase classname="com.befreebdms.qa.myprofile.LoginAndLogout" name="verifyLoginWithValidCredential" time="0.000">
    <skipped/>
  </testcase> <!-- verifyLoginWithValidCredential -->
  <testcase classname="com.befreebdms.qa.myprofile.LoginAndLogout" name="verifyLoginWithValidCredential" time="0.000">
    <skipped/>
  </testcase> <!-- verifyLoginWithValidCredential -->
  <testcase classname="com.befreebdms.qa.myprofile.LoginAndLogout" name="verifyLoginWithValidCredential" time="0.000">
    <skipped/>
  </testcase> <!-- verifyLoginWithValidCredential -->
  <testcase classname="com.befreebdms.qa.myprofile.LoginAndLogout" name="verifyLoginWithValidCredential" time="0.000">
    <skipped/>
  </testcase> <!-- verifyLoginWithValidCredential -->
  <testcase classname="com.befreebdms.qa.myprofile.LoginAndLogout" name="verifyLoginWithValidCredential" time="0.000">
    <skipped/>
  </testcase> <!-- verifyLoginWithValidCredential -->
  <testcase classname="com.befreebdms.qa.myprofile.LoginAndLogout" name="verifyLoginWithValidCredential" time="0.000">
    <skipped/>
  </testcase> <!-- verifyLoginWithValidCredential -->
  <testcase classname="com.befreebdms.qa.myprofile.LoginAndLogout" name="verifyLoginWithValidCredential" time="0.000">
    <skipped/>
  </testcase> <!-- verifyLoginWithValidCredential -->
  <testcase classname="com.befreebdms.qa.myprofile.LoginAndLogout" name="verifyLoginWithValidCredential" time="0.000">
    <skipped/>
  </testcase> <!-- verifyLoginWithValidCredential -->
  <testcase classname="com.befreebdms.qa.myprofile.LoginAndLogout" name="verifyLoginWithValidCredential" time="0.000">
    <skipped/>
  </testcase> <!-- verifyLoginWithValidCredential -->
  <testcase classname="com.befreebdms.qa.myprofile.LoginAndLogout" name="verifyLoginWithValidCredential" time="0.000">
    <skipped/>
  </testcase> <!-- verifyLoginWithValidCredential -->
  <testcase classname="com.befreebdms.qa.myprofile.LoginAndLogout" name="verifyLoginWithValidCredential" time="0.000">
    <skipped/>
  </testcase> <!-- verifyLoginWithValidCredential -->
  <testcase classname="com.befreebdms.qa.myprofile.LoginAndLogout" name="verifyLoginWithValidCredential" time="0.000">
    <skipped/>
  </testcase> <!-- verifyLoginWithValidCredential -->
  <testcase classname="com.befreebdms.qa.myprofile.LoginAndLogout" name="verifyLoginWithValidCredential" time="0.000">
    <skipped/>
  </testcase> <!-- verifyLoginWithValidCredential -->
  <testcase classname="com.befreebdms.qa.myprofile.LoginAndLogout" name="verifyLoginWithValidCredential" time="0.000">
    <skipped/>
  </testcase> <!-- verifyLoginWithValidCredential -->
  <testcase classname="com.befreebdms.qa.myprofile.LoginAndLogout" name="verifyLoginWithValidCredential" time="0.000">
    <skipped/>
  </testcase> <!-- verifyLoginWithValidCredential -->
  <testcase classname="com.befreebdms.qa.myprofile.LoginAndLogout" name="verifyLoginWithValidCredential" time="0.000">
    <skipped/>
  </testcase> <!-- verifyLoginWithValidCredential -->
  <testcase classname="com.befreebdms.qa.myprofile.LoginAndLogout" name="verifyLoginWithValidCredential" time="0.000">
    <skipped/>
  </testcase> <!-- verifyLoginWithValidCredential -->
  <testcase classname="com.befreebdms.qa.myprofile.LoginAndLogout" name="verifyLoginWithValidCredential" time="0.000">
    <skipped/>
  </testcase> <!-- verifyLoginWithValidCredential -->
  <testcase classname="com.befreebdms.qa.myprofile.LoginAndLogout" name="verifyLoginWithValidCredential" time="0.000">
    <skipped/>
  </testcase> <!-- verifyLoginWithValidCredential -->
  <testcase classname="com.befreebdms.qa.myprofile.LoginAndLogout" name="verifyLoginWithValidCredential" time="0.000">
    <skipped/>
  </testcase> <!-- verifyLoginWithValidCredential -->
  <testcase classname="com.befreebdms.qa.myprofile.LoginAndLogout" name="verifyLoginWithValidCredential" time="0.000">
    <skipped/>
  </testcase> <!-- verifyLoginWithValidCredential -->
  <testcase classname="com.befreebdms.qa.myprofile.LoginAndLogout" name="verifyLoginWithValidCredential" time="0.000">
    <skipped/>
  </testcase> <!-- verifyLoginWithValidCredential -->
  <testcase classname="com.befreebdms.qa.myprofile.LoginAndLogout" name="verifyLoginWithValidCredential" time="0.000">
    <skipped/>
  </testcase> <!-- verifyLoginWithValidCredential -->
  <testcase classname="com.befreebdms.qa.myprofile.LoginAndLogout" name="verifyLoginWithValidCredential" time="0.000">
    <skipped/>
  </testcase> <!-- verifyLoginWithValidCredential -->
  <testcase classname="com.befreebdms.qa.myprofile.LoginAndLogout" name="verifyLoginWithValidCredential" time="0.005">
    <skipped/>
  </testcase> <!-- verifyLoginWithValidCredential -->
  <testcase classname="com.befreebdms.qa.myprofile.LoginAndLogout" name="verifyLoginWithValidCredential" time="0.000">
    <skipped/>
  </testcase> <!-- verifyLoginWithValidCredential -->
  <testcase classname="com.befreebdms.qa.myprofile.LoginAndLogout" name="verifyLoginWithValidCredential" time="0.000">
    <skipped/>
  </testcase> <!-- verifyLoginWithValidCredential -->
  <testcase classname="com.befreebdms.qa.myprofile.LoginAndLogout" name="verifyLoginWithValidCredential" time="0.000">
    <skipped/>
  </testcase> <!-- verifyLoginWithValidCredential -->
  <testcase classname="com.befreebdms.qa.myprofile.LoginAndLogout" name="verifyLoginWithValidCredential" time="0.000">
    <skipped/>
  </testcase> <!-- verifyLoginWithValidCredential -->
  <testcase classname="com.befreebdms.qa.myprofile.LoginAndLogout" name="verifyLoginWithValidCredential" time="0.000">
    <skipped/>
  </testcase> <!-- verifyLoginWithValidCredential -->
  <testcase classname="com.befreebdms.qa.myprofile.LoginAndLogout" name="verifyLoginWithValidCredential" time="0.000">
    <skipped/>
  </testcase> <!-- verifyLoginWithValidCredential -->
  <testcase classname="com.befreebdms.qa.myprofile.LoginAndLogout" name="verifyLoginWithValidCredential" time="0.000">
    <skipped/>
  </testcase> <!-- verifyLoginWithValidCredential -->
  <testcase classname="com.befreebdms.qa.myprofile.LoginAndLogout" name="verifyLoginWithValidCredential" time="0.000">
    <skipped/>
  </testcase> <!-- verifyLoginWithValidCredential -->
  <testcase classname="com.befreebdms.qa.myprofile.LoginAndLogout" name="verifyLoginWithValidCredential" time="0.000">
    <skipped/>
  </testcase> <!-- verifyLoginWithValidCredential -->
  <testcase classname="com.befreebdms.qa.myprofile.LoginAndLogout" name="verifyLoginWithValidCredential" time="0.000">
    <skipped/>
  </testcase> <!-- verifyLoginWithValidCredential -->
</testsuite> <!-- com.befreebdms.qa.myprofile.LoginAndLogout -->
